<?xml version="1.0" encoding="UTF-8"?>
<testsuites>
  <testsuite name="EaseCentral" timestamp="2018-08-10T13:02:29" time="63.002" tests="0" failures="0" errors="0" skipped="0">
    <properties>
      <property name="specId" value="a8837d1befc8787b212ec837b9e83a8e"/>
      <property name="suiteName" value="EaseCentral"/>
      <property name="capabilities" value="safari.mac"/>
      <property name="file" value="./test/specs/home.test.spec.js"/>
    </properties>
  </testsuite>
  <testsuite name="Home" timestamp="2018-08-10T13:02:29" time="63.001" tests="4" failures="0" errors="0" skipped="0">
    <properties>
      <property name="specId" value="a8837d1befc8787b212ec837b9e83a8e"/>
      <property name="suiteName" value="Home"/>
      <property name="capabilities" value="safari.mac"/>
      <property name="file" value="./test/specs/home.test.spec.js"/>
    </properties>
    <testcase classname="safari.mac.Home" name="test_that_the_page_is_accessible_and_opens_in_browser" time="3.804">
      <system-out>
        <![CDATA[
COMMAND: POST http://127.0.0.1:4444/wd/hub/session/100D1C43-4B27-4892-93F9-E3817B8F1E8E/url - {"url":"https://www.easecentral.com/"}
RESULT: {"status":0,"sessionId":"100D1C43-4B27-4892-93F9-E3817B8F1E8E","value":{}}
RESULT: {"status":0,"sessionId":"100D1C43-4B27-4892-93F9-E3817B8F1E8E","value":{}}
]]>
      </system-out>
    </testcase>
    <testcase classname="safari.mac.Home" name="test_that_all_page_links_are_functional" time="38.595">
      <system-out>
        <![CDATA[
COMMAND: POST http://127.0.0.1:4444/wd/hub/session/100D1C43-4B27-4892-93F9-E3817B8F1E8E/element - {"using":"xpath","value":"//*[@id=\"header\"]/div/div/div/div/div[1]/div/a[1]"}
RESULT: {"status":0,"sessionId":"100D1C43-4B27-4892-93F9-E3817B8F1E8E","value":{"ELEMENT":"node-947602A7-720D-4AA8-980B-33AACADE8651"}}
COMMAND: GET http://127.0.0.1:4444/wd/hub/session/100D1C43-4B27-4892-93F9-E3817B8F1E8E/element/node-947602A7-720D-4AA8-980B-33AACADE8651/text - {}
RESULT: {"status":0,"sessionId":"100D1C43-4B27-4892-93F9-E3817B8F1E8E","value":"Features"}
COMMAND: POST http://127.0.0.1:4444/wd/hub/session/100D1C43-4B27-4892-93F9-E3817B8F1E8E/element - {"using":"xpath","value":"//*[@id=\"header\"]/div/div/div/div/div[1]/div/a[1]"}
RESULT: {"status":0,"sessionId":"100D1C43-4B27-4892-93F9-E3817B8F1E8E","value":{"ELEMENT":"node-947602A7-720D-4AA8-980B-33AACADE8651"}}
COMMAND: GET http://127.0.0.1:4444/wd/hub/session/100D1C43-4B27-4892-93F9-E3817B8F1E8E/element/node-947602A7-720D-4AA8-980B-33AACADE8651/attribute/href - {}
RESULT: {"status":0,"sessionId":"100D1C43-4B27-4892-93F9-E3817B8F1E8E","value":"https://www.easecentral.com/features/"}
COMMAND: POST http://127.0.0.1:4444/wd/hub/session/100D1C43-4B27-4892-93F9-E3817B8F1E8E/element - {"using":"xpath","value":"//*[@id=\"header\"]/div/div/div/div/div[1]/div/a[1]"}
RESULT: {"status":0,"sessionId":"100D1C43-4B27-4892-93F9-E3817B8F1E8E","value":{"ELEMENT":"node-947602A7-720D-4AA8-980B-33AACADE8651"}}
COMMAND: POST http://127.0.0.1:4444/wd/hub/session/100D1C43-4B27-4892-93F9-E3817B8F1E8E/element/node-947602A7-720D-4AA8-980B-33AACADE8651/click - {}
RESULT: {"status":0,"sessionId":"100D1C43-4B27-4892-93F9-E3817B8F1E8E","value":{}}
COMMAND: POST http://127.0.0.1:4444/wd/hub/session/100D1C43-4B27-4892-93F9-E3817B8F1E8E/url - {"url":"https://www.easecentral.com/"}
RESULT: {"status":0,"sessionId":"100D1C43-4B27-4892-93F9-E3817B8F1E8E","value":{}}
COMMAND: POST http://127.0.0.1:4444/wd/hub/session/100D1C43-4B27-4892-93F9-E3817B8F1E8E/element - {"using":"xpath","value":"//*[@id=\"header\"]/div/div/div/div/div[1]/div/a[2]"}
RESULT: {"status":0,"sessionId":"100D1C43-4B27-4892-93F9-E3817B8F1E8E","value":{"ELEMENT":"node-F71C4D2F-3EF2-4989-AC3D-AFDEF94C5673"}}
COMMAND: GET http://127.0.0.1:4444/wd/hub/session/100D1C43-4B27-4892-93F9-E3817B8F1E8E/element/node-F71C4D2F-3EF2-4989-AC3D-AFDEF94C5673/text - {}
RESULT: {"status":0,"sessionId":"100D1C43-4B27-4892-93F9-E3817B8F1E8E","value":"Pricing"}
COMMAND: POST http://127.0.0.1:4444/wd/hub/session/100D1C43-4B27-4892-93F9-E3817B8F1E8E/element - {"using":"xpath","value":"//*[@id=\"header\"]/div/div/div/div/div[1]/div/a[2]"}
RESULT: {"status":0,"sessionId":"100D1C43-4B27-4892-93F9-E3817B8F1E8E","value":{"ELEMENT":"node-F71C4D2F-3EF2-4989-AC3D-AFDEF94C5673"}}
COMMAND: GET http://127.0.0.1:4444/wd/hub/session/100D1C43-4B27-4892-93F9-E3817B8F1E8E/element/node-F71C4D2F-3EF2-4989-AC3D-AFDEF94C5673/attribute/href - {}
RESULT: {"status":0,"sessionId":"100D1C43-4B27-4892-93F9-E3817B8F1E8E","value":"https://www.easecentral.com/pricing/"}
COMMAND: POST http://127.0.0.1:4444/wd/hub/session/100D1C43-4B27-4892-93F9-E3817B8F1E8E/element - {"using":"xpath","value":"//*[@id=\"header\"]/div/div/div/div/div[1]/div/a[2]"}
RESULT: {"status":0,"sessionId":"100D1C43-4B27-4892-93F9-E3817B8F1E8E","value":{"ELEMENT":"node-F71C4D2F-3EF2-4989-AC3D-AFDEF94C5673"}}
COMMAND: POST http://127.0.0.1:4444/wd/hub/session/100D1C43-4B27-4892-93F9-E3817B8F1E8E/element/node-F71C4D2F-3EF2-4989-AC3D-AFDEF94C5673/click - {}
RESULT: {"status":0,"sessionId":"100D1C43-4B27-4892-93F9-E3817B8F1E8E","value":{}}
COMMAND: POST http://127.0.0.1:4444/wd/hub/session/100D1C43-4B27-4892-93F9-E3817B8F1E8E/url - {"url":"https://www.easecentral.com/"}
RESULT: {"status":0,"sessionId":"100D1C43-4B27-4892-93F9-E3817B8F1E8E","value":{}}
COMMAND: POST http://127.0.0.1:4444/wd/hub/session/100D1C43-4B27-4892-93F9-E3817B8F1E8E/element - {"using":"xpath","value":"//*[@id=\"header\"]/div/div/div/div/div[1]/div/a[3]"}
RESULT: {"status":0,"sessionId":"100D1C43-4B27-4892-93F9-E3817B8F1E8E","value":{"ELEMENT":"node-DD5BEB79-5028-4F1C-AF5B-BFCDD09C967B"}}
COMMAND: GET http://127.0.0.1:4444/wd/hub/session/100D1C43-4B27-4892-93F9-E3817B8F1E8E/element/node-DD5BEB79-5028-4F1C-AF5B-BFCDD09C967B/text - {}
RESULT: {"status":0,"sessionId":"100D1C43-4B27-4892-93F9-E3817B8F1E8E","value":"Marketplace"}
COMMAND: POST http://127.0.0.1:4444/wd/hub/session/100D1C43-4B27-4892-93F9-E3817B8F1E8E/element - {"using":"xpath","value":"//*[@id=\"header\"]/div/div/div/div/div[1]/div/a[3]"}
RESULT: {"status":0,"sessionId":"100D1C43-4B27-4892-93F9-E3817B8F1E8E","value":{"ELEMENT":"node-DD5BEB79-5028-4F1C-AF5B-BFCDD09C967B"}}
COMMAND: GET http://127.0.0.1:4444/wd/hub/session/100D1C43-4B27-4892-93F9-E3817B8F1E8E/element/node-DD5BEB79-5028-4F1C-AF5B-BFCDD09C967B/attribute/href - {}
RESULT: {"status":0,"sessionId":"100D1C43-4B27-4892-93F9-E3817B8F1E8E","value":"https://www.easecentral.com/marketplace/"}
COMMAND: POST http://127.0.0.1:4444/wd/hub/session/100D1C43-4B27-4892-93F9-E3817B8F1E8E/element - {"using":"xpath","value":"//*[@id=\"header\"]/div/div/div/div/div[1]/div/a[3]"}
RESULT: {"status":0,"sessionId":"100D1C43-4B27-4892-93F9-E3817B8F1E8E","value":{"ELEMENT":"node-DD5BEB79-5028-4F1C-AF5B-BFCDD09C967B"}}
COMMAND: POST http://127.0.0.1:4444/wd/hub/session/100D1C43-4B27-4892-93F9-E3817B8F1E8E/element/node-DD5BEB79-5028-4F1C-AF5B-BFCDD09C967B/click - {}
RESULT: {"status":0,"sessionId":"100D1C43-4B27-4892-93F9-E3817B8F1E8E","value":{}}
COMMAND: POST http://127.0.0.1:4444/wd/hub/session/100D1C43-4B27-4892-93F9-E3817B8F1E8E/url - {"url":"https://www.easecentral.com/"}
RESULT: {"status":0,"sessionId":"100D1C43-4B27-4892-93F9-E3817B8F1E8E","value":{}}
COMMAND: POST http://127.0.0.1:4444/wd/hub/session/100D1C43-4B27-4892-93F9-E3817B8F1E8E/element - {"using":"xpath","value":"//*[@id=\"header\"]/div/div/div/div/div[1]/div/a[4]"}
RESULT: {"status":0,"sessionId":"100D1C43-4B27-4892-93F9-E3817B8F1E8E","value":{"ELEMENT":"node-0D0C9CD3-FDBE-4987-99E2-897202560C88"}}
COMMAND: GET http://127.0.0.1:4444/wd/hub/session/100D1C43-4B27-4892-93F9-E3817B8F1E8E/element/node-0D0C9CD3-FDBE-4987-99E2-897202560C88/text - {}
RESULT: {"status":0,"sessionId":"100D1C43-4B27-4892-93F9-E3817B8F1E8E","value":"Employers"}
COMMAND: POST http://127.0.0.1:4444/wd/hub/session/100D1C43-4B27-4892-93F9-E3817B8F1E8E/element - {"using":"xpath","value":"//*[@id=\"header\"]/div/div/div/div/div[1]/div/a[4]"}
RESULT: {"status":0,"sessionId":"100D1C43-4B27-4892-93F9-E3817B8F1E8E","value":{"ELEMENT":"node-0D0C9CD3-FDBE-4987-99E2-897202560C88"}}
COMMAND: GET http://127.0.0.1:4444/wd/hub/session/100D1C43-4B27-4892-93F9-E3817B8F1E8E/element/node-0D0C9CD3-FDBE-4987-99E2-897202560C88/attribute/href - {}
RESULT: {"status":0,"sessionId":"100D1C43-4B27-4892-93F9-E3817B8F1E8E","value":"https://www.easecentral.com/employers/"}
COMMAND: POST http://127.0.0.1:4444/wd/hub/session/100D1C43-4B27-4892-93F9-E3817B8F1E8E/element - {"using":"xpath","value":"//*[@id=\"header\"]/div/div/div/div/div[1]/div/a[4]"}
RESULT: {"status":0,"sessionId":"100D1C43-4B27-4892-93F9-E3817B8F1E8E","value":{"ELEMENT":"node-0D0C9CD3-FDBE-4987-99E2-897202560C88"}}
COMMAND: POST http://127.0.0.1:4444/wd/hub/session/100D1C43-4B27-4892-93F9-E3817B8F1E8E/element/node-0D0C9CD3-FDBE-4987-99E2-897202560C88/click - {}
RESULT: {"status":0,"sessionId":"100D1C43-4B27-4892-93F9-E3817B8F1E8E","value":{}}
COMMAND: POST http://127.0.0.1:4444/wd/hub/session/100D1C43-4B27-4892-93F9-E3817B8F1E8E/url - {"url":"https://www.easecentral.com/"}
RESULT: {"status":0,"sessionId":"100D1C43-4B27-4892-93F9-E3817B8F1E8E","value":{}}
COMMAND: POST http://127.0.0.1:4444/wd/hub/session/100D1C43-4B27-4892-93F9-E3817B8F1E8E/element - {"using":"xpath","value":"//a[contains(@href, \"/security/\")]"}
RESULT: {"status":0,"sessionId":"100D1C43-4B27-4892-93F9-E3817B8F1E8E","value":{"ELEMENT":"node-0D9BBECA-87E9-4CB5-9F14-CE3B726499F6"}}
COMMAND: GET http://127.0.0.1:4444/wd/hub/session/100D1C43-4B27-4892-93F9-E3817B8F1E8E/element/node-0D9BBECA-87E9-4CB5-9F14-CE3B726499F6/text - {}
RESULT: {"status":0,"sessionId":"100D1C43-4B27-4892-93F9-E3817B8F1E8E","value":"Security"}
COMMAND: POST http://127.0.0.1:4444/wd/hub/session/100D1C43-4B27-4892-93F9-E3817B8F1E8E/element - {"using":"xpath","value":"//a[contains(@href, \"/security/\")]"}
RESULT: {"status":0,"sessionId":"100D1C43-4B27-4892-93F9-E3817B8F1E8E","value":{"ELEMENT":"node-0D9BBECA-87E9-4CB5-9F14-CE3B726499F6"}}
COMMAND: GET http://127.0.0.1:4444/wd/hub/session/100D1C43-4B27-4892-93F9-E3817B8F1E8E/element/node-0D9BBECA-87E9-4CB5-9F14-CE3B726499F6/attribute/href - {}
RESULT: {"status":0,"sessionId":"100D1C43-4B27-4892-93F9-E3817B8F1E8E","value":"https://www.easecentral.com/security/"}
COMMAND: POST http://127.0.0.1:4444/wd/hub/session/100D1C43-4B27-4892-93F9-E3817B8F1E8E/element - {"using":"xpath","value":"//a[contains(@href, \"/security/\")]"}
RESULT: {"status":0,"sessionId":"100D1C43-4B27-4892-93F9-E3817B8F1E8E","value":{"ELEMENT":"node-0D9BBECA-87E9-4CB5-9F14-CE3B726499F6"}}
COMMAND: POST http://127.0.0.1:4444/wd/hub/session/100D1C43-4B27-4892-93F9-E3817B8F1E8E/element/node-0D9BBECA-87E9-4CB5-9F14-CE3B726499F6/click - {}
RESULT: {"status":0,"sessionId":"100D1C43-4B27-4892-93F9-E3817B8F1E8E","value":{}}
COMMAND: POST http://127.0.0.1:4444/wd/hub/session/100D1C43-4B27-4892-93F9-E3817B8F1E8E/url - {"url":"https://www.easecentral.com/"}
RESULT: {"status":0,"sessionId":"100D1C43-4B27-4892-93F9-E3817B8F1E8E","value":{}}
COMMAND: POST http://127.0.0.1:4444/wd/hub/session/100D1C43-4B27-4892-93F9-E3817B8F1E8E/element - {"using":"xpath","value":"//a[contains(text(),\"Careers\")]"}
RESULT: {"status":0,"sessionId":"100D1C43-4B27-4892-93F9-E3817B8F1E8E","value":{"ELEMENT":"node-61DC070A-7910-48AC-AD88-1F751801A245"}}
COMMAND: GET http://127.0.0.1:4444/wd/hub/session/100D1C43-4B27-4892-93F9-E3817B8F1E8E/element/node-61DC070A-7910-48AC-AD88-1F751801A245/text - {}
RESULT: {"status":0,"sessionId":"100D1C43-4B27-4892-93F9-E3817B8F1E8E","value":"Careers"}
COMMAND: POST http://127.0.0.1:4444/wd/hub/session/100D1C43-4B27-4892-93F9-E3817B8F1E8E/element - {"using":"xpath","value":"//a[contains(text(),\"Careers\")]"}
RESULT: {"status":0,"sessionId":"100D1C43-4B27-4892-93F9-E3817B8F1E8E","value":{"ELEMENT":"node-61DC070A-7910-48AC-AD88-1F751801A245"}}
COMMAND: GET http://127.0.0.1:4444/wd/hub/session/100D1C43-4B27-4892-93F9-E3817B8F1E8E/element/node-61DC070A-7910-48AC-AD88-1F751801A245/attribute/href - {}
RESULT: {"status":0,"sessionId":"100D1C43-4B27-4892-93F9-E3817B8F1E8E","value":"https://www.easecentral.com/careers"}
COMMAND: POST http://127.0.0.1:4444/wd/hub/session/100D1C43-4B27-4892-93F9-E3817B8F1E8E/element - {"using":"xpath","value":"//a[contains(text(),\"Careers\")]"}
RESULT: {"status":0,"sessionId":"100D1C43-4B27-4892-93F9-E3817B8F1E8E","value":{"ELEMENT":"node-61DC070A-7910-48AC-AD88-1F751801A245"}}
COMMAND: POST http://127.0.0.1:4444/wd/hub/session/100D1C43-4B27-4892-93F9-E3817B8F1E8E/element/node-61DC070A-7910-48AC-AD88-1F751801A245/click - {}
RESULT: {"status":0,"sessionId":"100D1C43-4B27-4892-93F9-E3817B8F1E8E","value":{}}
COMMAND: POST http://127.0.0.1:4444/wd/hub/session/100D1C43-4B27-4892-93F9-E3817B8F1E8E/url - {"url":"https://www.easecentral.com/"}
RESULT: {"status":0,"sessionId":"100D1C43-4B27-4892-93F9-E3817B8F1E8E","value":{}}
COMMAND: POST http://127.0.0.1:4444/wd/hub/session/100D1C43-4B27-4892-93F9-E3817B8F1E8E/element - {"using":"xpath","value":"//a[contains(text(),\"Privacy Policy\")]"}
RESULT: {"status":0,"sessionId":"100D1C43-4B27-4892-93F9-E3817B8F1E8E","value":{"ELEMENT":"node-08B31238-F6EE-45C9-B7D9-F164AB99A6FE"}}
COMMAND: GET http://127.0.0.1:4444/wd/hub/session/100D1C43-4B27-4892-93F9-E3817B8F1E8E/element/node-08B31238-F6EE-45C9-B7D9-F164AB99A6FE/text - {}
RESULT: {"status":0,"sessionId":"100D1C43-4B27-4892-93F9-E3817B8F1E8E","value":"Privacy Policy"}
COMMAND: POST http://127.0.0.1:4444/wd/hub/session/100D1C43-4B27-4892-93F9-E3817B8F1E8E/element - {"using":"xpath","value":"//a[contains(text(),\"Privacy Policy\")]"}
RESULT: {"status":0,"sessionId":"100D1C43-4B27-4892-93F9-E3817B8F1E8E","value":{"ELEMENT":"node-08B31238-F6EE-45C9-B7D9-F164AB99A6FE"}}
COMMAND: GET http://127.0.0.1:4444/wd/hub/session/100D1C43-4B27-4892-93F9-E3817B8F1E8E/element/node-08B31238-F6EE-45C9-B7D9-F164AB99A6FE/attribute/href - {}
RESULT: {"status":0,"sessionId":"100D1C43-4B27-4892-93F9-E3817B8F1E8E","value":"https://www.easecentral.com/privacy/"}
COMMAND: POST http://127.0.0.1:4444/wd/hub/session/100D1C43-4B27-4892-93F9-E3817B8F1E8E/element - {"using":"xpath","value":"//a[contains(text(),\"Privacy Policy\")]"}
RESULT: {"status":0,"sessionId":"100D1C43-4B27-4892-93F9-E3817B8F1E8E","value":{"ELEMENT":"node-08B31238-F6EE-45C9-B7D9-F164AB99A6FE"}}
COMMAND: POST http://127.0.0.1:4444/wd/hub/session/100D1C43-4B27-4892-93F9-E3817B8F1E8E/element/node-08B31238-F6EE-45C9-B7D9-F164AB99A6FE/click - {}
RESULT: {"status":0,"sessionId":"100D1C43-4B27-4892-93F9-E3817B8F1E8E","value":{}}
COMMAND: POST http://127.0.0.1:4444/wd/hub/session/100D1C43-4B27-4892-93F9-E3817B8F1E8E/url - {"url":"https://www.easecentral.com/"}
RESULT: {"status":0,"sessionId":"100D1C43-4B27-4892-93F9-E3817B8F1E8E","value":{}}
COMMAND: POST http://127.0.0.1:4444/wd/hub/session/100D1C43-4B27-4892-93F9-E3817B8F1E8E/element - {"using":"xpath","value":"//a[contains(text(),\"Terms of Service\")]"}
RESULT: {"status":0,"sessionId":"100D1C43-4B27-4892-93F9-E3817B8F1E8E","value":{"ELEMENT":"node-F74D91D2-0934-4737-BFCC-9CE47E07C601"}}
COMMAND: GET http://127.0.0.1:4444/wd/hub/session/100D1C43-4B27-4892-93F9-E3817B8F1E8E/element/node-F74D91D2-0934-4737-BFCC-9CE47E07C601/text - {}
RESULT: {"status":0,"sessionId":"100D1C43-4B27-4892-93F9-E3817B8F1E8E","value":"Terms of Service"}
COMMAND: POST http://127.0.0.1:4444/wd/hub/session/100D1C43-4B27-4892-93F9-E3817B8F1E8E/element - {"using":"xpath","value":"//a[contains(text(),\"Terms of Service\")]"}
RESULT: {"status":0,"sessionId":"100D1C43-4B27-4892-93F9-E3817B8F1E8E","value":{"ELEMENT":"node-F74D91D2-0934-4737-BFCC-9CE47E07C601"}}
COMMAND: GET http://127.0.0.1:4444/wd/hub/session/100D1C43-4B27-4892-93F9-E3817B8F1E8E/element/node-F74D91D2-0934-4737-BFCC-9CE47E07C601/attribute/href - {}
RESULT: {"status":0,"sessionId":"100D1C43-4B27-4892-93F9-E3817B8F1E8E","value":"https://www.easecentral.com/terms/"}
COMMAND: POST http://127.0.0.1:4444/wd/hub/session/100D1C43-4B27-4892-93F9-E3817B8F1E8E/element - {"using":"xpath","value":"//a[contains(text(),\"Terms of Service\")]"}
RESULT: {"status":0,"sessionId":"100D1C43-4B27-4892-93F9-E3817B8F1E8E","value":{"ELEMENT":"node-F74D91D2-0934-4737-BFCC-9CE47E07C601"}}
COMMAND: POST http://127.0.0.1:4444/wd/hub/session/100D1C43-4B27-4892-93F9-E3817B8F1E8E/element/node-F74D91D2-0934-4737-BFCC-9CE47E07C601/click - {}
RESULT: {"status":0,"sessionId":"100D1C43-4B27-4892-93F9-E3817B8F1E8E","value":{}}
COMMAND: POST http://127.0.0.1:4444/wd/hub/session/100D1C43-4B27-4892-93F9-E3817B8F1E8E/url - {"url":"https://www.easecentral.com/"}
RESULT: {"status":0,"sessionId":"100D1C43-4B27-4892-93F9-E3817B8F1E8E","value":{}}
COMMAND: POST http://127.0.0.1:4444/wd/hub/session/100D1C43-4B27-4892-93F9-E3817B8F1E8E/element - {"using":"xpath","value":"//a[contains(text(),\"Broker Blog\")]"}
RESULT: {"status":0,"sessionId":"100D1C43-4B27-4892-93F9-E3817B8F1E8E","value":{"ELEMENT":"node-5EB06123-C3FC-4569-9C14-B559A394F287"}}
COMMAND: GET http://127.0.0.1:4444/wd/hub/session/100D1C43-4B27-4892-93F9-E3817B8F1E8E/element/node-5EB06123-C3FC-4569-9C14-B559A394F287/text - {}
RESULT: {"status":0,"sessionId":"100D1C43-4B27-4892-93F9-E3817B8F1E8E","value":"Broker Blog"}
COMMAND: POST http://127.0.0.1:4444/wd/hub/session/100D1C43-4B27-4892-93F9-E3817B8F1E8E/element - {"using":"xpath","value":"//a[contains(text(),\"Broker Blog\")]"}
RESULT: {"status":0,"sessionId":"100D1C43-4B27-4892-93F9-E3817B8F1E8E","value":{"ELEMENT":"node-5EB06123-C3FC-4569-9C14-B559A394F287"}}
COMMAND: GET http://127.0.0.1:4444/wd/hub/session/100D1C43-4B27-4892-93F9-E3817B8F1E8E/element/node-5EB06123-C3FC-4569-9C14-B559A394F287/attribute/href - {}
RESULT: {"status":0,"sessionId":"100D1C43-4B27-4892-93F9-E3817B8F1E8E","value":"http://blog.easecentral.com/category/broker-tool-belt/"}
COMMAND: POST http://127.0.0.1:4444/wd/hub/session/100D1C43-4B27-4892-93F9-E3817B8F1E8E/element - {"using":"xpath","value":"//a[contains(text(),\"Broker Blog\")]"}
RESULT: {"status":0,"sessionId":"100D1C43-4B27-4892-93F9-E3817B8F1E8E","value":{"ELEMENT":"node-5EB06123-C3FC-4569-9C14-B559A394F287"}}
COMMAND: POST http://127.0.0.1:4444/wd/hub/session/100D1C43-4B27-4892-93F9-E3817B8F1E8E/element/node-5EB06123-C3FC-4569-9C14-B559A394F287/click - {}
RESULT: {"status":0,"sessionId":"100D1C43-4B27-4892-93F9-E3817B8F1E8E","value":{}}
COMMAND: POST http://127.0.0.1:4444/wd/hub/session/100D1C43-4B27-4892-93F9-E3817B8F1E8E/url - {"url":"https://www.easecentral.com/"}
RESULT: {"status":0,"sessionId":"100D1C43-4B27-4892-93F9-E3817B8F1E8E","value":{}}
COMMAND: POST http://127.0.0.1:4444/wd/hub/session/100D1C43-4B27-4892-93F9-E3817B8F1E8E/element - {"using":"xpath","value":"//a[contains(text(),\"Best Benefits Software\")]"}
RESULT: {"status":0,"sessionId":"100D1C43-4B27-4892-93F9-E3817B8F1E8E","value":{"ELEMENT":"node-435566D7-DFB6-453F-A8AF-70BCB42AFCD7"}}
COMMAND: GET http://127.0.0.1:4444/wd/hub/session/100D1C43-4B27-4892-93F9-E3817B8F1E8E/element/node-435566D7-DFB6-453F-A8AF-70BCB42AFCD7/text - {}
RESULT: {"status":0,"sessionId":"100D1C43-4B27-4892-93F9-E3817B8F1E8E","value":"Best Benefits Software"}
COMMAND: POST http://127.0.0.1:4444/wd/hub/session/100D1C43-4B27-4892-93F9-E3817B8F1E8E/element - {"using":"xpath","value":"//a[contains(text(),\"Best Benefits Software\")]"}
RESULT: {"status":0,"sessionId":"100D1C43-4B27-4892-93F9-E3817B8F1E8E","value":{"ELEMENT":"node-435566D7-DFB6-453F-A8AF-70BCB42AFCD7"}}
COMMAND: GET http://127.0.0.1:4444/wd/hub/session/100D1C43-4B27-4892-93F9-E3817B8F1E8E/element/node-435566D7-DFB6-453F-A8AF-70BCB42AFCD7/attribute/href - {}
RESULT: {"status":0,"sessionId":"100D1C43-4B27-4892-93F9-E3817B8F1E8E","value":"https://www.easecentral.com/best-benefits-administration-software-for-brokers/"}
COMMAND: POST http://127.0.0.1:4444/wd/hub/session/100D1C43-4B27-4892-93F9-E3817B8F1E8E/element - {"using":"xpath","value":"//a[contains(text(),\"Best Benefits Software\")]"}
RESULT: {"status":0,"sessionId":"100D1C43-4B27-4892-93F9-E3817B8F1E8E","value":{"ELEMENT":"node-435566D7-DFB6-453F-A8AF-70BCB42AFCD7"}}
COMMAND: POST http://127.0.0.1:4444/wd/hub/session/100D1C43-4B27-4892-93F9-E3817B8F1E8E/element/node-435566D7-DFB6-453F-A8AF-70BCB42AFCD7/click - {}
RESULT: {"status":0,"sessionId":"100D1C43-4B27-4892-93F9-E3817B8F1E8E","value":{}}
COMMAND: POST http://127.0.0.1:4444/wd/hub/session/100D1C43-4B27-4892-93F9-E3817B8F1E8E/url - {"url":"https://www.easecentral.com/"}
RESULT: {"status":0,"sessionId":"100D1C43-4B27-4892-93F9-E3817B8F1E8E","value":{}}
COMMAND: POST http://127.0.0.1:4444/wd/hub/session/100D1C43-4B27-4892-93F9-E3817B8F1E8E/element - {"using":"xpath","value":"//a[contains(text(),\"Help Desk\")]"}
RESULT: {"status":0,"sessionId":"100D1C43-4B27-4892-93F9-E3817B8F1E8E","value":{"ELEMENT":"node-E65F3428-F41C-41BC-9118-D01C6C6D3244"}}
COMMAND: GET http://127.0.0.1:4444/wd/hub/session/100D1C43-4B27-4892-93F9-E3817B8F1E8E/element/node-E65F3428-F41C-41BC-9118-D01C6C6D3244/text - {}
RESULT: {"status":0,"sessionId":"100D1C43-4B27-4892-93F9-E3817B8F1E8E","value":"Help Desk"}
COMMAND: POST http://127.0.0.1:4444/wd/hub/session/100D1C43-4B27-4892-93F9-E3817B8F1E8E/element - {"using":"xpath","value":"//a[contains(text(),\"Help Desk\")]"}
RESULT: {"status":0,"sessionId":"100D1C43-4B27-4892-93F9-E3817B8F1E8E","value":{"ELEMENT":"node-E65F3428-F41C-41BC-9118-D01C6C6D3244"}}
COMMAND: GET http://127.0.0.1:4444/wd/hub/session/100D1C43-4B27-4892-93F9-E3817B8F1E8E/element/node-E65F3428-F41C-41BC-9118-D01C6C6D3244/attribute/href - {}
RESULT: {"status":0,"sessionId":"100D1C43-4B27-4892-93F9-E3817B8F1E8E","value":"https://support.easecentral.com/support/home"}
COMMAND: POST http://127.0.0.1:4444/wd/hub/session/100D1C43-4B27-4892-93F9-E3817B8F1E8E/element - {"using":"xpath","value":"//a[contains(text(),\"Help Desk\")]"}
RESULT: {"status":0,"sessionId":"100D1C43-4B27-4892-93F9-E3817B8F1E8E","value":{"ELEMENT":"node-E65F3428-F41C-41BC-9118-D01C6C6D3244"}}
COMMAND: POST http://127.0.0.1:4444/wd/hub/session/100D1C43-4B27-4892-93F9-E3817B8F1E8E/element/node-E65F3428-F41C-41BC-9118-D01C6C6D3244/click - {}
RESULT: {"status":0,"sessionId":"100D1C43-4B27-4892-93F9-E3817B8F1E8E","value":{}}
COMMAND: POST http://127.0.0.1:4444/wd/hub/session/100D1C43-4B27-4892-93F9-E3817B8F1E8E/url - {"url":"https://www.easecentral.com/"}
RESULT: {"status":0,"sessionId":"100D1C43-4B27-4892-93F9-E3817B8F1E8E","value":{}}
COMMAND: POST http://127.0.0.1:4444/wd/hub/session/100D1C43-4B27-4892-93F9-E3817B8F1E8E/element - {"using":"xpath","value":"//a[contains(text(),\"Press\")]"}
RESULT: {"status":0,"sessionId":"100D1C43-4B27-4892-93F9-E3817B8F1E8E","value":{"ELEMENT":"node-EABE05E9-920E-469C-A58D-568EB721A84B"}}
COMMAND: GET http://127.0.0.1:4444/wd/hub/session/100D1C43-4B27-4892-93F9-E3817B8F1E8E/element/node-EABE05E9-920E-469C-A58D-568EB721A84B/text - {}
RESULT: {"status":0,"sessionId":"100D1C43-4B27-4892-93F9-E3817B8F1E8E","value":"Press"}
COMMAND: POST http://127.0.0.1:4444/wd/hub/session/100D1C43-4B27-4892-93F9-E3817B8F1E8E/element - {"using":"xpath","value":"//a[contains(text(),\"Press\")]"}
RESULT: {"status":0,"sessionId":"100D1C43-4B27-4892-93F9-E3817B8F1E8E","value":{"ELEMENT":"node-EABE05E9-920E-469C-A58D-568EB721A84B"}}
COMMAND: GET http://127.0.0.1:4444/wd/hub/session/100D1C43-4B27-4892-93F9-E3817B8F1E8E/element/node-EABE05E9-920E-469C-A58D-568EB721A84B/attribute/href - {}
RESULT: {"status":0,"sessionId":"100D1C43-4B27-4892-93F9-E3817B8F1E8E","value":"http://blog.easecentral.com/category/news/"}
COMMAND: POST http://127.0.0.1:4444/wd/hub/session/100D1C43-4B27-4892-93F9-E3817B8F1E8E/element - {"using":"xpath","value":"//a[contains(text(),\"Press\")]"}
RESULT: {"status":0,"sessionId":"100D1C43-4B27-4892-93F9-E3817B8F1E8E","value":{"ELEMENT":"node-EABE05E9-920E-469C-A58D-568EB721A84B"}}
COMMAND: POST http://127.0.0.1:4444/wd/hub/session/100D1C43-4B27-4892-93F9-E3817B8F1E8E/element/node-EABE05E9-920E-469C-A58D-568EB721A84B/click - {}
RESULT: {"status":0,"sessionId":"100D1C43-4B27-4892-93F9-E3817B8F1E8E","value":{}}
COMMAND: POST http://127.0.0.1:4444/wd/hub/session/100D1C43-4B27-4892-93F9-E3817B8F1E8E/url - {"url":"https://www.easecentral.com/"}
RESULT: {"status":0,"sessionId":"100D1C43-4B27-4892-93F9-E3817B8F1E8E","value":{}}
COMMAND: POST http://127.0.0.1:4444/wd/hub/session/100D1C43-4B27-4892-93F9-E3817B8F1E8E/element - {"using":"xpath","value":"//*[@id=\"header\"]/div/div/div/div/div[1]/div/a[5]"}
RESULT: {"status":0,"sessionId":"100D1C43-4B27-4892-93F9-E3817B8F1E8E","value":{"ELEMENT":"node-2D1F9FAF-D096-455B-9A3E-52C973E81AFE"}}
COMMAND: GET http://127.0.0.1:4444/wd/hub/session/100D1C43-4B27-4892-93F9-E3817B8F1E8E/element/node-2D1F9FAF-D096-455B-9A3E-52C973E81AFE/text - {}
RESULT: {"status":0,"sessionId":"100D1C43-4B27-4892-93F9-E3817B8F1E8E","value":"Login"}
COMMAND: POST http://127.0.0.1:4444/wd/hub/session/100D1C43-4B27-4892-93F9-E3817B8F1E8E/element - {"using":"xpath","value":"//*[@id=\"header\"]/div/div/div/div/div[1]/div/a[5]"}
RESULT: {"status":0,"sessionId":"100D1C43-4B27-4892-93F9-E3817B8F1E8E","value":{"ELEMENT":"node-2D1F9FAF-D096-455B-9A3E-52C973E81AFE"}}
COMMAND: POST http://127.0.0.1:4444/wd/hub/session/100D1C43-4B27-4892-93F9-E3817B8F1E8E/element/node-2D1F9FAF-D096-455B-9A3E-52C973E81AFE/click - {}
RESULT: {"status":0,"sessionId":"100D1C43-4B27-4892-93F9-E3817B8F1E8E","value":{}}
COMMAND: POST http://127.0.0.1:4444/wd/hub/session/100D1C43-4B27-4892-93F9-E3817B8F1E8E/url - {"url":"https://www.easecentral.com/"}
RESULT: {"status":0,"sessionId":"100D1C43-4B27-4892-93F9-E3817B8F1E8E","value":{}}
COMMAND: POST http://127.0.0.1:4444/wd/hub/session/100D1C43-4B27-4892-93F9-E3817B8F1E8E/element - {"using":"xpath","value":"//a[contains(text(),\"Sign Up\")]"}
RESULT: {"status":0,"sessionId":"100D1C43-4B27-4892-93F9-E3817B8F1E8E","value":{"ELEMENT":"node-5BC13367-08E7-4244-A087-AD34A3ADEFEA"}}
COMMAND: GET http://127.0.0.1:4444/wd/hub/session/100D1C43-4B27-4892-93F9-E3817B8F1E8E/element/node-5BC13367-08E7-4244-A087-AD34A3ADEFEA/text - {}
RESULT: {"status":0,"sessionId":"100D1C43-4B27-4892-93F9-E3817B8F1E8E","value":"Sign Up"}
COMMAND: POST http://127.0.0.1:4444/wd/hub/session/100D1C43-4B27-4892-93F9-E3817B8F1E8E/element - {"using":"xpath","value":"//a[contains(text(),\"Sign Up\")]"}
RESULT: {"status":0,"sessionId":"100D1C43-4B27-4892-93F9-E3817B8F1E8E","value":{"ELEMENT":"node-5BC13367-08E7-4244-A087-AD34A3ADEFEA"}}
COMMAND: POST http://127.0.0.1:4444/wd/hub/session/100D1C43-4B27-4892-93F9-E3817B8F1E8E/element/node-5BC13367-08E7-4244-A087-AD34A3ADEFEA/click - {}
RESULT: {"status":0,"sessionId":"100D1C43-4B27-4892-93F9-E3817B8F1E8E","value":{}}
COMMAND: POST http://127.0.0.1:4444/wd/hub/session/100D1C43-4B27-4892-93F9-E3817B8F1E8E/url - {"url":"https://www.easecentral.com/"}
RESULT: {"status":0,"sessionId":"100D1C43-4B27-4892-93F9-E3817B8F1E8E","value":{}}
]]>
      </system-out>
    </testcase>
    <testcase classname="safari.mac.Home" name="test_that_the_Get_Demo_modal_is_usable" time="6.644">
      <system-out>
        <![CDATA[
COMMAND: POST http://127.0.0.1:4444/wd/hub/session/100D1C43-4B27-4892-93F9-E3817B8F1E8E/element - {"using":"css selector","value":"button.css-12nbrge"}
RESULT: {"status":0,"sessionId":"100D1C43-4B27-4892-93F9-E3817B8F1E8E","value":{"ELEMENT":"node-1D465A69-8391-467C-A2E4-D4F9B8406968"}}
COMMAND: POST http://127.0.0.1:4444/wd/hub/session/100D1C43-4B27-4892-93F9-E3817B8F1E8E/element/node-1D465A69-8391-467C-A2E4-D4F9B8406968/click - {}
RESULT: {"status":0,"sessionId":"100D1C43-4B27-4892-93F9-E3817B8F1E8E","value":{}}
COMMAND: POST http://127.0.0.1:4444/wd/hub/session/100D1C43-4B27-4892-93F9-E3817B8F1E8E/element - {"using":"css selector","value":".css-k12d22"}
RESULT: {"status":0,"sessionId":"100D1C43-4B27-4892-93F9-E3817B8F1E8E","value":{"ELEMENT":"node-97945C3F-EAC4-44E4-8479-F01DF3DCC5AF"}}
COMMAND: GET http://127.0.0.1:4444/wd/hub/session/100D1C43-4B27-4892-93F9-E3817B8F1E8E/element/node-97945C3F-EAC4-44E4-8479-F01DF3DCC5AF/text - {}
RESULT: {"status":0,"sessionId":"100D1C43-4B27-4892-93F9-E3817B8F1E8E","value":"Request an EaseCentral demo"}
COMMAND: POST http://127.0.0.1:4444/wd/hub/session/100D1C43-4B27-4892-93F9-E3817B8F1E8E/element - {"using":"css selector","value":"input[name=\"email\"]"}
RESULT: {"status":0,"sessionId":"100D1C43-4B27-4892-93F9-E3817B8F1E8E","value":{"ELEMENT":"node-ED9CC306-0B6A-456A-9131-107B65F0551B"}}
COMMAND: POST http://127.0.0.1:4444/wd/hub/session/100D1C43-4B27-4892-93F9-E3817B8F1E8E/elements - {"using":"css selector","value":"input[name=\"email\"]"}
RESULT: {"status":0,"sessionId":"100D1C43-4B27-4892-93F9-E3817B8F1E8E","value":[{"ELEMENT":"node-ED9CC306-0B6A-456A-9131-107B65F0551B"}]}
COMMAND: POST http://127.0.0.1:4444/wd/hub/session/100D1C43-4B27-4892-93F9-E3817B8F1E8E/element/node-ED9CC306-0B6A-456A-9131-107B65F0551B/clear - {}
RESULT: {"status":0,"sessionId":"100D1C43-4B27-4892-93F9-E3817B8F1E8E","value":{}}
COMMAND: POST http://127.0.0.1:4444/wd/hub/session/100D1C43-4B27-4892-93F9-E3817B8F1E8E/element/node-ED9CC306-0B6A-456A-9131-107B65F0551B/value - {"value":["W","a","l","t","e","r","_","H","u","d","(13 more items)"],"text":"Walter_Hudson@yahoo.com"}
RESULT: {"status":0,"sessionId":"100D1C43-4B27-4892-93F9-E3817B8F1E8E","value":{}}
COMMAND: POST http://127.0.0.1:4444/wd/hub/session/100D1C43-4B27-4892-93F9-E3817B8F1E8E/element - {"using":"css selector","value":"input[name=\"firstName\"]"}
RESULT: {"status":0,"sessionId":"100D1C43-4B27-4892-93F9-E3817B8F1E8E","value":{"ELEMENT":"node-49B7C154-B619-418F-8FFB-86788859F6C4"}}
COMMAND: POST http://127.0.0.1:4444/wd/hub/session/100D1C43-4B27-4892-93F9-E3817B8F1E8E/elements - {"using":"css selector","value":"input[name=\"firstName\"]"}
RESULT: {"status":0,"sessionId":"100D1C43-4B27-4892-93F9-E3817B8F1E8E","value":[{"ELEMENT":"node-49B7C154-B619-418F-8FFB-86788859F6C4"}]}
COMMAND: POST http://127.0.0.1:4444/wd/hub/session/100D1C43-4B27-4892-93F9-E3817B8F1E8E/element/node-49B7C154-B619-418F-8FFB-86788859F6C4/clear - {}
RESULT: {"status":0,"sessionId":"100D1C43-4B27-4892-93F9-E3817B8F1E8E","value":{}}
COMMAND: POST http://127.0.0.1:4444/wd/hub/session/100D1C43-4B27-4892-93F9-E3817B8F1E8E/element/node-49B7C154-B619-418F-8FFB-86788859F6C4/value - {"value":["P","r","i","s","c","i","l","l","a"],"text":"Priscilla"}
RESULT: {"status":0,"sessionId":"100D1C43-4B27-4892-93F9-E3817B8F1E8E","value":{}}
COMMAND: POST http://127.0.0.1:4444/wd/hub/session/100D1C43-4B27-4892-93F9-E3817B8F1E8E/element - {"using":"css selector","value":"input[name=\"lastName\"]"}
RESULT: {"status":0,"sessionId":"100D1C43-4B27-4892-93F9-E3817B8F1E8E","value":{"ELEMENT":"node-86002C80-23D2-43DB-8B38-02B1850CA153"}}
COMMAND: POST http://127.0.0.1:4444/wd/hub/session/100D1C43-4B27-4892-93F9-E3817B8F1E8E/elements - {"using":"css selector","value":"input[name=\"lastName\"]"}
RESULT: {"status":0,"sessionId":"100D1C43-4B27-4892-93F9-E3817B8F1E8E","value":[{"ELEMENT":"node-86002C80-23D2-43DB-8B38-02B1850CA153"}]}
COMMAND: POST http://127.0.0.1:4444/wd/hub/session/100D1C43-4B27-4892-93F9-E3817B8F1E8E/element/node-86002C80-23D2-43DB-8B38-02B1850CA153/clear - {}
RESULT: {"status":0,"sessionId":"100D1C43-4B27-4892-93F9-E3817B8F1E8E","value":{}}
COMMAND: POST http://127.0.0.1:4444/wd/hub/session/100D1C43-4B27-4892-93F9-E3817B8F1E8E/element/node-86002C80-23D2-43DB-8B38-02B1850CA153/value - {"value":["D","a","r","e"],"text":"Dare"}
RESULT: {"status":0,"sessionId":"100D1C43-4B27-4892-93F9-E3817B8F1E8E","value":{}}
COMMAND: POST http://127.0.0.1:4444/wd/hub/session/100D1C43-4B27-4892-93F9-E3817B8F1E8E/element - {"using":"css selector","value":"input[name=\"company\"]"}
RESULT: {"status":0,"sessionId":"100D1C43-4B27-4892-93F9-E3817B8F1E8E","value":{"ELEMENT":"node-F88C6123-CC7F-4D0D-A447-1A65C109A63C"}}
COMMAND: POST http://127.0.0.1:4444/wd/hub/session/100D1C43-4B27-4892-93F9-E3817B8F1E8E/elements - {"using":"css selector","value":"input[name=\"company\"]"}
RESULT: {"status":0,"sessionId":"100D1C43-4B27-4892-93F9-E3817B8F1E8E","value":[{"ELEMENT":"node-F88C6123-CC7F-4D0D-A447-1A65C109A63C"}]}
COMMAND: POST http://127.0.0.1:4444/wd/hub/session/100D1C43-4B27-4892-93F9-E3817B8F1E8E/element/node-F88C6123-CC7F-4D0D-A447-1A65C109A63C/clear - {}
RESULT: {"status":0,"sessionId":"100D1C43-4B27-4892-93F9-E3817B8F1E8E","value":{}}
COMMAND: POST http://127.0.0.1:4444/wd/hub/session/100D1C43-4B27-4892-93F9-E3817B8F1E8E/element/node-F88C6123-CC7F-4D0D-A447-1A65C109A63C/value - {"value":["S","c","h","i","m","m","e","l"," ","G","(4 more items)"],"text":"Schimmel Group"}
RESULT: {"status":0,"sessionId":"100D1C43-4B27-4892-93F9-E3817B8F1E8E","value":{}}
COMMAND: POST http://127.0.0.1:4444/wd/hub/session/100D1C43-4B27-4892-93F9-E3817B8F1E8E/element - {"using":"css selector","value":"input[name=\"phone\"]"}
RESULT: {"status":0,"sessionId":"100D1C43-4B27-4892-93F9-E3817B8F1E8E","value":{"ELEMENT":"node-91BB4A8C-DBF4-4D4E-9F6C-2E37B382547B"}}
COMMAND: POST http://127.0.0.1:4444/wd/hub/session/100D1C43-4B27-4892-93F9-E3817B8F1E8E/elements - {"using":"css selector","value":"input[name=\"phone\"]"}
RESULT: {"status":0,"sessionId":"100D1C43-4B27-4892-93F9-E3817B8F1E8E","value":[{"ELEMENT":"node-91BB4A8C-DBF4-4D4E-9F6C-2E37B382547B"}]}
COMMAND: POST http://127.0.0.1:4444/wd/hub/session/100D1C43-4B27-4892-93F9-E3817B8F1E8E/element/node-91BB4A8C-DBF4-4D4E-9F6C-2E37B382547B/clear - {}
RESULT: {"status":0,"sessionId":"100D1C43-4B27-4892-93F9-E3817B8F1E8E","value":{}}
COMMAND: POST http://127.0.0.1:4444/wd/hub/session/100D1C43-4B27-4892-93F9-E3817B8F1E8E/element/node-91BB4A8C-DBF4-4D4E-9F6C-2E37B382547B/value - {"value":["(","7","2","3",")"," ","6","2","7","-","(10 more items)"],"text":"(723) 627-8174 x6325"}
RESULT: {"status":0,"sessionId":"100D1C43-4B27-4892-93F9-E3817B8F1E8E","value":{}}
COMMAND: POST http://127.0.0.1:4444/wd/hub/session/100D1C43-4B27-4892-93F9-E3817B8F1E8E/element - {"using":"css selector","value":"button.css-13i7nzy > svg"}
RESULT: {"status":0,"sessionId":"100D1C43-4B27-4892-93F9-E3817B8F1E8E","value":{"ELEMENT":"node-D7539279-55C9-45AB-8DE5-FAD5133B472A"}}
COMMAND: POST http://127.0.0.1:4444/wd/hub/session/100D1C43-4B27-4892-93F9-E3817B8F1E8E/element/node-D7539279-55C9-45AB-8DE5-FAD5133B472A/click - {}
RESULT: {"status":0,"sessionId":"100D1C43-4B27-4892-93F9-E3817B8F1E8E","value":{}}
]]>
      </system-out>
    </testcase>
    <testcase classname="safari.mac.Home" name="test_that_the_video_modal_displays" time="13.954">
      <system-out>
        <![CDATA[
COMMAND: POST http://127.0.0.1:4444/wd/hub/session/100D1C43-4B27-4892-93F9-E3817B8F1E8E/execute - {"script":"return (function scroll(x, y) {\n    return window.scrollTo(x, y);\n}).apply(null, arguments)","args":[0,0]}
RESULT: {"status":0,"sessionId":"100D1C43-4B27-4892-93F9-E3817B8F1E8E","value":null}
COMMAND: POST http://127.0.0.1:4444/wd/hub/session/100D1C43-4B27-4892-93F9-E3817B8F1E8E/url - {"url":"https://www.easecentral.com/"}
RESULT: {"status":0,"sessionId":"100D1C43-4B27-4892-93F9-E3817B8F1E8E","value":{}}
COMMAND: POST http://127.0.0.1:4444/wd/hub/session/100D1C43-4B27-4892-93F9-E3817B8F1E8E/element - {"using":"css selector","value":"button.css-11y5mo2"}
RESULT: {"status":0,"sessionId":"100D1C43-4B27-4892-93F9-E3817B8F1E8E","value":{"ELEMENT":"node-65066F63-8006-4D94-B4A4-2FB1F3261049"}}
COMMAND: GET http://127.0.0.1:4444/wd/hub/session/100D1C43-4B27-4892-93F9-E3817B8F1E8E/element/node-65066F63-8006-4D94-B4A4-2FB1F3261049/text - {}
RESULT: {"status":0,"sessionId":"100D1C43-4B27-4892-93F9-E3817B8F1E8E","value":"Watch Video"}
COMMAND: POST http://127.0.0.1:4444/wd/hub/session/100D1C43-4B27-4892-93F9-E3817B8F1E8E/element - {"using":"css selector","value":"button.css-11y5mo2"}
RESULT: {"status":0,"sessionId":"100D1C43-4B27-4892-93F9-E3817B8F1E8E","value":{"ELEMENT":"node-65066F63-8006-4D94-B4A4-2FB1F3261049"}}
COMMAND: POST http://127.0.0.1:4444/wd/hub/session/100D1C43-4B27-4892-93F9-E3817B8F1E8E/element/node-65066F63-8006-4D94-B4A4-2FB1F3261049/click - {}
RESULT: {"status":0,"sessionId":"100D1C43-4B27-4892-93F9-E3817B8F1E8E","value":{}}
COMMAND: POST http://127.0.0.1:4444/wd/hub/session/100D1C43-4B27-4892-93F9-E3817B8F1E8E/element - {"using":"css selector","value":"button.vidyard_tclose"}
RESULT: {"status":0,"sessionId":"100D1C43-4B27-4892-93F9-E3817B8F1E8E","value":{"ELEMENT":"node-3C022183-6B24-4C6B-89F2-19A4A9682BDE"}}
COMMAND: POST http://127.0.0.1:4444/wd/hub/session/100D1C43-4B27-4892-93F9-E3817B8F1E8E/element/node-3C022183-6B24-4C6B-89F2-19A4A9682BDE/click - {}
RESULT: {"status":0,"sessionId":"100D1C43-4B27-4892-93F9-E3817B8F1E8E","value":{}}
COMMAND: DELETE http://127.0.0.1:4444/wd/hub/session/100D1C43-4B27-4892-93F9-E3817B8F1E8E - {}
RESULT: {"status":0,"sessionId":"100D1C43-4B27-4892-93F9-E3817B8F1E8E","value":{}}
]]>
      </system-out>
    </testcase>
  </testsuite>
</testsuites>