<?xml version="1.0" encoding="UTF-8"?>
<testsuites>
  <testsuite name="EaseCentral" timestamp="2018-10-26T16:39:16" time="41.833" tests="0" failures="0" errors="0" skipped="0">
    <properties>
      <property name="specId" value="7fe09829cabc7a928757d9101cd1752c"/>
      <property name="suiteName" value="EaseCentral"/>
      <property name="capabilities" value="safari.macos10_13"/>
      <property name="file" value="./test/specs/employee/employee.test.js"/>
    </properties>
  </testsuite>
  <testsuite name="Employee" timestamp="2018-10-26T16:39:16" time="41.831" tests="3" failures="0" errors="1" skipped="0">
    <properties>
      <property name="specId" value="7fe09829cabc7a928757d9101cd1752c"/>
      <property name="suiteName" value="Employee"/>
      <property name="capabilities" value="safari.macos10_13"/>
      <property name="file" value="./test/specs/employee/employee.test.js"/>
    </properties>
    <testcase classname="safari.macos10_13.Employee" name="test_should_verify_login_access_to_EaseCentral_with_a_valid_ID_and_password" time="8.229">
      <error message="An element could not be located on the page using the given search parameters (&quot;.c-nav-default__caret.icon__arrow-down&quot;)."/>
      <system-out>
        <![CDATA[
COMMAND: POST http://localhost:4445/wd/hub/session/af3a72c252f449b1a5d60ff3a73b05a6/execute - {"script":"sauce:context=Employee - test should verify login access to EaseCentral with a valid ID and password.","args":[]}
RESULT: {"status":0,"sessionId":"af3a72c252f449b1a5d60ff3a73b05a6","value":""}
COMMAND: POST http://localhost:4445/wd/hub/session/af3a72c252f449b1a5d60ff3a73b05a6/url - {"url":"https://qualitycompany.new.easecentral.com/?CCh5DmKolLIXrWjfVuX7nA==_2517a82cc29415d44309d582250ac8a214728d788298e9e98e3d1d8b30b83380ec"}
RESULT: {"status":0,"sessionId":"af3a72c252f449b1a5d60ff3a73b05a6","value":{}}
RESULT: {"status":0,"sessionId":"af3a72c252f449b1a5d60ff3a73b05a6","value":{}}
COMMAND: POST http://localhost:4445/wd/hub/session/af3a72c252f449b1a5d60ff3a73b05a6/element - {"using":"id","value":"email"}
RESULT: {"status":0,"sessionId":"af3a72c252f449b1a5d60ff3a73b05a6","value":{"ELEMENT":"node-768D55E5-3289-45CE-A501-29E69D87936D"}}
COMMAND: POST http://localhost:4445/wd/hub/session/af3a72c252f449b1a5d60ff3a73b05a6/elements - {"using":"id","value":"email"}
RESULT: {"status":0,"sessionId":"af3a72c252f449b1a5d60ff3a73b05a6","value":[{"ELEMENT":"node-768D55E5-3289-45CE-A501-29E69D87936D"}]}
COMMAND: POST http://localhost:4445/wd/hub/session/af3a72c252f449b1a5d60ff3a73b05a6/element - {"using":"id","value":"email"}
RESULT: {"status":0,"sessionId":"af3a72c252f449b1a5d60ff3a73b05a6","value":{"ELEMENT":"node-768D55E5-3289-45CE-A501-29E69D87936D"}}
COMMAND: POST http://localhost:4445/wd/hub/session/af3a72c252f449b1a5d60ff3a73b05a6/elements - {"using":"id","value":"email"}
RESULT: {"status":0,"sessionId":"af3a72c252f449b1a5d60ff3a73b05a6","value":[{"ELEMENT":"node-768D55E5-3289-45CE-A501-29E69D87936D"}]}
COMMAND: POST http://localhost:4445/wd/hub/session/af3a72c252f449b1a5d60ff3a73b05a6/element/node-768D55E5-3289-45CE-A501-29E69D87936D/clear - {}
RESULT: {"status":0,"sessionId":"af3a72c252f449b1a5d60ff3a73b05a6","value":{}}
COMMAND: POST http://localhost:4445/wd/hub/session/af3a72c252f449b1a5d60ff3a73b05a6/element/node-768D55E5-3289-45CE-A501-29E69D87936D/value - {"value":["j","o","h","n",".","a","r","t","e","r","(25 more items)"],"text":"john.arterberry+two@easecentral.com"}
RESULT: {"status":0,"sessionId":"af3a72c252f449b1a5d60ff3a73b05a6","value":{}}
COMMAND: POST http://localhost:4445/wd/hub/session/af3a72c252f449b1a5d60ff3a73b05a6/element - {"using":"id","value":"password"}
RESULT: {"status":0,"sessionId":"af3a72c252f449b1a5d60ff3a73b05a6","value":{"ELEMENT":"node-198A30FB-DCBD-430D-9991-0A66A647FCF2"}}
COMMAND: POST http://localhost:4445/wd/hub/session/af3a72c252f449b1a5d60ff3a73b05a6/elements - {"using":"id","value":"password"}
RESULT: {"status":0,"sessionId":"af3a72c252f449b1a5d60ff3a73b05a6","value":[{"ELEMENT":"node-198A30FB-DCBD-430D-9991-0A66A647FCF2"}]}
COMMAND: POST http://localhost:4445/wd/hub/session/af3a72c252f449b1a5d60ff3a73b05a6/element/node-198A30FB-DCBD-430D-9991-0A66A647FCF2/clear - {}
RESULT: {"status":0,"sessionId":"af3a72c252f449b1a5d60ff3a73b05a6","value":{}}
COMMAND: POST http://localhost:4445/wd/hub/session/af3a72c252f449b1a5d60ff3a73b05a6/element/node-198A30FB-DCBD-430D-9991-0A66A647FCF2/value - {"value":["2","b","a","d","!","g","6","9","9","B","(2 more items)"],"text":"2bad!g699BBM"}
RESULT: {"status":0,"sessionId":"af3a72c252f449b1a5d60ff3a73b05a6","value":{}}
COMMAND: POST http://localhost:4445/wd/hub/session/af3a72c252f449b1a5d60ff3a73b05a6/element - {"using":"xpath","value":"//form[@id=\"auth\"]/button"}
RESULT: {"status":0,"sessionId":"af3a72c252f449b1a5d60ff3a73b05a6","value":{"ELEMENT":"node-BBEB34B2-964A-422C-AA75-B2B9AEC725DD"}}
COMMAND: POST http://localhost:4445/wd/hub/session/af3a72c252f449b1a5d60ff3a73b05a6/element/node-BBEB34B2-964A-422C-AA75-B2B9AEC725DD/click - {}
RESULT: {"status":0,"sessionId":"af3a72c252f449b1a5d60ff3a73b05a6","value":{}}
COMMAND: POST http://localhost:4445/wd/hub/session/af3a72c252f449b1a5d60ff3a73b05a6/element - {"using":"css selector","value":".c-nav-default__caret.icon__arrow-down"}
RESULT: {"message":"An element could not be located on the page using the given search parameters.","type":"RuntimeError","seleniumStack":{"type":"NoSuchElement","message":"An element could not be located on the page using the given search parameters.","orgStatusMessage":"An element could not be located on the page using the given search parameters."}}
COMMAND: GET http://localhost:4445/wd/hub/session/af3a72c252f449b1a5d60ff3a73b05a6/screenshot - {}
RESULT: null
]]>
      </system-out>
      <system-err>
        <![CDATA[
Error: An element could not be located on the page using the given search parameters (".c-nav-default__caret.icon__arrow-down").
    at click() - index.js:312:3
]]>
      </system-err>
    </testcase>
    <testcase classname="safari.macos10_13.Employee" name="test_should_verify_that_the_dashboard_is_displayed_and_the_menu_is_functional" time="19.033">
      <system-out>
        <![CDATA[
COMMAND: POST http://localhost:4445/wd/hub/session/af3a72c252f449b1a5d60ff3a73b05a6/execute - {"script":"sauce:context=Employee - test should verify that the dashboard is displayed and the menu is functional.","args":[]}
RESULT: {"status":0,"sessionId":"af3a72c252f449b1a5d60ff3a73b05a6","value":""}
COMMAND: POST http://localhost:4445/wd/hub/session/af3a72c252f449b1a5d60ff3a73b05a6/url - {"url":"https://qualitycompany.new.easecentral.com/?rn354KXxhGrhIBM+aK/NPnwSOqk0YHAfeSiGt6h8IyM=_e87197d5d6178e51225f9e95381d5f5958343f2423bfd87b2a4f87affe180435ec"}
RESULT: {"status":0,"sessionId":"af3a72c252f449b1a5d60ff3a73b05a6","value":{}}
COMMAND: GET http://localhost:4445/wd/hub/session/af3a72c252f449b1a5d60ff3a73b05a6/url - {}
RESULT: {"status":0,"sessionId":"af3a72c252f449b1a5d60ff3a73b05a6","value":"https://qualitycompany.new.easecentral.com/?rn354KXxhGrhIBM+aK/NPnwSOqk0YHAfeSiGt6h8IyM=_e87197d5d6178e51225f9e95381d5f5958343f2423bfd87b2a4f87affe180435ec"}
COMMAND: POST http://localhost:4445/wd/hub/session/af3a72c252f449b1a5d60ff3a73b05a6/element - {"using":"xpath","value":"//nav/ul/li[2]/a/span"}
RESULT: {"status":0,"sessionId":"af3a72c252f449b1a5d60ff3a73b05a6","value":{"ELEMENT":"node-F60EE0DC-E344-466D-8392-19C050D44FBC"}}
COMMAND: GET http://localhost:4445/wd/hub/session/af3a72c252f449b1a5d60ff3a73b05a6/element/node-F60EE0DC-E344-466D-8392-19C050D44FBC/text - {}
RESULT: {"status":0,"sessionId":"af3a72c252f449b1a5d60ff3a73b05a6","value":"Profile"}
COMMAND: POST http://localhost:4445/wd/hub/session/af3a72c252f449b1a5d60ff3a73b05a6/element - {"using":"xpath","value":"//nav/ul/li[2]/a/span"}
RESULT: {"status":0,"sessionId":"af3a72c252f449b1a5d60ff3a73b05a6","value":{"ELEMENT":"node-F60EE0DC-E344-466D-8392-19C050D44FBC"}}
COMMAND: POST http://localhost:4445/wd/hub/session/af3a72c252f449b1a5d60ff3a73b05a6/element/node-F60EE0DC-E344-466D-8392-19C050D44FBC/click - {}
RESULT: {"status":0,"sessionId":"af3a72c252f449b1a5d60ff3a73b05a6","value":{}}
COMMAND: POST http://localhost:4445/wd/hub/session/af3a72c252f449b1a5d60ff3a73b05a6/element - {"using":"xpath","value":"//nav/ul/li[3]/a/span"}
RESULT: {"status":0,"sessionId":"af3a72c252f449b1a5d60ff3a73b05a6","value":{"ELEMENT":"node-1BB3D13B-1A35-487D-BCF6-DE962B94ED00"}}
COMMAND: GET http://localhost:4445/wd/hub/session/af3a72c252f449b1a5d60ff3a73b05a6/element/node-1BB3D13B-1A35-487D-BCF6-DE962B94ED00/text - {}
RESULT: {"status":0,"sessionId":"af3a72c252f449b1a5d60ff3a73b05a6","value":"Benefits"}
COMMAND: POST http://localhost:4445/wd/hub/session/af3a72c252f449b1a5d60ff3a73b05a6/element - {"using":"xpath","value":"//nav/ul/li[3]/a/span"}
RESULT: {"status":0,"sessionId":"af3a72c252f449b1a5d60ff3a73b05a6","value":{"ELEMENT":"node-1BB3D13B-1A35-487D-BCF6-DE962B94ED00"}}
COMMAND: POST http://localhost:4445/wd/hub/session/af3a72c252f449b1a5d60ff3a73b05a6/element/node-1BB3D13B-1A35-487D-BCF6-DE962B94ED00/click - {}
RESULT: {"status":0,"sessionId":"af3a72c252f449b1a5d60ff3a73b05a6","value":{}}
COMMAND: POST http://localhost:4445/wd/hub/session/af3a72c252f449b1a5d60ff3a73b05a6/element - {"using":"xpath","value":"//nav/ul/li[4]/a/span"}
RESULT: {"status":0,"sessionId":"af3a72c252f449b1a5d60ff3a73b05a6","value":{"ELEMENT":"node-147A39BC-69F4-4B57-AAD1-83B633753D5B"}}
COMMAND: GET http://localhost:4445/wd/hub/session/af3a72c252f449b1a5d60ff3a73b05a6/element/node-147A39BC-69F4-4B57-AAD1-83B633753D5B/text - {}
RESULT: {"message":"An element command failed because the referenced element is no longer available.","type":"RuntimeError","seleniumStack":{"type":"StaleElementReference","message":"An element command failed because the referenced element is no longer attached to the DOM.","orgStatusMessage":"An element command failed because the referenced element is no longer available."}}
COMMAND: POST http://localhost:4445/wd/hub/session/af3a72c252f449b1a5d60ff3a73b05a6/elements - {"using":"xpath","value":"//nav/ul/li[4]/a/span"}
RESULT: {"status":0,"sessionId":"af3a72c252f449b1a5d60ff3a73b05a6","value":[{"ELEMENT":"node-4EBC3C2A-DA92-4A42-9334-55BB12D03070"}]}
COMMAND: GET http://localhost:4445/wd/hub/session/af3a72c252f449b1a5d60ff3a73b05a6/element/node-4EBC3C2A-DA92-4A42-9334-55BB12D03070/text - {}
RESULT: {"status":0,"sessionId":"af3a72c252f449b1a5d60ff3a73b05a6","value":"Documents"}
COMMAND: POST http://localhost:4445/wd/hub/session/af3a72c252f449b1a5d60ff3a73b05a6/element - {"using":"xpath","value":"//nav/ul/li[4]/a/span"}
RESULT: {"status":0,"sessionId":"af3a72c252f449b1a5d60ff3a73b05a6","value":{"ELEMENT":"node-4EBC3C2A-DA92-4A42-9334-55BB12D03070"}}
COMMAND: POST http://localhost:4445/wd/hub/session/af3a72c252f449b1a5d60ff3a73b05a6/element/node-4EBC3C2A-DA92-4A42-9334-55BB12D03070/click - {}
RESULT: {"status":0,"sessionId":"af3a72c252f449b1a5d60ff3a73b05a6","value":{}}
COMMAND: POST http://localhost:4445/wd/hub/session/af3a72c252f449b1a5d60ff3a73b05a6/element - {"using":"xpath","value":"//li[5]/a/span"}
RESULT: {"status":0,"sessionId":"af3a72c252f449b1a5d60ff3a73b05a6","value":{"ELEMENT":"node-8283178E-54E3-4699-B3B9-1D39039E59CA"}}
COMMAND: GET http://localhost:4445/wd/hub/session/af3a72c252f449b1a5d60ff3a73b05a6/element/node-8283178E-54E3-4699-B3B9-1D39039E59CA/text - {}
RESULT: {"status":0,"sessionId":"af3a72c252f449b1a5d60ff3a73b05a6","value":"Paystubs"}
COMMAND: POST http://localhost:4445/wd/hub/session/af3a72c252f449b1a5d60ff3a73b05a6/element - {"using":"xpath","value":"//li[5]/a/span"}
RESULT: {"status":0,"sessionId":"af3a72c252f449b1a5d60ff3a73b05a6","value":{"ELEMENT":"node-8283178E-54E3-4699-B3B9-1D39039E59CA"}}
COMMAND: POST http://localhost:4445/wd/hub/session/af3a72c252f449b1a5d60ff3a73b05a6/element/node-8283178E-54E3-4699-B3B9-1D39039E59CA/click - {}
RESULT: {"status":0,"sessionId":"af3a72c252f449b1a5d60ff3a73b05a6","value":{}}
COMMAND: POST http://localhost:4445/wd/hub/session/af3a72c252f449b1a5d60ff3a73b05a6/element - {"using":"xpath","value":"//li[6]/a/span"}
RESULT: {"status":0,"sessionId":"af3a72c252f449b1a5d60ff3a73b05a6","value":{"ELEMENT":"node-46593B39-3B7E-4BCF-A0F7-AE0837E74BE4"}}
COMMAND: GET http://localhost:4445/wd/hub/session/af3a72c252f449b1a5d60ff3a73b05a6/element/node-46593B39-3B7E-4BCF-A0F7-AE0837E74BE4/text - {}
RESULT: {"status":0,"sessionId":"af3a72c252f449b1a5d60ff3a73b05a6","value":"Time Off"}
COMMAND: POST http://localhost:4445/wd/hub/session/af3a72c252f449b1a5d60ff3a73b05a6/element - {"using":"xpath","value":"//li[6]/a/span"}
RESULT: {"status":0,"sessionId":"af3a72c252f449b1a5d60ff3a73b05a6","value":{"ELEMENT":"node-46593B39-3B7E-4BCF-A0F7-AE0837E74BE4"}}
COMMAND: POST http://localhost:4445/wd/hub/session/af3a72c252f449b1a5d60ff3a73b05a6/element/node-46593B39-3B7E-4BCF-A0F7-AE0837E74BE4/click - {}
RESULT: {"status":0,"sessionId":"af3a72c252f449b1a5d60ff3a73b05a6","value":{}}
COMMAND: POST http://localhost:4445/wd/hub/session/af3a72c252f449b1a5d60ff3a73b05a6/element - {"using":"xpath","value":"//li[7]/a/span"}
RESULT: {"status":0,"sessionId":"af3a72c252f449b1a5d60ff3a73b05a6","value":{"ELEMENT":"node-1807C1D6-C115-4E0B-A688-B14C3F45A686"}}
COMMAND: GET http://localhost:4445/wd/hub/session/af3a72c252f449b1a5d60ff3a73b05a6/element/node-1807C1D6-C115-4E0B-A688-B14C3F45A686/text - {}
RESULT: {"status":0,"sessionId":"af3a72c252f449b1a5d60ff3a73b05a6","value":"Calendar"}
COMMAND: POST http://localhost:4445/wd/hub/session/af3a72c252f449b1a5d60ff3a73b05a6/element - {"using":"xpath","value":"//li[7]/a/span"}
RESULT: {"status":0,"sessionId":"af3a72c252f449b1a5d60ff3a73b05a6","value":{"ELEMENT":"node-1807C1D6-C115-4E0B-A688-B14C3F45A686"}}
COMMAND: POST http://localhost:4445/wd/hub/session/af3a72c252f449b1a5d60ff3a73b05a6/element/node-1807C1D6-C115-4E0B-A688-B14C3F45A686/click - {}
RESULT: {"status":0,"sessionId":"af3a72c252f449b1a5d60ff3a73b05a6","value":{}}
COMMAND: POST http://localhost:4445/wd/hub/session/af3a72c252f449b1a5d60ff3a73b05a6/element - {"using":"xpath","value":"//li[8]/a/span"}
RESULT: {"status":0,"sessionId":"af3a72c252f449b1a5d60ff3a73b05a6","value":{"ELEMENT":"node-9FCC8D7B-DB63-4F15-B55B-E567EF8E4613"}}
COMMAND: GET http://localhost:4445/wd/hub/session/af3a72c252f449b1a5d60ff3a73b05a6/element/node-9FCC8D7B-DB63-4F15-B55B-E567EF8E4613/text - {}
RESULT: {"status":0,"sessionId":"af3a72c252f449b1a5d60ff3a73b05a6","value":"Directory"}
COMMAND: POST http://localhost:4445/wd/hub/session/af3a72c252f449b1a5d60ff3a73b05a6/element - {"using":"xpath","value":"//li[8]/a/span"}
RESULT: {"status":0,"sessionId":"af3a72c252f449b1a5d60ff3a73b05a6","value":{"ELEMENT":"node-9FCC8D7B-DB63-4F15-B55B-E567EF8E4613"}}
COMMAND: POST http://localhost:4445/wd/hub/session/af3a72c252f449b1a5d60ff3a73b05a6/element/node-9FCC8D7B-DB63-4F15-B55B-E567EF8E4613/click - {}
RESULT: {"status":0,"sessionId":"af3a72c252f449b1a5d60ff3a73b05a6","value":{}}
]]>
      </system-out>
    </testcase>
    <testcase classname="safari.macos10_13.Employee" name="test_should_verify_that_the_user_can_start_and_functionally_use_the_benefit_enrollment_form_and_pages" time="14.566">
      <system-out>
        <![CDATA[
COMMAND: POST http://localhost:4445/wd/hub/session/af3a72c252f449b1a5d60ff3a73b05a6/execute - {"script":"sauce:context=Employee - test should verify that the user can start and functionally use the benefit enrollment form and pages.","args":[]}
RESULT: {"status":0,"sessionId":"af3a72c252f449b1a5d60ff3a73b05a6","value":""}
COMMAND: POST http://localhost:4445/wd/hub/session/af3a72c252f449b1a5d60ff3a73b05a6/url - {"url":"https://qualitycompany.new.easecentral.com/?rn354KXxhGrhIBM+aK/NPnwSOqk0YHAfeSiGt6h8IyM=_e87197d5d6178e51225f9e95381d5f5958343f2423bfd87b2a4f87affe180435ec"}
RESULT: {"status":0,"sessionId":"af3a72c252f449b1a5d60ff3a73b05a6","value":{}}
COMMAND: GET http://localhost:4445/wd/hub/session/af3a72c252f449b1a5d60ff3a73b05a6/url - {}
RESULT: {"status":0,"sessionId":"af3a72c252f449b1a5d60ff3a73b05a6","value":"https://qualitycompany.new.easecentral.com/?rn354KXxhGrhIBM+aK/NPnwSOqk0YHAfeSiGt6h8IyM=_e87197d5d6178e51225f9e95381d5f5958343f2423bfd87b2a4f87affe180435ec"}
COMMAND: POST http://localhost:4445/wd/hub/session/af3a72c252f449b1a5d60ff3a73b05a6/element - {"using":"css selector","value":"button.c-button.c-dash-bar__btn.c-dash-bar__btn--success"}
RESULT: {"status":0,"sessionId":"af3a72c252f449b1a5d60ff3a73b05a6","value":{"ELEMENT":"node-7CC00A0C-A5DD-4D5A-9597-A72C3995EC8C"}}
COMMAND: GET http://localhost:4445/wd/hub/session/af3a72c252f449b1a5d60ff3a73b05a6/element/node-7CC00A0C-A5DD-4D5A-9597-A72C3995EC8C/text - {}
RESULT: {"status":0,"sessionId":"af3a72c252f449b1a5d60ff3a73b05a6","value":"Start Enrollment"}
COMMAND: POST http://localhost:4445/wd/hub/session/af3a72c252f449b1a5d60ff3a73b05a6/element - {"using":"css selector","value":"button.c-button.c-dash-bar__btn.c-dash-bar__btn--success"}
RESULT: {"status":0,"sessionId":"af3a72c252f449b1a5d60ff3a73b05a6","value":{"ELEMENT":"node-7CC00A0C-A5DD-4D5A-9597-A72C3995EC8C"}}
COMMAND: POST http://localhost:4445/wd/hub/session/af3a72c252f449b1a5d60ff3a73b05a6/element/node-7CC00A0C-A5DD-4D5A-9597-A72C3995EC8C/click - {}
RESULT: {"status":0,"sessionId":"af3a72c252f449b1a5d60ff3a73b05a6","value":{}}
COMMAND: POST http://localhost:4445/wd/hub/session/af3a72c252f449b1a5d60ff3a73b05a6/element - {"using":"css selector","value":"button.c-button--xl.button.c-button"}
RESULT: {"status":0,"sessionId":"af3a72c252f449b1a5d60ff3a73b05a6","value":{"ELEMENT":"node-8BBFF0D7-AA22-4E2B-8E41-67AF5E97F43B"}}
COMMAND: POST http://localhost:4445/wd/hub/session/af3a72c252f449b1a5d60ff3a73b05a6/element/node-8BBFF0D7-AA22-4E2B-8E41-67AF5E97F43B/click - {}
RESULT: {"status":0,"sessionId":"af3a72c252f449b1a5d60ff3a73b05a6","value":{}}
COMMAND: DELETE http://localhost:4445/wd/hub/session/af3a72c252f449b1a5d60ff3a73b05a6 - {}
RESULT: {"status":0,"sessionId":"af3a72c252f449b1a5d60ff3a73b05a6","value":""}
]]>
      </system-out>
    </testcase>
  </testsuite>
</testsuites>