<?xml version="1.0" encoding="UTF-8"?>
<testsuites>
  <testsuite name="EaseCentral" timestamp="2018-10-26T16:40:11" time="46.627" tests="0" failures="0" errors="0" skipped="0">
    <properties>
      <property name="specId" value="7fe09829cabc7a928757d9101cd1752c"/>
      <property name="suiteName" value="EaseCentral"/>
      <property name="capabilities" value="microsoftedge.16_16299.windows10"/>
      <property name="file" value="./test/specs/employee/employee.test.js"/>
    </properties>
  </testsuite>
  <testsuite name="Employee" timestamp="2018-10-26T16:40:11" time="46.625" tests="3" failures="0" errors="2" skipped="0">
    <properties>
      <property name="specId" value="7fe09829cabc7a928757d9101cd1752c"/>
      <property name="suiteName" value="Employee"/>
      <property name="capabilities" value="microsoftedge.16_16299.windows10"/>
      <property name="file" value="./test/specs/employee/employee.test.js"/>
    </properties>
    <testcase classname="microsoftedge.16_16299.windows10.Employee" name="test_should_verify_login_access_to_EaseCentral_with_a_valid_ID_and_password" time="6.389">
      <error message="An element could not be located on the page using the given search parameters (&quot;.c-nav-default__caret.icon__arrow-down&quot;)."/>
      <system-out>
        <![CDATA[
COMMAND: POST http://localhost:4445/wd/hub/session/583901277e8841f59eabad1698eaed21/execute - {"script":"sauce:context=Employee - test should verify login access to EaseCentral with a valid ID and password.","args":[]}
RESULT: {"status":0,"sessionId":"583901277e8841f59eabad1698eaed21","value":""}
COMMAND: POST http://localhost:4445/wd/hub/session/583901277e8841f59eabad1698eaed21/url - {"url":"https://qualitycompany.new.easecentral.com/?CCh5DmKolLIXrWjfVuX7nA==_2517a82cc29415d44309d582250ac8a214728d788298e9e98e3d1d8b30b83380ec"}
RESULT: {"status":0,"sessionId":"583901277e8841f59eabad1698eaed21","value":null,"state":"success","hCode":511193281,"class":"org.openqa.selenium.remote.Response"}
RESULT: {"status":0,"sessionId":"583901277e8841f59eabad1698eaed21","value":null,"state":"success","hCode":1674633434,"class":"org.openqa.selenium.remote.Response"}
COMMAND: POST http://localhost:4445/wd/hub/session/583901277e8841f59eabad1698eaed21/element - {"using":"id","value":"email"}
RESULT: {"status":0,"sessionId":"583901277e8841f59eabad1698eaed21","value":{"ELEMENT":"0"},"state":"success","hCode":245570444,"class":"org.openqa.selenium.remote.Response"}
COMMAND: POST http://localhost:4445/wd/hub/session/583901277e8841f59eabad1698eaed21/elements - {"using":"id","value":"email"}
RESULT: {"status":0,"sessionId":"583901277e8841f59eabad1698eaed21","value":[{"ELEMENT":"0"}],"state":"success","hCode":1993503098,"class":"org.openqa.selenium.remote.Response"}
COMMAND: POST http://localhost:4445/wd/hub/session/583901277e8841f59eabad1698eaed21/element - {"using":"id","value":"email"}
RESULT: {"status":0,"sessionId":"583901277e8841f59eabad1698eaed21","value":{"ELEMENT":"0"},"state":"success","hCode":833435658,"class":"org.openqa.selenium.remote.Response"}
COMMAND: POST http://localhost:4445/wd/hub/session/583901277e8841f59eabad1698eaed21/elements - {"using":"id","value":"email"}
RESULT: {"status":0,"sessionId":"583901277e8841f59eabad1698eaed21","value":[{"ELEMENT":"0"}],"state":"success","hCode":667171528,"class":"org.openqa.selenium.remote.Response"}
COMMAND: POST http://localhost:4445/wd/hub/session/583901277e8841f59eabad1698eaed21/element/0/clear - {}
RESULT: {"status":0,"sessionId":"583901277e8841f59eabad1698eaed21","value":null,"state":"success","hCode":871832336,"class":"org.openqa.selenium.remote.Response"}
COMMAND: POST http://localhost:4445/wd/hub/session/583901277e8841f59eabad1698eaed21/element/0/value - {"value":["j","o","h","n",".","a","r","t","e","r","(25 more items)"],"text":"john.arterberry+two@easecentral.com"}
RESULT: {"status":0,"sessionId":"583901277e8841f59eabad1698eaed21","value":null,"state":"success","hCode":340153425,"class":"org.openqa.selenium.remote.Response"}
COMMAND: POST http://localhost:4445/wd/hub/session/583901277e8841f59eabad1698eaed21/element - {"using":"id","value":"password"}
RESULT: {"status":0,"sessionId":"583901277e8841f59eabad1698eaed21","value":{"ELEMENT":"1"},"state":"success","hCode":1912412673,"class":"org.openqa.selenium.remote.Response"}
COMMAND: POST http://localhost:4445/wd/hub/session/583901277e8841f59eabad1698eaed21/elements - {"using":"id","value":"password"}
RESULT: {"status":0,"sessionId":"583901277e8841f59eabad1698eaed21","value":[{"ELEMENT":"1"}],"state":"success","hCode":1472146611,"class":"org.openqa.selenium.remote.Response"}
COMMAND: POST http://localhost:4445/wd/hub/session/583901277e8841f59eabad1698eaed21/element/1/clear - {}
RESULT: {"status":0,"sessionId":"583901277e8841f59eabad1698eaed21","value":null,"state":"success","hCode":1871154655,"class":"org.openqa.selenium.remote.Response"}
COMMAND: POST http://localhost:4445/wd/hub/session/583901277e8841f59eabad1698eaed21/element/1/value - {"value":["2","b","a","d","!","g","6","9","9","B","(2 more items)"],"text":"2bad!g699BBM"}
RESULT: {"status":0,"sessionId":"583901277e8841f59eabad1698eaed21","value":null,"state":"success","hCode":1668243967,"class":"org.openqa.selenium.remote.Response"}
COMMAND: POST http://localhost:4445/wd/hub/session/583901277e8841f59eabad1698eaed21/element - {"using":"xpath","value":"//form[@id=\"auth\"]/button"}
RESULT: {"status":0,"sessionId":"583901277e8841f59eabad1698eaed21","value":{"ELEMENT":"2"},"state":"success","hCode":2061193857,"class":"org.openqa.selenium.remote.Response"}
COMMAND: POST http://localhost:4445/wd/hub/session/583901277e8841f59eabad1698eaed21/element/2/click - {}
RESULT: {"status":0,"sessionId":"583901277e8841f59eabad1698eaed21","value":null,"state":"success","hCode":118859250,"class":"org.openqa.selenium.remote.Response"}
COMMAND: POST http://localhost:4445/wd/hub/session/583901277e8841f59eabad1698eaed21/element - {"using":"css selector","value":".c-nav-default__caret.icon__arrow-down"}
RESULT: {"message":"No such element (WARNING: The server did not provide any stacktrace information)\nCommand duration or timeout: 15 milliseconds\nFor documentation on this error, please visit: http://seleniumhq.org/exceptions/no_such_element.html\nBuild info: version: '2.52.0', revision: '4c2593c', time: '2016-02-11 19:06:42'\nSystem info: host: 'sauce-win10', ip: '10.100.18.139', os.name: 'Windows 10', os.arch: 'amd64', os.version: '10.0', java.version: '1.8.0_131'\nDriver info: org.openqa.selenium.edge.EdgeDriver\nCapabilities [{applicationCacheEnabled=true, InPrivate=false, pageLoadStrategy=normal, platform=ANY, acceptSslCerts=true, browserVersion=41.16299.15.0, platformVersion=10, locationContextEnabled=true, webStorageEnabled=true, browserName=MicrosoftEdge, takesScreenshot=true, takesElementScreenshot=true, platformName=windows}]\nSession ID: XXXXXXXX-XXXX-XXXX-XXXX-XXXXF01B422E\n*** Element info: {Using=css selector, value=.c-nav-default__caret.icon__arrow-down}","type":"RuntimeError","seleniumStack":{"type":"NoSuchElement","message":"An element could not be located on the page using the given search parameters.","orgStatusMessage":"No such element (WARNING: The server did not provide any stacktrace information)\nCommand duration or timeout: 15 milliseconds\nFor documentation on this error, please visit: http://seleniumhq.org/exceptions/no_such_element.html\nBuild info: version: '2.52.0', revision: '4c2593c', time: '2016-02-11 19:06:42'\nSystem info: host: 'sauce-win10', ip: '10.100.18.139', os.name: 'Windows 10', os.arch: 'amd64', os.version: '10.0', java.version: '1.8.0_131'\nDriver info: org.openqa.selenium.edge.EdgeDriver\nCapabilities [{applicationCacheEnabled=true, InPrivate=false, pageLoadStrategy=normal, platform=ANY, acceptSslCerts=true, browserVersion=41.16299.15.0, platformVersion=10, locationContextEnabled=true, webStorageEnabled=true, browserName=MicrosoftEdge, takesScreenshot=true, takesElementScreenshot=true, platformName=windows}]\nSession ID: XXXXXXXX-XXXX-XXXX-XXXX-XXXXF01B422E\n*** Element info: {Using=css selector, value=.c-nav-default__caret.icon__arrow-down}"}}
COMMAND: GET http://localhost:4445/wd/hub/session/583901277e8841f59eabad1698eaed21/screenshot - {}
RESULT: null
]]>
      </system-out>
      <system-err>
        <![CDATA[
Error: An element could not be located on the page using the given search parameters (".c-nav-default__caret.icon__arrow-down").
    at click() - index.js:312:3
]]>
      </system-err>
    </testcase>
    <testcase classname="microsoftedge.16_16299.windows10.Employee" name="test_should_verify_that_the_dashboard_is_displayed_and_the_menu_is_functional" time="24.244">
      <error message="An element could not be located on the page using the given search parameters (&quot;//li[8]/a/span&quot;)."/>
      <system-out>
        <![CDATA[
COMMAND: POST http://localhost:4445/wd/hub/session/583901277e8841f59eabad1698eaed21/execute - {"script":"sauce:context=Employee - test should verify that the dashboard is displayed and the menu is functional.","args":[]}
RESULT: {"status":0,"sessionId":"583901277e8841f59eabad1698eaed21","value":""}
COMMAND: POST http://localhost:4445/wd/hub/session/583901277e8841f59eabad1698eaed21/url - {"url":"https://qualitycompany.new.easecentral.com/?rn354KXxhGrhIBM+aK/NPnwSOqk0YHAfeSiGt6h8IyM=_e87197d5d6178e51225f9e95381d5f5958343f2423bfd87b2a4f87affe180435ec"}
RESULT: {"status":0,"sessionId":"583901277e8841f59eabad1698eaed21","value":null,"state":"success","hCode":2123672186,"class":"org.openqa.selenium.remote.Response"}
COMMAND: GET http://localhost:4445/wd/hub/session/583901277e8841f59eabad1698eaed21/url - {}
RESULT: {"status":0,"sessionId":"583901277e8841f59eabad1698eaed21","value":"https://qualitycompany.new.easecentral.com/?rn354KXxhGrhIBM+aK/NPnwSOqk0YHAfeSiGt6h8IyM=_e87197d5d6178e51225f9e95381d5f5958343f2423bfd87b2a4f87affe180435ec","state":"success","hCode":1366161187,"class":"org.openqa.selenium.remote.Response"}
COMMAND: POST http://localhost:4445/wd/hub/session/583901277e8841f59eabad1698eaed21/element - {"using":"xpath","value":"//nav/ul/li[2]/a/span"}
RESULT: {"status":0,"sessionId":"583901277e8841f59eabad1698eaed21","value":{"ELEMENT":"3"},"state":"success","hCode":767096122,"class":"org.openqa.selenium.remote.Response"}
COMMAND: GET http://localhost:4445/wd/hub/session/583901277e8841f59eabad1698eaed21/element/3/text - {}
RESULT: {"status":0,"sessionId":"583901277e8841f59eabad1698eaed21","value":"Profile","state":"success","hCode":524083627,"class":"org.openqa.selenium.remote.Response"}
COMMAND: POST http://localhost:4445/wd/hub/session/583901277e8841f59eabad1698eaed21/element - {"using":"xpath","value":"//nav/ul/li[2]/a/span"}
RESULT: {"status":0,"sessionId":"583901277e8841f59eabad1698eaed21","value":{"ELEMENT":"3"},"state":"success","hCode":567728512,"class":"org.openqa.selenium.remote.Response"}
COMMAND: POST http://localhost:4445/wd/hub/session/583901277e8841f59eabad1698eaed21/element/3/click - {}
RESULT: {"status":0,"sessionId":"583901277e8841f59eabad1698eaed21","value":null,"state":"success","hCode":1261300133,"class":"org.openqa.selenium.remote.Response"}
COMMAND: POST http://localhost:4445/wd/hub/session/583901277e8841f59eabad1698eaed21/element - {"using":"xpath","value":"//nav/ul/li[3]/a/span"}
RESULT: {"status":0,"sessionId":"583901277e8841f59eabad1698eaed21","value":{"ELEMENT":"4"},"state":"success","hCode":225074515,"class":"org.openqa.selenium.remote.Response"}
COMMAND: GET http://localhost:4445/wd/hub/session/583901277e8841f59eabad1698eaed21/element/4/text - {}
RESULT: {"status":0,"sessionId":"583901277e8841f59eabad1698eaed21","value":"Benefits","state":"success","hCode":1647184129,"class":"org.openqa.selenium.remote.Response"}
COMMAND: POST http://localhost:4445/wd/hub/session/583901277e8841f59eabad1698eaed21/element - {"using":"xpath","value":"//nav/ul/li[3]/a/span"}
RESULT: {"status":0,"sessionId":"583901277e8841f59eabad1698eaed21","value":{"ELEMENT":"5"},"state":"success","hCode":1189786656,"class":"org.openqa.selenium.remote.Response"}
COMMAND: POST http://localhost:4445/wd/hub/session/583901277e8841f59eabad1698eaed21/element/5/click - {}
RESULT: {"status":0,"sessionId":"583901277e8841f59eabad1698eaed21","value":null,"state":"success","hCode":431356267,"class":"org.openqa.selenium.remote.Response"}
COMMAND: POST http://localhost:4445/wd/hub/session/583901277e8841f59eabad1698eaed21/element - {"using":"xpath","value":"//nav/ul/li[4]/a/span"}
RESULT: {"status":0,"sessionId":"583901277e8841f59eabad1698eaed21","value":{"ELEMENT":"6"},"state":"success","hCode":1918552597,"class":"org.openqa.selenium.remote.Response"}
COMMAND: GET http://localhost:4445/wd/hub/session/583901277e8841f59eabad1698eaed21/element/6/text - {}
RESULT: {"message":"Stale element reference (WARNING: The server did not provide any stacktrace information)\nCommand duration or timeout: 47 milliseconds\nFor documentation on this error, please visit: http://seleniumhq.org/exceptions/stale_element_reference.html\nBuild info: version: '2.52.0', revision: '4c2593c', time: '2016-02-11 19:06:42'\nSystem info: host: 'sauce-win10', ip: '10.100.18.139', os.name: 'Windows 10', os.arch: 'amd64', os.version: '10.0', java.version: '1.8.0_131'\nDriver info: org.openqa.selenium.edge.EdgeDriver\nCapabilities [{applicationCacheEnabled=true, InPrivate=false, pageLoadStrategy=normal, platform=ANY, acceptSslCerts=true, browserVersion=41.16299.15.0, platformVersion=10, locationContextEnabled=true, webStorageEnabled=true, browserName=MicrosoftEdge, takesScreenshot=true, takesElementScreenshot=true, platformName=windows}]\nSession ID: XXXXXXXX-XXXX-XXXX-XXXX-XXXXF01B422E","type":"RuntimeError","seleniumStack":{"type":"StaleElementReference","message":"An element command failed because the referenced element is no longer attached to the DOM.","orgStatusMessage":"Stale element reference (WARNING: The server did not provide any stacktrace information)\nCommand duration or timeout: 47 milliseconds\nFor documentation on this error, please visit: http://seleniumhq.org/exceptions/stale_element_reference.html\nBuild info: version: '2.52.0', revision: '4c2593c', time: '2016-02-11 19:06:42'\nSystem info: host: 'sauce-win10', ip: '10.100.18.139', os.name: 'Windows 10', os.arch: 'amd64', os.version: '10.0', java.version: '1.8.0_131'\nDriver info: org.openqa.selenium.edge.EdgeDriver\nCapabilities [{applicationCacheEnabled=true, InPrivate=false, pageLoadStrategy=normal, platform=ANY, acceptSslCerts=true, browserVersion=41.16299.15.0, platformVersion=10, locationContextEnabled=true, webStorageEnabled=true, browserName=MicrosoftEdge, takesScreenshot=true, takesElementScreenshot=true, platformName=windows}]\nSession ID: XXXXXXXX-XXXX-XXXX-XXXX-XXXXF01B422E"}}
COMMAND: POST http://localhost:4445/wd/hub/session/583901277e8841f59eabad1698eaed21/elements - {"using":"xpath","value":"//nav/ul/li[4]/a/span"}
RESULT: {"status":0,"sessionId":"583901277e8841f59eabad1698eaed21","value":[{"ELEMENT":"7"}],"state":"success","hCode":211843478,"class":"org.openqa.selenium.remote.Response"}
COMMAND: GET http://localhost:4445/wd/hub/session/583901277e8841f59eabad1698eaed21/element/7/text - {}
RESULT: {"status":0,"sessionId":"583901277e8841f59eabad1698eaed21","value":"Documents","state":"success","hCode":316062301,"class":"org.openqa.selenium.remote.Response"}
COMMAND: POST http://localhost:4445/wd/hub/session/583901277e8841f59eabad1698eaed21/element - {"using":"xpath","value":"//nav/ul/li[4]/a/span"}
RESULT: {"status":0,"sessionId":"583901277e8841f59eabad1698eaed21","value":{"ELEMENT":"7"},"state":"success","hCode":506734578,"class":"org.openqa.selenium.remote.Response"}
COMMAND: POST http://localhost:4445/wd/hub/session/583901277e8841f59eabad1698eaed21/element/7/click - {}
RESULT: {"status":0,"sessionId":"583901277e8841f59eabad1698eaed21","value":null,"state":"success","hCode":630400352,"class":"org.openqa.selenium.remote.Response"}
COMMAND: POST http://localhost:4445/wd/hub/session/583901277e8841f59eabad1698eaed21/element - {"using":"xpath","value":"//li[5]/a/span"}
RESULT: {"status":0,"sessionId":"583901277e8841f59eabad1698eaed21","value":{"ELEMENT":"8"},"state":"success","hCode":712021133,"class":"org.openqa.selenium.remote.Response"}
COMMAND: GET http://localhost:4445/wd/hub/session/583901277e8841f59eabad1698eaed21/element/8/text - {}
RESULT: {"status":0,"sessionId":"583901277e8841f59eabad1698eaed21","value":"Paystubs","state":"success","hCode":223594444,"class":"org.openqa.selenium.remote.Response"}
COMMAND: POST http://localhost:4445/wd/hub/session/583901277e8841f59eabad1698eaed21/element - {"using":"xpath","value":"//li[5]/a/span"}
RESULT: {"status":0,"sessionId":"583901277e8841f59eabad1698eaed21","value":{"ELEMENT":"8"},"state":"success","hCode":845642275,"class":"org.openqa.selenium.remote.Response"}
COMMAND: POST http://localhost:4445/wd/hub/session/583901277e8841f59eabad1698eaed21/element/8/click - {}
RESULT: {"status":0,"sessionId":"583901277e8841f59eabad1698eaed21","value":null,"state":"success","hCode":249815338,"class":"org.openqa.selenium.remote.Response"}
COMMAND: POST http://localhost:4445/wd/hub/session/583901277e8841f59eabad1698eaed21/element - {"using":"xpath","value":"//li[6]/a/span"}
RESULT: {"status":0,"sessionId":"583901277e8841f59eabad1698eaed21","value":{"ELEMENT":"9"},"state":"success","hCode":546949255,"class":"org.openqa.selenium.remote.Response"}
COMMAND: GET http://localhost:4445/wd/hub/session/583901277e8841f59eabad1698eaed21/element/9/text - {}
RESULT: {"status":0,"sessionId":"583901277e8841f59eabad1698eaed21","value":"Time Off","state":"success","hCode":862394111,"class":"org.openqa.selenium.remote.Response"}
COMMAND: POST http://localhost:4445/wd/hub/session/583901277e8841f59eabad1698eaed21/element - {"using":"xpath","value":"//li[6]/a/span"}
RESULT: {"status":0,"sessionId":"583901277e8841f59eabad1698eaed21","value":{"ELEMENT":"9"},"state":"success","hCode":987284690,"class":"org.openqa.selenium.remote.Response"}
COMMAND: POST http://localhost:4445/wd/hub/session/583901277e8841f59eabad1698eaed21/element/9/click - {}
RESULT: {"message":"Stale element reference (WARNING: The server did not provide any stacktrace information)\nCommand duration or timeout: 47 milliseconds\nFor documentation on this error, please visit: http://seleniumhq.org/exceptions/stale_element_reference.html\nBuild info: version: '2.52.0', revision: '4c2593c', time: '2016-02-11 19:06:42'\nSystem info: host: 'sauce-win10', ip: '10.100.18.139', os.name: 'Windows 10', os.arch: 'amd64', os.version: '10.0', java.version: '1.8.0_131'\nDriver info: org.openqa.selenium.edge.EdgeDriver\nCapabilities [{applicationCacheEnabled=true, InPrivate=false, pageLoadStrategy=normal, platform=ANY, acceptSslCerts=true, browserVersion=41.16299.15.0, platformVersion=10, locationContextEnabled=true, webStorageEnabled=true, browserName=MicrosoftEdge, takesScreenshot=true, takesElementScreenshot=true, platformName=windows}]\nSession ID: XXXXXXXX-XXXX-XXXX-XXXX-XXXXF01B422E","type":"RuntimeError","seleniumStack":{"type":"StaleElementReference","message":"An element command failed because the referenced element is no longer attached to the DOM.","orgStatusMessage":"Stale element reference (WARNING: The server did not provide any stacktrace information)\nCommand duration or timeout: 47 milliseconds\nFor documentation on this error, please visit: http://seleniumhq.org/exceptions/stale_element_reference.html\nBuild info: version: '2.52.0', revision: '4c2593c', time: '2016-02-11 19:06:42'\nSystem info: host: 'sauce-win10', ip: '10.100.18.139', os.name: 'Windows 10', os.arch: 'amd64', os.version: '10.0', java.version: '1.8.0_131'\nDriver info: org.openqa.selenium.edge.EdgeDriver\nCapabilities [{applicationCacheEnabled=true, InPrivate=false, pageLoadStrategy=normal, platform=ANY, acceptSslCerts=true, browserVersion=41.16299.15.0, platformVersion=10, locationContextEnabled=true, webStorageEnabled=true, browserName=MicrosoftEdge, takesScreenshot=true, takesElementScreenshot=true, platformName=windows}]\nSession ID: XXXXXXXX-XXXX-XXXX-XXXX-XXXXF01B422E"}}
COMMAND: POST http://localhost:4445/wd/hub/session/583901277e8841f59eabad1698eaed21/element - {"using":"xpath","value":"//li[6]/a/span"}
RESULT: {"status":0,"sessionId":"583901277e8841f59eabad1698eaed21","value":{"ELEMENT":"10"},"state":"success","hCode":1162698932,"class":"org.openqa.selenium.remote.Response"}
COMMAND: POST http://localhost:4445/wd/hub/session/583901277e8841f59eabad1698eaed21/element/10/click - {}
RESULT: {"status":0,"sessionId":"583901277e8841f59eabad1698eaed21","value":null,"state":"success","hCode":1461813289,"class":"org.openqa.selenium.remote.Response"}
COMMAND: POST http://localhost:4445/wd/hub/session/583901277e8841f59eabad1698eaed21/element - {"using":"xpath","value":"//li[7]/a/span"}
RESULT: {"status":0,"sessionId":"583901277e8841f59eabad1698eaed21","value":{"ELEMENT":"11"},"state":"success","hCode":750559597,"class":"org.openqa.selenium.remote.Response"}
COMMAND: GET http://localhost:4445/wd/hub/session/583901277e8841f59eabad1698eaed21/element/11/text - {}
RESULT: {"message":"Stale element reference (WARNING: The server did not provide any stacktrace information)\nCommand duration or timeout: 31 milliseconds\nFor documentation on this error, please visit: http://seleniumhq.org/exceptions/stale_element_reference.html\nBuild info: version: '2.52.0', revision: '4c2593c', time: '2016-02-11 19:06:42'\nSystem info: host: 'sauce-win10', ip: '10.100.18.139', os.name: 'Windows 10', os.arch: 'amd64', os.version: '10.0', java.version: '1.8.0_131'\nDriver info: org.openqa.selenium.edge.EdgeDriver\nCapabilities [{applicationCacheEnabled=true, InPrivate=false, pageLoadStrategy=normal, platform=ANY, acceptSslCerts=true, browserVersion=41.16299.15.0, platformVersion=10, locationContextEnabled=true, webStorageEnabled=true, browserName=MicrosoftEdge, takesScreenshot=true, takesElementScreenshot=true, platformName=windows}]\nSession ID: XXXXXXXX-XXXX-XXXX-XXXX-XXXXF01B422E","type":"RuntimeError","seleniumStack":{"type":"StaleElementReference","message":"An element command failed because the referenced element is no longer attached to the DOM.","orgStatusMessage":"Stale element reference (WARNING: The server did not provide any stacktrace information)\nCommand duration or timeout: 31 milliseconds\nFor documentation on this error, please visit: http://seleniumhq.org/exceptions/stale_element_reference.html\nBuild info: version: '2.52.0', revision: '4c2593c', time: '2016-02-11 19:06:42'\nSystem info: host: 'sauce-win10', ip: '10.100.18.139', os.name: 'Windows 10', os.arch: 'amd64', os.version: '10.0', java.version: '1.8.0_131'\nDriver info: org.openqa.selenium.edge.EdgeDriver\nCapabilities [{applicationCacheEnabled=true, InPrivate=false, pageLoadStrategy=normal, platform=ANY, acceptSslCerts=true, browserVersion=41.16299.15.0, platformVersion=10, locationContextEnabled=true, webStorageEnabled=true, browserName=MicrosoftEdge, takesScreenshot=true, takesElementScreenshot=true, platformName=windows}]\nSession ID: XXXXXXXX-XXXX-XXXX-XXXX-XXXXF01B422E"}}
COMMAND: POST http://localhost:4445/wd/hub/session/583901277e8841f59eabad1698eaed21/elements - {"using":"xpath","value":"//li[7]/a/span"}
RESULT: {"status":0,"sessionId":"583901277e8841f59eabad1698eaed21","value":[{"ELEMENT":"12"}],"state":"success","hCode":2070727107,"class":"org.openqa.selenium.remote.Response"}
COMMAND: GET http://localhost:4445/wd/hub/session/583901277e8841f59eabad1698eaed21/element/12/text - {}
RESULT: {"status":0,"sessionId":"583901277e8841f59eabad1698eaed21","value":"Calendar","state":"success","hCode":1115283046,"class":"org.openqa.selenium.remote.Response"}
COMMAND: POST http://localhost:4445/wd/hub/session/583901277e8841f59eabad1698eaed21/element - {"using":"xpath","value":"//li[7]/a/span"}
RESULT: {"status":0,"sessionId":"583901277e8841f59eabad1698eaed21","value":{"ELEMENT":"12"},"state":"success","hCode":1637123292,"class":"org.openqa.selenium.remote.Response"}
COMMAND: POST http://localhost:4445/wd/hub/session/583901277e8841f59eabad1698eaed21/element/12/click - {}
RESULT: {"status":0,"sessionId":"583901277e8841f59eabad1698eaed21","value":null,"state":"success","hCode":1177029330,"class":"org.openqa.selenium.remote.Response"}
COMMAND: POST http://localhost:4445/wd/hub/session/583901277e8841f59eabad1698eaed21/element - {"using":"xpath","value":"//li[8]/a/span"}
RESULT: {"message":"No such element (WARNING: The server did not provide any stacktrace information)\nCommand duration or timeout: 78 milliseconds\nFor documentation on this error, please visit: http://seleniumhq.org/exceptions/no_such_element.html\nBuild info: version: '2.52.0', revision: '4c2593c', time: '2016-02-11 19:06:42'\nSystem info: host: 'sauce-win10', ip: '10.100.18.139', os.name: 'Windows 10', os.arch: 'amd64', os.version: '10.0', java.version: '1.8.0_131'\nDriver info: org.openqa.selenium.edge.EdgeDriver\nCapabilities [{applicationCacheEnabled=true, InPrivate=false, pageLoadStrategy=normal, platform=ANY, acceptSslCerts=true, browserVersion=41.16299.15.0, platformVersion=10, locationContextEnabled=true, webStorageEnabled=true, browserName=MicrosoftEdge, takesScreenshot=true, takesElementScreenshot=true, platformName=windows}]\nSession ID: XXXXXXXX-XXXX-XXXX-XXXX-XXXXF01B422E\n*** Element info: {Using=xpath, value=//li[8]/a/span}","type":"RuntimeError","seleniumStack":{"type":"NoSuchElement","message":"An element could not be located on the page using the given search parameters.","orgStatusMessage":"No such element (WARNING: The server did not provide any stacktrace information)\nCommand duration or timeout: 78 milliseconds\nFor documentation on this error, please visit: http://seleniumhq.org/exceptions/no_such_element.html\nBuild info: version: '2.52.0', revision: '4c2593c', time: '2016-02-11 19:06:42'\nSystem info: host: 'sauce-win10', ip: '10.100.18.139', os.name: 'Windows 10', os.arch: 'amd64', os.version: '10.0', java.version: '1.8.0_131'\nDriver info: org.openqa.selenium.edge.EdgeDriver\nCapabilities [{applicationCacheEnabled=true, InPrivate=false, pageLoadStrategy=normal, platform=ANY, acceptSslCerts=true, browserVersion=41.16299.15.0, platformVersion=10, locationContextEnabled=true, webStorageEnabled=true, browserName=MicrosoftEdge, takesScreenshot=true, takesElementScreenshot=true, platformName=windows}]\nSession ID: XXXXXXXX-XXXX-XXXX-XXXX-XXXXF01B422E\n*** Element info: {Using=xpath, value=//li[8]/a/span}"}}
COMMAND: GET http://localhost:4445/wd/hub/session/583901277e8841f59eabad1698eaed21/screenshot - {}
RESULT: null
]]>
      </system-out>
      <system-err>
        <![CDATA[
Error: An element could not be located on the page using the given search parameters ("//li[8]/a/span").
    at getText() - index.js:312:3
]]>
      </system-err>
    </testcase>
    <testcase classname="microsoftedge.16_16299.windows10.Employee" name="test_should_verify_that_the_user_can_start_and_functionally_use_the_benefit_enrollment_form_and_pages" time="15.99">
      <system-out>
        <![CDATA[
COMMAND: POST http://localhost:4445/wd/hub/session/583901277e8841f59eabad1698eaed21/execute - {"script":"sauce:context=Employee - test should verify that the user can start and functionally use the benefit enrollment form and pages.","args":[]}
RESULT: {"status":0,"sessionId":"583901277e8841f59eabad1698eaed21","value":""}
COMMAND: POST http://localhost:4445/wd/hub/session/583901277e8841f59eabad1698eaed21/url - {"url":"https://qualitycompany.new.easecentral.com/?rn354KXxhGrhIBM+aK/NPnwSOqk0YHAfeSiGt6h8IyM=_e87197d5d6178e51225f9e95381d5f5958343f2423bfd87b2a4f87affe180435ec"}
RESULT: {"status":0,"sessionId":"583901277e8841f59eabad1698eaed21","value":null,"state":"success","hCode":1894113518,"class":"org.openqa.selenium.remote.Response"}
COMMAND: GET http://localhost:4445/wd/hub/session/583901277e8841f59eabad1698eaed21/url - {}
RESULT: {"status":0,"sessionId":"583901277e8841f59eabad1698eaed21","value":"https://qualitycompany.new.easecentral.com/?rn354KXxhGrhIBM+aK/NPnwSOqk0YHAfeSiGt6h8IyM=_e87197d5d6178e51225f9e95381d5f5958343f2423bfd87b2a4f87affe180435ec","state":"success","hCode":727215739,"class":"org.openqa.selenium.remote.Response"}
COMMAND: POST http://localhost:4445/wd/hub/session/583901277e8841f59eabad1698eaed21/element - {"using":"css selector","value":"button.c-button.c-dash-bar__btn.c-dash-bar__btn--success"}
RESULT: {"status":0,"sessionId":"583901277e8841f59eabad1698eaed21","value":{"ELEMENT":"13"},"state":"success","hCode":193716815,"class":"org.openqa.selenium.remote.Response"}
COMMAND: GET http://localhost:4445/wd/hub/session/583901277e8841f59eabad1698eaed21/element/13/text - {}
RESULT: {"status":0,"sessionId":"583901277e8841f59eabad1698eaed21","value":"Start Enrollment","state":"success","hCode":1783751859,"class":"org.openqa.selenium.remote.Response"}
COMMAND: POST http://localhost:4445/wd/hub/session/583901277e8841f59eabad1698eaed21/element - {"using":"css selector","value":"button.c-button.c-dash-bar__btn.c-dash-bar__btn--success"}
RESULT: {"status":0,"sessionId":"583901277e8841f59eabad1698eaed21","value":{"ELEMENT":"13"},"state":"success","hCode":896306055,"class":"org.openqa.selenium.remote.Response"}
COMMAND: POST http://localhost:4445/wd/hub/session/583901277e8841f59eabad1698eaed21/element/13/click - {}
RESULT: {"status":0,"sessionId":"583901277e8841f59eabad1698eaed21","value":null,"state":"success","hCode":1563365607,"class":"org.openqa.selenium.remote.Response"}
COMMAND: POST http://localhost:4445/wd/hub/session/583901277e8841f59eabad1698eaed21/element - {"using":"css selector","value":"button.c-button--xl.button.c-button"}
RESULT: {"status":0,"sessionId":"583901277e8841f59eabad1698eaed21","value":{"ELEMENT":"14"},"state":"success","hCode":165812375,"class":"org.openqa.selenium.remote.Response"}
COMMAND: POST http://localhost:4445/wd/hub/session/583901277e8841f59eabad1698eaed21/element/14/click - {}
RESULT: {"status":0,"sessionId":"583901277e8841f59eabad1698eaed21","value":null,"state":"success","hCode":1827869028,"class":"org.openqa.selenium.remote.Response"}
COMMAND: DELETE http://localhost:4445/wd/hub/session/583901277e8841f59eabad1698eaed21 - {}
RESULT: {"status":0,"sessionId":"583901277e8841f59eabad1698eaed21","value":""}
]]>
      </system-out>
    </testcase>
  </testsuite>
</testsuites>