<?xml version="1.0" encoding="UTF-8"?>
<testsuites>
  <testsuite name="EaseCentral" timestamp="2018-08-10T15:08:59" time="83.817" tests="0" failures="0" errors="0" skipped="0">
    <properties>
      <property name="specId" value="a8837d1befc8787b212ec837b9e83a8e"/>
      <property name="suiteName" value="EaseCentral"/>
      <property name="capabilities" value="firefox.mac"/>
      <property name="file" value="./test/specs/home.test.spec.js"/>
    </properties>
  </testsuite>
  <testsuite name="Home" timestamp="2018-08-10T15:08:59" time="83.816" tests="4" failures="0" errors="0" skipped="0">
    <properties>
      <property name="specId" value="a8837d1befc8787b212ec837b9e83a8e"/>
      <property name="suiteName" value="Home"/>
      <property name="capabilities" value="firefox.mac"/>
      <property name="file" value="./test/specs/home.test.spec.js"/>
    </properties>
    <testcase classname="firefox.mac.Home" name="test_that_the_page_is_accessible_and_opens_in_browser" time="3.76">
      <system-out>
        <![CDATA[
COMMAND: POST http://127.0.0.1:4444/wd/hub/session/9a45dbb2-417f-1740-ad07-1e4b1e0dbb46/url - {"url":"https://www.easecentral.com/"}
RESULT: {"state":"success","sessionId":null,"hCode":1745748861,"value":{},"class":"org.openqa.selenium.remote.Response","status":0}
RESULT: {"state":"success","sessionId":null,"hCode":1837600050,"value":{},"class":"org.openqa.selenium.remote.Response","status":0}
]]>
      </system-out>
    </testcase>
    <testcase classname="firefox.mac.Home" name="test_that_all_page_links_are_functional" time="58.732">
      <system-out>
        <![CDATA[
COMMAND: POST http://127.0.0.1:4444/wd/hub/session/9a45dbb2-417f-1740-ad07-1e4b1e0dbb46/element - {"using":"xpath","value":"//*[@id=\"header\"]/div/div/div/div/div[1]/div/a[1]"}
RESULT: {"state":"success","sessionId":null,"hCode":750421769,"value":{"element-6066-11e4-a52e-4f735466cecf":"1b966a76-e181-7347-b02c-96402aa78364"},"class":"org.openqa.selenium.remote.Response","status":0}
COMMAND: GET http://127.0.0.1:4444/wd/hub/session/9a45dbb2-417f-1740-ad07-1e4b1e0dbb46/element/1b966a76-e181-7347-b02c-96402aa78364/text - {}
RESULT: {"state":"success","sessionId":null,"hCode":1537253105,"value":"FEATURES","class":"org.openqa.selenium.remote.Response","status":0}
COMMAND: POST http://127.0.0.1:4444/wd/hub/session/9a45dbb2-417f-1740-ad07-1e4b1e0dbb46/element - {"using":"xpath","value":"//*[@id=\"header\"]/div/div/div/div/div[1]/div/a[1]"}
RESULT: {"state":"success","sessionId":null,"hCode":963925935,"value":{"element-6066-11e4-a52e-4f735466cecf":"1b966a76-e181-7347-b02c-96402aa78364"},"class":"org.openqa.selenium.remote.Response","status":0}
COMMAND: GET http://127.0.0.1:4444/wd/hub/session/9a45dbb2-417f-1740-ad07-1e4b1e0dbb46/element/1b966a76-e181-7347-b02c-96402aa78364/attribute/href - {}
RESULT: {"state":"success","sessionId":null,"hCode":1303219161,"value":"https://www.easecentral.com/features/","class":"org.openqa.selenium.remote.Response","status":0}
COMMAND: POST http://127.0.0.1:4444/wd/hub/session/9a45dbb2-417f-1740-ad07-1e4b1e0dbb46/element - {"using":"xpath","value":"//*[@id=\"header\"]/div/div/div/div/div[1]/div/a[1]"}
RESULT: {"state":"success","sessionId":null,"hCode":282307503,"value":{"element-6066-11e4-a52e-4f735466cecf":"1b966a76-e181-7347-b02c-96402aa78364"},"class":"org.openqa.selenium.remote.Response","status":0}
COMMAND: POST http://127.0.0.1:4444/wd/hub/session/9a45dbb2-417f-1740-ad07-1e4b1e0dbb46/element/1b966a76-e181-7347-b02c-96402aa78364/click - {}
RESULT: {"state":"success","sessionId":null,"hCode":1054829060,"value":{},"class":"org.openqa.selenium.remote.Response","status":0}
COMMAND: POST http://127.0.0.1:4444/wd/hub/session/9a45dbb2-417f-1740-ad07-1e4b1e0dbb46/url - {"url":"https://www.easecentral.com/"}
RESULT: {"state":"success","sessionId":null,"hCode":1083129906,"value":{},"class":"org.openqa.selenium.remote.Response","status":0}
COMMAND: POST http://127.0.0.1:4444/wd/hub/session/9a45dbb2-417f-1740-ad07-1e4b1e0dbb46/element - {"using":"xpath","value":"//*[@id=\"header\"]/div/div/div/div/div[1]/div/a[2]"}
RESULT: {"state":"success","sessionId":null,"hCode":1962077188,"value":{"element-6066-11e4-a52e-4f735466cecf":"ce49dd48-7fc9-b64a-b67b-be58de996ff1"},"class":"org.openqa.selenium.remote.Response","status":0}
COMMAND: GET http://127.0.0.1:4444/wd/hub/session/9a45dbb2-417f-1740-ad07-1e4b1e0dbb46/element/ce49dd48-7fc9-b64a-b67b-be58de996ff1/text - {}
RESULT: {"state":"success","sessionId":null,"hCode":1665200197,"value":"PRICING","class":"org.openqa.selenium.remote.Response","status":0}
COMMAND: POST http://127.0.0.1:4444/wd/hub/session/9a45dbb2-417f-1740-ad07-1e4b1e0dbb46/element - {"using":"xpath","value":"//*[@id=\"header\"]/div/div/div/div/div[1]/div/a[2]"}
RESULT: {"state":"success","sessionId":null,"hCode":1879192737,"value":{"element-6066-11e4-a52e-4f735466cecf":"ce49dd48-7fc9-b64a-b67b-be58de996ff1"},"class":"org.openqa.selenium.remote.Response","status":0}
COMMAND: GET http://127.0.0.1:4444/wd/hub/session/9a45dbb2-417f-1740-ad07-1e4b1e0dbb46/element/ce49dd48-7fc9-b64a-b67b-be58de996ff1/attribute/href - {}
RESULT: {"state":"success","sessionId":null,"hCode":24997137,"value":"https://www.easecentral.com/pricing/","class":"org.openqa.selenium.remote.Response","status":0}
COMMAND: POST http://127.0.0.1:4444/wd/hub/session/9a45dbb2-417f-1740-ad07-1e4b1e0dbb46/element - {"using":"xpath","value":"//*[@id=\"header\"]/div/div/div/div/div[1]/div/a[2]"}
RESULT: {"state":"success","sessionId":null,"hCode":1440171991,"value":{"element-6066-11e4-a52e-4f735466cecf":"ce49dd48-7fc9-b64a-b67b-be58de996ff1"},"class":"org.openqa.selenium.remote.Response","status":0}
COMMAND: POST http://127.0.0.1:4444/wd/hub/session/9a45dbb2-417f-1740-ad07-1e4b1e0dbb46/element/ce49dd48-7fc9-b64a-b67b-be58de996ff1/click - {}
RESULT: {"state":"success","sessionId":null,"hCode":16313696,"value":{},"class":"org.openqa.selenium.remote.Response","status":0}
COMMAND: POST http://127.0.0.1:4444/wd/hub/session/9a45dbb2-417f-1740-ad07-1e4b1e0dbb46/url - {"url":"https://www.easecentral.com/"}
RESULT: {"state":"success","sessionId":null,"hCode":1869071427,"value":{},"class":"org.openqa.selenium.remote.Response","status":0}
COMMAND: POST http://127.0.0.1:4444/wd/hub/session/9a45dbb2-417f-1740-ad07-1e4b1e0dbb46/element - {"using":"xpath","value":"//*[@id=\"header\"]/div/div/div/div/div[1]/div/a[3]"}
RESULT: {"state":"success","sessionId":null,"hCode":1629904377,"value":{"element-6066-11e4-a52e-4f735466cecf":"88b17e97-478d-a84d-9e94-565b72366ee5"},"class":"org.openqa.selenium.remote.Response","status":0}
COMMAND: GET http://127.0.0.1:4444/wd/hub/session/9a45dbb2-417f-1740-ad07-1e4b1e0dbb46/element/88b17e97-478d-a84d-9e94-565b72366ee5/text - {}
RESULT: {"state":"success","sessionId":null,"hCode":920700037,"value":"MARKETPLACE","class":"org.openqa.selenium.remote.Response","status":0}
COMMAND: POST http://127.0.0.1:4444/wd/hub/session/9a45dbb2-417f-1740-ad07-1e4b1e0dbb46/element - {"using":"xpath","value":"//*[@id=\"header\"]/div/div/div/div/div[1]/div/a[3]"}
RESULT: {"state":"success","sessionId":null,"hCode":1140682523,"value":{"element-6066-11e4-a52e-4f735466cecf":"88b17e97-478d-a84d-9e94-565b72366ee5"},"class":"org.openqa.selenium.remote.Response","status":0}
COMMAND: GET http://127.0.0.1:4444/wd/hub/session/9a45dbb2-417f-1740-ad07-1e4b1e0dbb46/element/88b17e97-478d-a84d-9e94-565b72366ee5/attribute/href - {}
RESULT: {"state":"success","sessionId":null,"hCode":638981270,"value":"https://www.easecentral.com/marketplace/","class":"org.openqa.selenium.remote.Response","status":0}
COMMAND: POST http://127.0.0.1:4444/wd/hub/session/9a45dbb2-417f-1740-ad07-1e4b1e0dbb46/element - {"using":"xpath","value":"//*[@id=\"header\"]/div/div/div/div/div[1]/div/a[3]"}
RESULT: {"state":"success","sessionId":null,"hCode":933713409,"value":{"element-6066-11e4-a52e-4f735466cecf":"88b17e97-478d-a84d-9e94-565b72366ee5"},"class":"org.openqa.selenium.remote.Response","status":0}
COMMAND: POST http://127.0.0.1:4444/wd/hub/session/9a45dbb2-417f-1740-ad07-1e4b1e0dbb46/element/88b17e97-478d-a84d-9e94-565b72366ee5/click - {}
RESULT: {"state":"success","sessionId":null,"hCode":1993380219,"value":{},"class":"org.openqa.selenium.remote.Response","status":0}
COMMAND: POST http://127.0.0.1:4444/wd/hub/session/9a45dbb2-417f-1740-ad07-1e4b1e0dbb46/url - {"url":"https://www.easecentral.com/"}
RESULT: {"state":"success","sessionId":null,"hCode":1668895376,"value":{},"class":"org.openqa.selenium.remote.Response","status":0}
COMMAND: POST http://127.0.0.1:4444/wd/hub/session/9a45dbb2-417f-1740-ad07-1e4b1e0dbb46/element - {"using":"xpath","value":"//*[@id=\"header\"]/div/div/div/div/div[1]/div/a[4]"}
RESULT: {"state":"success","sessionId":null,"hCode":1438270811,"value":{"element-6066-11e4-a52e-4f735466cecf":"7328fc3a-726e-2d45-ad0f-0fe2d2cbfbc6"},"class":"org.openqa.selenium.remote.Response","status":0}
COMMAND: GET http://127.0.0.1:4444/wd/hub/session/9a45dbb2-417f-1740-ad07-1e4b1e0dbb46/element/7328fc3a-726e-2d45-ad0f-0fe2d2cbfbc6/text - {}
RESULT: {"state":"success","sessionId":null,"hCode":173779392,"value":"EMPLOYERS","class":"org.openqa.selenium.remote.Response","status":0}
COMMAND: POST http://127.0.0.1:4444/wd/hub/session/9a45dbb2-417f-1740-ad07-1e4b1e0dbb46/element - {"using":"xpath","value":"//*[@id=\"header\"]/div/div/div/div/div[1]/div/a[4]"}
RESULT: {"state":"success","sessionId":null,"hCode":821966624,"value":{"element-6066-11e4-a52e-4f735466cecf":"7328fc3a-726e-2d45-ad0f-0fe2d2cbfbc6"},"class":"org.openqa.selenium.remote.Response","status":0}
COMMAND: GET http://127.0.0.1:4444/wd/hub/session/9a45dbb2-417f-1740-ad07-1e4b1e0dbb46/element/7328fc3a-726e-2d45-ad0f-0fe2d2cbfbc6/attribute/href - {}
RESULT: {"state":"success","sessionId":null,"hCode":127537278,"value":"https://www.easecentral.com/employers/","class":"org.openqa.selenium.remote.Response","status":0}
COMMAND: POST http://127.0.0.1:4444/wd/hub/session/9a45dbb2-417f-1740-ad07-1e4b1e0dbb46/element - {"using":"xpath","value":"//*[@id=\"header\"]/div/div/div/div/div[1]/div/a[4]"}
RESULT: {"state":"success","sessionId":null,"hCode":1167494113,"value":{"element-6066-11e4-a52e-4f735466cecf":"7328fc3a-726e-2d45-ad0f-0fe2d2cbfbc6"},"class":"org.openqa.selenium.remote.Response","status":0}
COMMAND: POST http://127.0.0.1:4444/wd/hub/session/9a45dbb2-417f-1740-ad07-1e4b1e0dbb46/element/7328fc3a-726e-2d45-ad0f-0fe2d2cbfbc6/click - {}
RESULT: {"state":"success","sessionId":null,"hCode":933529538,"value":{},"class":"org.openqa.selenium.remote.Response","status":0}
COMMAND: POST http://127.0.0.1:4444/wd/hub/session/9a45dbb2-417f-1740-ad07-1e4b1e0dbb46/url - {"url":"https://www.easecentral.com/"}
RESULT: {"state":"success","sessionId":null,"hCode":1055502100,"value":{},"class":"org.openqa.selenium.remote.Response","status":0}
COMMAND: POST http://127.0.0.1:4444/wd/hub/session/9a45dbb2-417f-1740-ad07-1e4b1e0dbb46/element - {"using":"xpath","value":"//a[contains(@href, \"/security/\")]"}
RESULT: {"state":"success","sessionId":null,"hCode":506177043,"value":{"element-6066-11e4-a52e-4f735466cecf":"31a81c18-6957-1a4a-a05a-0563d5e2681b"},"class":"org.openqa.selenium.remote.Response","status":0}
COMMAND: GET http://127.0.0.1:4444/wd/hub/session/9a45dbb2-417f-1740-ad07-1e4b1e0dbb46/element/31a81c18-6957-1a4a-a05a-0563d5e2681b/text - {}
RESULT: {"state":"success","sessionId":null,"hCode":758913286,"value":"Security","class":"org.openqa.selenium.remote.Response","status":0}
COMMAND: POST http://127.0.0.1:4444/wd/hub/session/9a45dbb2-417f-1740-ad07-1e4b1e0dbb46/element - {"using":"xpath","value":"//a[contains(@href, \"/security/\")]"}
RESULT: {"state":"success","sessionId":null,"hCode":1980330222,"value":{"element-6066-11e4-a52e-4f735466cecf":"31a81c18-6957-1a4a-a05a-0563d5e2681b"},"class":"org.openqa.selenium.remote.Response","status":0}
COMMAND: GET http://127.0.0.1:4444/wd/hub/session/9a45dbb2-417f-1740-ad07-1e4b1e0dbb46/element/31a81c18-6957-1a4a-a05a-0563d5e2681b/attribute/href - {}
RESULT: {"state":"success","sessionId":null,"hCode":333771915,"value":"https://www.easecentral.com/security/","class":"org.openqa.selenium.remote.Response","status":0}
COMMAND: POST http://127.0.0.1:4444/wd/hub/session/9a45dbb2-417f-1740-ad07-1e4b1e0dbb46/element - {"using":"xpath","value":"//a[contains(@href, \"/security/\")]"}
RESULT: {"state":"success","sessionId":null,"hCode":275504872,"value":{"element-6066-11e4-a52e-4f735466cecf":"31a81c18-6957-1a4a-a05a-0563d5e2681b"},"class":"org.openqa.selenium.remote.Response","status":0}
COMMAND: POST http://127.0.0.1:4444/wd/hub/session/9a45dbb2-417f-1740-ad07-1e4b1e0dbb46/element/31a81c18-6957-1a4a-a05a-0563d5e2681b/click - {}
RESULT: {"state":"success","sessionId":null,"hCode":832572752,"value":{},"class":"org.openqa.selenium.remote.Response","status":0}
COMMAND: POST http://127.0.0.1:4444/wd/hub/session/9a45dbb2-417f-1740-ad07-1e4b1e0dbb46/url - {"url":"https://www.easecentral.com/"}
RESULT: {"state":"success","sessionId":null,"hCode":410029919,"value":{},"class":"org.openqa.selenium.remote.Response","status":0}
COMMAND: POST http://127.0.0.1:4444/wd/hub/session/9a45dbb2-417f-1740-ad07-1e4b1e0dbb46/element - {"using":"xpath","value":"//a[contains(text(),\"Careers\")]"}
RESULT: {"state":"success","sessionId":null,"hCode":192090009,"value":{"element-6066-11e4-a52e-4f735466cecf":"8a96a0b5-6eec-bb44-8203-af24b431b6c5"},"class":"org.openqa.selenium.remote.Response","status":0}
COMMAND: GET http://127.0.0.1:4444/wd/hub/session/9a45dbb2-417f-1740-ad07-1e4b1e0dbb46/element/8a96a0b5-6eec-bb44-8203-af24b431b6c5/text - {}
RESULT: {"state":"success","sessionId":null,"hCode":1429899512,"value":"Careers","class":"org.openqa.selenium.remote.Response","status":0}
COMMAND: POST http://127.0.0.1:4444/wd/hub/session/9a45dbb2-417f-1740-ad07-1e4b1e0dbb46/element - {"using":"xpath","value":"//a[contains(text(),\"Careers\")]"}
RESULT: {"state":"success","sessionId":null,"hCode":1051646165,"value":{"element-6066-11e4-a52e-4f735466cecf":"8a96a0b5-6eec-bb44-8203-af24b431b6c5"},"class":"org.openqa.selenium.remote.Response","status":0}
COMMAND: GET http://127.0.0.1:4444/wd/hub/session/9a45dbb2-417f-1740-ad07-1e4b1e0dbb46/element/8a96a0b5-6eec-bb44-8203-af24b431b6c5/attribute/href - {}
RESULT: {"state":"success","sessionId":null,"hCode":1689329241,"value":"https://www.easecentral.com/careers","class":"org.openqa.selenium.remote.Response","status":0}
COMMAND: POST http://127.0.0.1:4444/wd/hub/session/9a45dbb2-417f-1740-ad07-1e4b1e0dbb46/element - {"using":"xpath","value":"//a[contains(text(),\"Careers\")]"}
RESULT: {"state":"success","sessionId":null,"hCode":76589407,"value":{"element-6066-11e4-a52e-4f735466cecf":"8a96a0b5-6eec-bb44-8203-af24b431b6c5"},"class":"org.openqa.selenium.remote.Response","status":0}
COMMAND: POST http://127.0.0.1:4444/wd/hub/session/9a45dbb2-417f-1740-ad07-1e4b1e0dbb46/element/8a96a0b5-6eec-bb44-8203-af24b431b6c5/click - {}
RESULT: {"state":"success","sessionId":null,"hCode":1284591960,"value":{},"class":"org.openqa.selenium.remote.Response","status":0}
COMMAND: POST http://127.0.0.1:4444/wd/hub/session/9a45dbb2-417f-1740-ad07-1e4b1e0dbb46/url - {"url":"https://www.easecentral.com/"}
RESULT: {"state":"success","sessionId":null,"hCode":1272478358,"value":{},"class":"org.openqa.selenium.remote.Response","status":0}
COMMAND: POST http://127.0.0.1:4444/wd/hub/session/9a45dbb2-417f-1740-ad07-1e4b1e0dbb46/element - {"using":"xpath","value":"//a[contains(text(),\"Privacy Policy\")]"}
RESULT: {"state":"success","sessionId":null,"hCode":1542132354,"value":{"element-6066-11e4-a52e-4f735466cecf":"34a123c1-7100-7a46-a85f-7f88328a6671"},"class":"org.openqa.selenium.remote.Response","status":0}
COMMAND: GET http://127.0.0.1:4444/wd/hub/session/9a45dbb2-417f-1740-ad07-1e4b1e0dbb46/element/34a123c1-7100-7a46-a85f-7f88328a6671/text - {}
RESULT: {"state":"success","sessionId":null,"hCode":109028252,"value":"Privacy Policy","class":"org.openqa.selenium.remote.Response","status":0}
COMMAND: POST http://127.0.0.1:4444/wd/hub/session/9a45dbb2-417f-1740-ad07-1e4b1e0dbb46/element - {"using":"xpath","value":"//a[contains(text(),\"Privacy Policy\")]"}
RESULT: {"state":"success","sessionId":null,"hCode":742609338,"value":{"element-6066-11e4-a52e-4f735466cecf":"34a123c1-7100-7a46-a85f-7f88328a6671"},"class":"org.openqa.selenium.remote.Response","status":0}
COMMAND: GET http://127.0.0.1:4444/wd/hub/session/9a45dbb2-417f-1740-ad07-1e4b1e0dbb46/element/34a123c1-7100-7a46-a85f-7f88328a6671/attribute/href - {}
RESULT: {"state":"success","sessionId":null,"hCode":1644874164,"value":"https://www.easecentral.com/privacy/","class":"org.openqa.selenium.remote.Response","status":0}
COMMAND: POST http://127.0.0.1:4444/wd/hub/session/9a45dbb2-417f-1740-ad07-1e4b1e0dbb46/element - {"using":"xpath","value":"//a[contains(text(),\"Privacy Policy\")]"}
RESULT: {"state":"success","sessionId":null,"hCode":1490498421,"value":{"element-6066-11e4-a52e-4f735466cecf":"34a123c1-7100-7a46-a85f-7f88328a6671"},"class":"org.openqa.selenium.remote.Response","status":0}
COMMAND: POST http://127.0.0.1:4444/wd/hub/session/9a45dbb2-417f-1740-ad07-1e4b1e0dbb46/element/34a123c1-7100-7a46-a85f-7f88328a6671/click - {}
RESULT: {"state":"success","sessionId":null,"hCode":754357047,"value":{},"class":"org.openqa.selenium.remote.Response","status":0}
COMMAND: POST http://127.0.0.1:4444/wd/hub/session/9a45dbb2-417f-1740-ad07-1e4b1e0dbb46/url - {"url":"https://www.easecentral.com/"}
RESULT: {"state":"success","sessionId":null,"hCode":1187593878,"value":{},"class":"org.openqa.selenium.remote.Response","status":0}
COMMAND: POST http://127.0.0.1:4444/wd/hub/session/9a45dbb2-417f-1740-ad07-1e4b1e0dbb46/element - {"using":"xpath","value":"//a[contains(text(),\"Terms of Service\")]"}
RESULT: {"state":"success","sessionId":null,"hCode":1803116598,"value":{"element-6066-11e4-a52e-4f735466cecf":"fb3548b7-7542-6c4e-af69-e48f5037c2b1"},"class":"org.openqa.selenium.remote.Response","status":0}
COMMAND: GET http://127.0.0.1:4444/wd/hub/session/9a45dbb2-417f-1740-ad07-1e4b1e0dbb46/element/fb3548b7-7542-6c4e-af69-e48f5037c2b1/text - {}
RESULT: {"state":"success","sessionId":null,"hCode":1690539638,"value":"Terms of Service","class":"org.openqa.selenium.remote.Response","status":0}
COMMAND: POST http://127.0.0.1:4444/wd/hub/session/9a45dbb2-417f-1740-ad07-1e4b1e0dbb46/element - {"using":"xpath","value":"//a[contains(text(),\"Terms of Service\")]"}
RESULT: {"state":"success","sessionId":null,"hCode":1178931426,"value":{"element-6066-11e4-a52e-4f735466cecf":"fb3548b7-7542-6c4e-af69-e48f5037c2b1"},"class":"org.openqa.selenium.remote.Response","status":0}
COMMAND: GET http://127.0.0.1:4444/wd/hub/session/9a45dbb2-417f-1740-ad07-1e4b1e0dbb46/element/fb3548b7-7542-6c4e-af69-e48f5037c2b1/attribute/href - {}
RESULT: {"state":"success","sessionId":null,"hCode":964863759,"value":"https://www.easecentral.com/terms/","class":"org.openqa.selenium.remote.Response","status":0}
COMMAND: POST http://127.0.0.1:4444/wd/hub/session/9a45dbb2-417f-1740-ad07-1e4b1e0dbb46/element - {"using":"xpath","value":"//a[contains(text(),\"Terms of Service\")]"}
RESULT: {"state":"success","sessionId":null,"hCode":52881822,"value":{"element-6066-11e4-a52e-4f735466cecf":"fb3548b7-7542-6c4e-af69-e48f5037c2b1"},"class":"org.openqa.selenium.remote.Response","status":0}
COMMAND: POST http://127.0.0.1:4444/wd/hub/session/9a45dbb2-417f-1740-ad07-1e4b1e0dbb46/element/fb3548b7-7542-6c4e-af69-e48f5037c2b1/click - {}
RESULT: {"state":"success","sessionId":null,"hCode":188903799,"value":{},"class":"org.openqa.selenium.remote.Response","status":0}
COMMAND: POST http://127.0.0.1:4444/wd/hub/session/9a45dbb2-417f-1740-ad07-1e4b1e0dbb46/url - {"url":"https://www.easecentral.com/"}
RESULT: {"state":"success","sessionId":null,"hCode":2004981012,"value":{},"class":"org.openqa.selenium.remote.Response","status":0}
COMMAND: POST http://127.0.0.1:4444/wd/hub/session/9a45dbb2-417f-1740-ad07-1e4b1e0dbb46/element - {"using":"xpath","value":"//a[contains(text(),\"Broker Blog\")]"}
RESULT: {"state":"success","sessionId":null,"hCode":1744940005,"value":{"element-6066-11e4-a52e-4f735466cecf":"bd7d9689-cd01-5448-9f2d-01b7cd829228"},"class":"org.openqa.selenium.remote.Response","status":0}
COMMAND: GET http://127.0.0.1:4444/wd/hub/session/9a45dbb2-417f-1740-ad07-1e4b1e0dbb46/element/bd7d9689-cd01-5448-9f2d-01b7cd829228/text - {}
RESULT: {"state":"success","sessionId":null,"hCode":793224704,"value":"Broker Blog","class":"org.openqa.selenium.remote.Response","status":0}
COMMAND: POST http://127.0.0.1:4444/wd/hub/session/9a45dbb2-417f-1740-ad07-1e4b1e0dbb46/element - {"using":"xpath","value":"//a[contains(text(),\"Broker Blog\")]"}
RESULT: {"state":"success","sessionId":null,"hCode":1064514219,"value":{"element-6066-11e4-a52e-4f735466cecf":"bd7d9689-cd01-5448-9f2d-01b7cd829228"},"class":"org.openqa.selenium.remote.Response","status":0}
COMMAND: GET http://127.0.0.1:4444/wd/hub/session/9a45dbb2-417f-1740-ad07-1e4b1e0dbb46/element/bd7d9689-cd01-5448-9f2d-01b7cd829228/attribute/href - {}
RESULT: {"state":"success","sessionId":null,"hCode":1875796884,"value":"http://blog.easecentral.com/category/broker-tool-belt/","class":"org.openqa.selenium.remote.Response","status":0}
COMMAND: POST http://127.0.0.1:4444/wd/hub/session/9a45dbb2-417f-1740-ad07-1e4b1e0dbb46/element - {"using":"xpath","value":"//a[contains(text(),\"Broker Blog\")]"}
RESULT: {"state":"success","sessionId":null,"hCode":1406971612,"value":{"element-6066-11e4-a52e-4f735466cecf":"bd7d9689-cd01-5448-9f2d-01b7cd829228"},"class":"org.openqa.selenium.remote.Response","status":0}
COMMAND: POST http://127.0.0.1:4444/wd/hub/session/9a45dbb2-417f-1740-ad07-1e4b1e0dbb46/element/bd7d9689-cd01-5448-9f2d-01b7cd829228/click - {}
RESULT: {"state":"success","sessionId":null,"hCode":1896989689,"value":{},"class":"org.openqa.selenium.remote.Response","status":0}
COMMAND: POST http://127.0.0.1:4444/wd/hub/session/9a45dbb2-417f-1740-ad07-1e4b1e0dbb46/url - {"url":"https://www.easecentral.com/"}
RESULT: {"state":"success","sessionId":null,"hCode":2097512935,"value":{},"class":"org.openqa.selenium.remote.Response","status":0}
COMMAND: POST http://127.0.0.1:4444/wd/hub/session/9a45dbb2-417f-1740-ad07-1e4b1e0dbb46/element - {"using":"xpath","value":"//a[contains(text(),\"Best Benefits Software\")]"}
RESULT: {"state":"success","sessionId":null,"hCode":297813649,"value":{"element-6066-11e4-a52e-4f735466cecf":"e8b68c58-8dec-7c4e-a12f-2b7adec031ad"},"class":"org.openqa.selenium.remote.Response","status":0}
COMMAND: GET http://127.0.0.1:4444/wd/hub/session/9a45dbb2-417f-1740-ad07-1e4b1e0dbb46/element/e8b68c58-8dec-7c4e-a12f-2b7adec031ad/text - {}
RESULT: {"state":"success","sessionId":null,"hCode":1080213642,"value":"Best Benefits Software","class":"org.openqa.selenium.remote.Response","status":0}
COMMAND: POST http://127.0.0.1:4444/wd/hub/session/9a45dbb2-417f-1740-ad07-1e4b1e0dbb46/element - {"using":"xpath","value":"//a[contains(text(),\"Best Benefits Software\")]"}
RESULT: {"state":"success","sessionId":null,"hCode":925189266,"value":{"element-6066-11e4-a52e-4f735466cecf":"e8b68c58-8dec-7c4e-a12f-2b7adec031ad"},"class":"org.openqa.selenium.remote.Response","status":0}
COMMAND: GET http://127.0.0.1:4444/wd/hub/session/9a45dbb2-417f-1740-ad07-1e4b1e0dbb46/element/e8b68c58-8dec-7c4e-a12f-2b7adec031ad/attribute/href - {}
RESULT: {"state":"success","sessionId":null,"hCode":297953130,"value":"https://www.easecentral.com/best-benefits-administration-software-for-brokers/","class":"org.openqa.selenium.remote.Response","status":0}
COMMAND: POST http://127.0.0.1:4444/wd/hub/session/9a45dbb2-417f-1740-ad07-1e4b1e0dbb46/element - {"using":"xpath","value":"//a[contains(text(),\"Best Benefits Software\")]"}
RESULT: {"state":"success","sessionId":null,"hCode":1090448794,"value":{"element-6066-11e4-a52e-4f735466cecf":"e8b68c58-8dec-7c4e-a12f-2b7adec031ad"},"class":"org.openqa.selenium.remote.Response","status":0}
COMMAND: POST http://127.0.0.1:4444/wd/hub/session/9a45dbb2-417f-1740-ad07-1e4b1e0dbb46/element/e8b68c58-8dec-7c4e-a12f-2b7adec031ad/click - {}
RESULT: {"state":"success","sessionId":null,"hCode":1002403020,"value":{},"class":"org.openqa.selenium.remote.Response","status":0}
COMMAND: POST http://127.0.0.1:4444/wd/hub/session/9a45dbb2-417f-1740-ad07-1e4b1e0dbb46/url - {"url":"https://www.easecentral.com/"}
RESULT: {"state":"success","sessionId":null,"hCode":823417263,"value":{},"class":"org.openqa.selenium.remote.Response","status":0}
COMMAND: POST http://127.0.0.1:4444/wd/hub/session/9a45dbb2-417f-1740-ad07-1e4b1e0dbb46/element - {"using":"xpath","value":"//a[contains(text(),\"Help Desk\")]"}
RESULT: {"state":"success","sessionId":null,"hCode":1836616621,"value":{"element-6066-11e4-a52e-4f735466cecf":"ae193a65-8e94-a841-8ddf-7ad73b478a93"},"class":"org.openqa.selenium.remote.Response","status":0}
COMMAND: GET http://127.0.0.1:4444/wd/hub/session/9a45dbb2-417f-1740-ad07-1e4b1e0dbb46/element/ae193a65-8e94-a841-8ddf-7ad73b478a93/text - {}
RESULT: {"state":"success","sessionId":null,"hCode":2008835018,"value":"Help Desk","class":"org.openqa.selenium.remote.Response","status":0}
COMMAND: POST http://127.0.0.1:4444/wd/hub/session/9a45dbb2-417f-1740-ad07-1e4b1e0dbb46/element - {"using":"xpath","value":"//a[contains(text(),\"Help Desk\")]"}
RESULT: {"state":"success","sessionId":null,"hCode":2133759357,"value":{"element-6066-11e4-a52e-4f735466cecf":"ae193a65-8e94-a841-8ddf-7ad73b478a93"},"class":"org.openqa.selenium.remote.Response","status":0}
COMMAND: GET http://127.0.0.1:4444/wd/hub/session/9a45dbb2-417f-1740-ad07-1e4b1e0dbb46/element/ae193a65-8e94-a841-8ddf-7ad73b478a93/attribute/href - {}
RESULT: {"state":"success","sessionId":null,"hCode":1957129497,"value":"https://support.easecentral.com/support/home","class":"org.openqa.selenium.remote.Response","status":0}
COMMAND: POST http://127.0.0.1:4444/wd/hub/session/9a45dbb2-417f-1740-ad07-1e4b1e0dbb46/element - {"using":"xpath","value":"//a[contains(text(),\"Help Desk\")]"}
RESULT: {"state":"success","sessionId":null,"hCode":1418822666,"value":{"element-6066-11e4-a52e-4f735466cecf":"ae193a65-8e94-a841-8ddf-7ad73b478a93"},"class":"org.openqa.selenium.remote.Response","status":0}
COMMAND: POST http://127.0.0.1:4444/wd/hub/session/9a45dbb2-417f-1740-ad07-1e4b1e0dbb46/element/ae193a65-8e94-a841-8ddf-7ad73b478a93/click - {}
RESULT: {"state":"success","sessionId":null,"hCode":685534409,"value":{},"class":"org.openqa.selenium.remote.Response","status":0}
COMMAND: POST http://127.0.0.1:4444/wd/hub/session/9a45dbb2-417f-1740-ad07-1e4b1e0dbb46/url - {"url":"https://www.easecentral.com/"}
RESULT: {"state":"success","sessionId":null,"hCode":768593269,"value":{},"class":"org.openqa.selenium.remote.Response","status":0}
COMMAND: POST http://127.0.0.1:4444/wd/hub/session/9a45dbb2-417f-1740-ad07-1e4b1e0dbb46/element - {"using":"xpath","value":"//a[contains(text(),\"Press\")]"}
RESULT: {"state":"success","sessionId":null,"hCode":1639002525,"value":{"element-6066-11e4-a52e-4f735466cecf":"93329db8-7513-324f-91a0-26fe2022ee6c"},"class":"org.openqa.selenium.remote.Response","status":0}
COMMAND: GET http://127.0.0.1:4444/wd/hub/session/9a45dbb2-417f-1740-ad07-1e4b1e0dbb46/element/93329db8-7513-324f-91a0-26fe2022ee6c/text - {}
RESULT: {"state":"success","sessionId":null,"hCode":1922084934,"value":"Press","class":"org.openqa.selenium.remote.Response","status":0}
COMMAND: POST http://127.0.0.1:4444/wd/hub/session/9a45dbb2-417f-1740-ad07-1e4b1e0dbb46/element - {"using":"xpath","value":"//a[contains(text(),\"Press\")]"}
RESULT: {"state":"success","sessionId":null,"hCode":905685543,"value":{"element-6066-11e4-a52e-4f735466cecf":"93329db8-7513-324f-91a0-26fe2022ee6c"},"class":"org.openqa.selenium.remote.Response","status":0}
COMMAND: GET http://127.0.0.1:4444/wd/hub/session/9a45dbb2-417f-1740-ad07-1e4b1e0dbb46/element/93329db8-7513-324f-91a0-26fe2022ee6c/attribute/href - {}
RESULT: {"state":"success","sessionId":null,"hCode":522525191,"value":"http://blog.easecentral.com/category/news/","class":"org.openqa.selenium.remote.Response","status":0}
COMMAND: POST http://127.0.0.1:4444/wd/hub/session/9a45dbb2-417f-1740-ad07-1e4b1e0dbb46/element - {"using":"xpath","value":"//a[contains(text(),\"Press\")]"}
RESULT: {"state":"success","sessionId":null,"hCode":1143128467,"value":{"element-6066-11e4-a52e-4f735466cecf":"93329db8-7513-324f-91a0-26fe2022ee6c"},"class":"org.openqa.selenium.remote.Response","status":0}
COMMAND: POST http://127.0.0.1:4444/wd/hub/session/9a45dbb2-417f-1740-ad07-1e4b1e0dbb46/element/93329db8-7513-324f-91a0-26fe2022ee6c/click - {}
RESULT: {"state":"success","sessionId":null,"hCode":1034634989,"value":{},"class":"org.openqa.selenium.remote.Response","status":0}
COMMAND: POST http://127.0.0.1:4444/wd/hub/session/9a45dbb2-417f-1740-ad07-1e4b1e0dbb46/url - {"url":"https://www.easecentral.com/"}
RESULT: {"state":"success","sessionId":null,"hCode":785338210,"value":{},"class":"org.openqa.selenium.remote.Response","status":0}
COMMAND: POST http://127.0.0.1:4444/wd/hub/session/9a45dbb2-417f-1740-ad07-1e4b1e0dbb46/element - {"using":"xpath","value":"//*[@id=\"header\"]/div/div/div/div/div[1]/div/a[5]"}
RESULT: {"state":"success","sessionId":null,"hCode":262119497,"value":{"element-6066-11e4-a52e-4f735466cecf":"9447aa88-e61d-5e46-9bb0-41a37aba6c24"},"class":"org.openqa.selenium.remote.Response","status":0}
COMMAND: GET http://127.0.0.1:4444/wd/hub/session/9a45dbb2-417f-1740-ad07-1e4b1e0dbb46/element/9447aa88-e61d-5e46-9bb0-41a37aba6c24/text - {}
RESULT: {"state":"success","sessionId":null,"hCode":1041242784,"value":"LOGIN","class":"org.openqa.selenium.remote.Response","status":0}
COMMAND: POST http://127.0.0.1:4444/wd/hub/session/9a45dbb2-417f-1740-ad07-1e4b1e0dbb46/element - {"using":"xpath","value":"//*[@id=\"header\"]/div/div/div/div/div[1]/div/a[5]"}
RESULT: {"state":"success","sessionId":null,"hCode":78631346,"value":{"element-6066-11e4-a52e-4f735466cecf":"9447aa88-e61d-5e46-9bb0-41a37aba6c24"},"class":"org.openqa.selenium.remote.Response","status":0}
COMMAND: POST http://127.0.0.1:4444/wd/hub/session/9a45dbb2-417f-1740-ad07-1e4b1e0dbb46/element/9447aa88-e61d-5e46-9bb0-41a37aba6c24/click - {}
RESULT: {"state":"success","sessionId":null,"hCode":1462755728,"value":{},"class":"org.openqa.selenium.remote.Response","status":0}
COMMAND: POST http://127.0.0.1:4444/wd/hub/session/9a45dbb2-417f-1740-ad07-1e4b1e0dbb46/url - {"url":"https://www.easecentral.com/"}
RESULT: {"state":"success","sessionId":null,"hCode":1578297382,"value":{},"class":"org.openqa.selenium.remote.Response","status":0}
COMMAND: POST http://127.0.0.1:4444/wd/hub/session/9a45dbb2-417f-1740-ad07-1e4b1e0dbb46/element - {"using":"xpath","value":"//a[contains(text(),\"Sign Up\")]"}
RESULT: {"state":"success","sessionId":null,"hCode":1050496228,"value":{"element-6066-11e4-a52e-4f735466cecf":"9a90b4e3-1605-5d4e-8048-7dc656c28953"},"class":"org.openqa.selenium.remote.Response","status":0}
COMMAND: GET http://127.0.0.1:4444/wd/hub/session/9a45dbb2-417f-1740-ad07-1e4b1e0dbb46/element/9a90b4e3-1605-5d4e-8048-7dc656c28953/text - {}
RESULT: {"state":"success","sessionId":null,"hCode":130487985,"value":"Sign Up","class":"org.openqa.selenium.remote.Response","status":0}
COMMAND: POST http://127.0.0.1:4444/wd/hub/session/9a45dbb2-417f-1740-ad07-1e4b1e0dbb46/element - {"using":"xpath","value":"//a[contains(text(),\"Sign Up\")]"}
RESULT: {"state":"success","sessionId":null,"hCode":1967116432,"value":{"element-6066-11e4-a52e-4f735466cecf":"9a90b4e3-1605-5d4e-8048-7dc656c28953"},"class":"org.openqa.selenium.remote.Response","status":0}
COMMAND: POST http://127.0.0.1:4444/wd/hub/session/9a45dbb2-417f-1740-ad07-1e4b1e0dbb46/element/9a90b4e3-1605-5d4e-8048-7dc656c28953/click - {}
RESULT: {"state":"success","sessionId":null,"hCode":1747576276,"value":{},"class":"org.openqa.selenium.remote.Response","status":0}
COMMAND: POST http://127.0.0.1:4444/wd/hub/session/9a45dbb2-417f-1740-ad07-1e4b1e0dbb46/url - {"url":"https://www.easecentral.com/"}
RESULT: {"state":"success","sessionId":null,"hCode":1211271625,"value":{},"class":"org.openqa.selenium.remote.Response","status":0}
]]>
      </system-out>
    </testcase>
    <testcase classname="firefox.mac.Home" name="test_that_the_Get_Demo_modal_is_usable" time="6.784">
      <system-out>
        <![CDATA[
COMMAND: POST http://127.0.0.1:4444/wd/hub/session/9a45dbb2-417f-1740-ad07-1e4b1e0dbb46/element - {"using":"css selector","value":"button.css-12nbrge"}
RESULT: {"state":"success","sessionId":null,"hCode":412713477,"value":{"element-6066-11e4-a52e-4f735466cecf":"06af8ff7-ca7a-a646-95e3-eee187aff03a"},"class":"org.openqa.selenium.remote.Response","status":0}
COMMAND: POST http://127.0.0.1:4444/wd/hub/session/9a45dbb2-417f-1740-ad07-1e4b1e0dbb46/element/06af8ff7-ca7a-a646-95e3-eee187aff03a/click - {}
RESULT: {"state":"success","sessionId":null,"hCode":347621062,"value":{},"class":"org.openqa.selenium.remote.Response","status":0}
COMMAND: POST http://127.0.0.1:4444/wd/hub/session/9a45dbb2-417f-1740-ad07-1e4b1e0dbb46/element - {"using":"css selector","value":".css-k12d22"}
RESULT: {"state":"success","sessionId":null,"hCode":823567979,"value":{"element-6066-11e4-a52e-4f735466cecf":"16edbc4c-317a-e84d-a54a-8129ae8d841d"},"class":"org.openqa.selenium.remote.Response","status":0}
COMMAND: GET http://127.0.0.1:4444/wd/hub/session/9a45dbb2-417f-1740-ad07-1e4b1e0dbb46/element/16edbc4c-317a-e84d-a54a-8129ae8d841d/text - {}
RESULT: {"state":"success","sessionId":null,"hCode":1758419820,"value":"Request an EaseCentral demo","class":"org.openqa.selenium.remote.Response","status":0}
COMMAND: POST http://127.0.0.1:4444/wd/hub/session/9a45dbb2-417f-1740-ad07-1e4b1e0dbb46/element - {"using":"css selector","value":"input[name=\"email\"]"}
RESULT: {"state":"success","sessionId":null,"hCode":1431823938,"value":{"element-6066-11e4-a52e-4f735466cecf":"e91fefd4-76ba-2148-bac4-36228d06088c"},"class":"org.openqa.selenium.remote.Response","status":0}
COMMAND: POST http://127.0.0.1:4444/wd/hub/session/9a45dbb2-417f-1740-ad07-1e4b1e0dbb46/elements - {"using":"css selector","value":"input[name=\"email\"]"}
RESULT: {"state":"success","sessionId":null,"hCode":1147484729,"value":[{"element-6066-11e4-a52e-4f735466cecf":"e91fefd4-76ba-2148-bac4-36228d06088c"}],"class":"org.openqa.selenium.remote.Response","status":0}
COMMAND: POST http://127.0.0.1:4444/wd/hub/session/9a45dbb2-417f-1740-ad07-1e4b1e0dbb46/element/e91fefd4-76ba-2148-bac4-36228d06088c/clear - {}
RESULT: {"state":"success","sessionId":null,"hCode":1321435918,"value":{},"class":"org.openqa.selenium.remote.Response","status":0}
COMMAND: POST http://127.0.0.1:4444/wd/hub/session/9a45dbb2-417f-1740-ad07-1e4b1e0dbb46/element/e91fefd4-76ba-2148-bac4-36228d06088c/value - {"value":["E","u","d","o","r","a","0","@","y","a","(7 more items)"],"text":"Eudora0@yahoo.com"}
RESULT: {"state":"success","sessionId":null,"hCode":228337794,"value":{},"class":"org.openqa.selenium.remote.Response","status":0}
COMMAND: POST http://127.0.0.1:4444/wd/hub/session/9a45dbb2-417f-1740-ad07-1e4b1e0dbb46/element - {"using":"css selector","value":"input[name=\"firstName\"]"}
RESULT: {"state":"success","sessionId":null,"hCode":1334166408,"value":{"element-6066-11e4-a52e-4f735466cecf":"3e72c2c2-581a-a64a-97df-a912fd78781e"},"class":"org.openqa.selenium.remote.Response","status":0}
COMMAND: POST http://127.0.0.1:4444/wd/hub/session/9a45dbb2-417f-1740-ad07-1e4b1e0dbb46/elements - {"using":"css selector","value":"input[name=\"firstName\"]"}
RESULT: {"state":"success","sessionId":null,"hCode":204818779,"value":[{"element-6066-11e4-a52e-4f735466cecf":"3e72c2c2-581a-a64a-97df-a912fd78781e"}],"class":"org.openqa.selenium.remote.Response","status":0}
COMMAND: POST http://127.0.0.1:4444/wd/hub/session/9a45dbb2-417f-1740-ad07-1e4b1e0dbb46/element/3e72c2c2-581a-a64a-97df-a912fd78781e/clear - {}
RESULT: {"state":"success","sessionId":null,"hCode":2063181811,"value":{},"class":"org.openqa.selenium.remote.Response","status":0}
COMMAND: POST http://127.0.0.1:4444/wd/hub/session/9a45dbb2-417f-1740-ad07-1e4b1e0dbb46/element/3e72c2c2-581a-a64a-97df-a912fd78781e/value - {"value":["M","y","l","e","n","e"],"text":"Mylene"}
RESULT: {"state":"success","sessionId":null,"hCode":828589901,"value":{},"class":"org.openqa.selenium.remote.Response","status":0}
COMMAND: POST http://127.0.0.1:4444/wd/hub/session/9a45dbb2-417f-1740-ad07-1e4b1e0dbb46/element - {"using":"css selector","value":"input[name=\"lastName\"]"}
RESULT: {"state":"success","sessionId":null,"hCode":284243771,"value":{"element-6066-11e4-a52e-4f735466cecf":"a57d4604-5379-f341-89ba-ea3a8aeb1ae4"},"class":"org.openqa.selenium.remote.Response","status":0}
COMMAND: POST http://127.0.0.1:4444/wd/hub/session/9a45dbb2-417f-1740-ad07-1e4b1e0dbb46/elements - {"using":"css selector","value":"input[name=\"lastName\"]"}
RESULT: {"state":"success","sessionId":null,"hCode":2032178118,"value":[{"element-6066-11e4-a52e-4f735466cecf":"a57d4604-5379-f341-89ba-ea3a8aeb1ae4"}],"class":"org.openqa.selenium.remote.Response","status":0}
COMMAND: POST http://127.0.0.1:4444/wd/hub/session/9a45dbb2-417f-1740-ad07-1e4b1e0dbb46/element/a57d4604-5379-f341-89ba-ea3a8aeb1ae4/clear - {}
RESULT: {"state":"success","sessionId":null,"hCode":1098912345,"value":{},"class":"org.openqa.selenium.remote.Response","status":0}
COMMAND: POST http://127.0.0.1:4444/wd/hub/session/9a45dbb2-417f-1740-ad07-1e4b1e0dbb46/element/a57d4604-5379-f341-89ba-ea3a8aeb1ae4/value - {"value":["B","a","y","e","r"],"text":"Bayer"}
RESULT: {"state":"success","sessionId":null,"hCode":2032870880,"value":{},"class":"org.openqa.selenium.remote.Response","status":0}
COMMAND: POST http://127.0.0.1:4444/wd/hub/session/9a45dbb2-417f-1740-ad07-1e4b1e0dbb46/element - {"using":"css selector","value":"input[name=\"company\"]"}
RESULT: {"state":"success","sessionId":null,"hCode":1829262556,"value":{"element-6066-11e4-a52e-4f735466cecf":"55bd39c5-fc95-8242-9c0d-f61e148ca4e8"},"class":"org.openqa.selenium.remote.Response","status":0}
COMMAND: POST http://127.0.0.1:4444/wd/hub/session/9a45dbb2-417f-1740-ad07-1e4b1e0dbb46/elements - {"using":"css selector","value":"input[name=\"company\"]"}
RESULT: {"state":"success","sessionId":null,"hCode":138522068,"value":[{"element-6066-11e4-a52e-4f735466cecf":"55bd39c5-fc95-8242-9c0d-f61e148ca4e8"}],"class":"org.openqa.selenium.remote.Response","status":0}
COMMAND: POST http://127.0.0.1:4444/wd/hub/session/9a45dbb2-417f-1740-ad07-1e4b1e0dbb46/element/55bd39c5-fc95-8242-9c0d-f61e148ca4e8/clear - {}
RESULT: {"state":"success","sessionId":null,"hCode":1462076749,"value":{},"class":"org.openqa.selenium.remote.Response","status":0}
COMMAND: POST http://127.0.0.1:4444/wd/hub/session/9a45dbb2-417f-1740-ad07-1e4b1e0dbb46/element/55bd39c5-fc95-8242-9c0d-f61e148ca4e8/value - {"value":["M","o","r","i","s","s","e","t","t","e","(17 more items)"],"text":"Morissette, Funk and Mayert"}
RESULT: {"state":"success","sessionId":null,"hCode":1453747197,"value":{},"class":"org.openqa.selenium.remote.Response","status":0}
COMMAND: POST http://127.0.0.1:4444/wd/hub/session/9a45dbb2-417f-1740-ad07-1e4b1e0dbb46/element - {"using":"css selector","value":"input[name=\"phone\"]"}
RESULT: {"state":"success","sessionId":null,"hCode":1907081083,"value":{"element-6066-11e4-a52e-4f735466cecf":"11a3f7c1-5289-9049-8e14-610054d114a1"},"class":"org.openqa.selenium.remote.Response","status":0}
COMMAND: POST http://127.0.0.1:4444/wd/hub/session/9a45dbb2-417f-1740-ad07-1e4b1e0dbb46/elements - {"using":"css selector","value":"input[name=\"phone\"]"}
RESULT: {"state":"success","sessionId":null,"hCode":630242959,"value":[{"element-6066-11e4-a52e-4f735466cecf":"11a3f7c1-5289-9049-8e14-610054d114a1"}],"class":"org.openqa.selenium.remote.Response","status":0}
COMMAND: POST http://127.0.0.1:4444/wd/hub/session/9a45dbb2-417f-1740-ad07-1e4b1e0dbb46/element/11a3f7c1-5289-9049-8e14-610054d114a1/clear - {}
RESULT: {"state":"success","sessionId":null,"hCode":2032660694,"value":{},"class":"org.openqa.selenium.remote.Response","status":0}
COMMAND: POST http://127.0.0.1:4444/wd/hub/session/9a45dbb2-417f-1740-ad07-1e4b1e0dbb46/element/11a3f7c1-5289-9049-8e14-610054d114a1/value - {"value":["6","5","6",".","2","1","5",".","5","4","(2 more items)"],"text":"656.215.5445"}
RESULT: {"state":"success","sessionId":null,"hCode":2133783034,"value":{},"class":"org.openqa.selenium.remote.Response","status":0}
COMMAND: POST http://127.0.0.1:4444/wd/hub/session/9a45dbb2-417f-1740-ad07-1e4b1e0dbb46/element - {"using":"css selector","value":"button.css-13i7nzy > svg"}
RESULT: {"state":"success","sessionId":null,"hCode":846394431,"value":{"element-6066-11e4-a52e-4f735466cecf":"c07892c5-fced-1a42-bc1a-99689ad4cd77"},"class":"org.openqa.selenium.remote.Response","status":0}
COMMAND: POST http://127.0.0.1:4444/wd/hub/session/9a45dbb2-417f-1740-ad07-1e4b1e0dbb46/element/c07892c5-fced-1a42-bc1a-99689ad4cd77/click - {}
RESULT: {"state":"success","sessionId":null,"hCode":931034534,"value":{},"class":"org.openqa.selenium.remote.Response","status":0}
]]>
      </system-out>
    </testcase>
    <testcase classname="firefox.mac.Home" name="test_that_the_video_modal_displays" time="14.531">
      <system-out>
        <![CDATA[
COMMAND: POST http://127.0.0.1:4444/wd/hub/session/9a45dbb2-417f-1740-ad07-1e4b1e0dbb46/execute - {"script":"return (function scroll(x, y) {\n    return window.scrollTo(x, y);\n}).apply(null, arguments)","args":[0,0]}
RESULT: {"state":"success","sessionId":null,"hCode":1310244463,"value":null,"class":"org.openqa.selenium.remote.Response","status":0}
COMMAND: POST http://127.0.0.1:4444/wd/hub/session/9a45dbb2-417f-1740-ad07-1e4b1e0dbb46/url - {"url":"https://www.easecentral.com/"}
RESULT: {"state":"success","sessionId":null,"hCode":181187033,"value":{},"class":"org.openqa.selenium.remote.Response","status":0}
COMMAND: POST http://127.0.0.1:4444/wd/hub/session/9a45dbb2-417f-1740-ad07-1e4b1e0dbb46/element - {"using":"css selector","value":"button.css-11y5mo2"}
RESULT: {"state":"success","sessionId":null,"hCode":423326887,"value":{"element-6066-11e4-a52e-4f735466cecf":"e4010971-fd2f-ea46-95d0-1b68c4cf9dfd"},"class":"org.openqa.selenium.remote.Response","status":0}
COMMAND: GET http://127.0.0.1:4444/wd/hub/session/9a45dbb2-417f-1740-ad07-1e4b1e0dbb46/element/e4010971-fd2f-ea46-95d0-1b68c4cf9dfd/text - {}
RESULT: {"state":"success","sessionId":null,"hCode":1638782759,"value":"Watch Video","class":"org.openqa.selenium.remote.Response","status":0}
COMMAND: POST http://127.0.0.1:4444/wd/hub/session/9a45dbb2-417f-1740-ad07-1e4b1e0dbb46/element - {"using":"css selector","value":"button.css-11y5mo2"}
RESULT: {"state":"success","sessionId":null,"hCode":1807248995,"value":{"element-6066-11e4-a52e-4f735466cecf":"e4010971-fd2f-ea46-95d0-1b68c4cf9dfd"},"class":"org.openqa.selenium.remote.Response","status":0}
COMMAND: POST http://127.0.0.1:4444/wd/hub/session/9a45dbb2-417f-1740-ad07-1e4b1e0dbb46/element/e4010971-fd2f-ea46-95d0-1b68c4cf9dfd/click - {}
RESULT: {"state":"success","sessionId":null,"hCode":1832921877,"value":{},"class":"org.openqa.selenium.remote.Response","status":0}
COMMAND: POST http://127.0.0.1:4444/wd/hub/session/9a45dbb2-417f-1740-ad07-1e4b1e0dbb46/element - {"using":"css selector","value":"button.vidyard_tclose"}
RESULT: {"state":"success","sessionId":null,"hCode":1225140153,"value":{"element-6066-11e4-a52e-4f735466cecf":"9e3ad011-80e0-b043-b093-1d60fa01b43f"},"class":"org.openqa.selenium.remote.Response","status":0}
COMMAND: POST http://127.0.0.1:4444/wd/hub/session/9a45dbb2-417f-1740-ad07-1e4b1e0dbb46/element/9e3ad011-80e0-b043-b093-1d60fa01b43f/click - {}
RESULT: {"state":"success","sessionId":null,"hCode":435288261,"value":{},"class":"org.openqa.selenium.remote.Response","status":0}
COMMAND: DELETE http://127.0.0.1:4444/wd/hub/session/9a45dbb2-417f-1740-ad07-1e4b1e0dbb46 - {}
RESULT: {"state":"success","sessionId":null,"hCode":1502103373,"value":{},"class":"org.openqa.selenium.remote.Response","status":0}
]]>
      </system-out>
    </testcase>
  </testsuite>
</testsuites>