<?xml version="1.0" encoding="UTF-8"?>
<testsuites>
  <testsuite name="EaseCentral" timestamp="2018-08-09T18:01:27" time="70.916" tests="0" failures="0" errors="0" skipped="0">
    <properties>
      <property name="specId" value="a8837d1befc8787b212ec837b9e83a8e"/>
      <property name="suiteName" value="EaseCentral"/>
      <property name="capabilities" value="headless.mac"/>
      <property name="file" value="./test/specs/home.test.spec.js"/>
    </properties>
  </testsuite>
  <testsuite name="Home" timestamp="2018-08-09T18:01:27" time="70.914" tests="4" failures="0" errors="0" skipped="0">
    <properties>
      <property name="specId" value="a8837d1befc8787b212ec837b9e83a8e"/>
      <property name="suiteName" value="Home"/>
      <property name="capabilities" value="headless.mac"/>
      <property name="file" value="./test/specs/home.test.spec.js"/>
    </properties>
    <testcase classname="headless.mac.Home" name="test_that_the_page_is_accessible_and_opens_in_browser" time="1.599">
      <system-out>
        <![CDATA[
COMMAND: POST http://127.0.0.1:4444/wd/hub/session/5f987aa271ebc00291cc4da18bddad09/url - {"url":"https://www.easecentral.com/"}
RESULT: {"sessionId":"5f987aa271ebc00291cc4da18bddad09","status":0,"value":null}
RESULT: {"sessionId":"5f987aa271ebc00291cc4da18bddad09","status":0,"value":null}
]]>
      </system-out>
    </testcase>
    <testcase classname="headless.mac.Home" name="test_that_all_page_links_are_functional" time="48.456">
      <system-out>
        <![CDATA[
COMMAND: POST http://127.0.0.1:4444/wd/hub/session/5f987aa271ebc00291cc4da18bddad09/element - {"using":"xpath","value":"//*[@id=\"header\"]/div/div/div/div/div[1]/div/a[1]"}
RESULT: {"sessionId":"5f987aa271ebc00291cc4da18bddad09","status":0,"value":{"ELEMENT":"0.6835274811138539-1"}}
COMMAND: GET http://127.0.0.1:4444/wd/hub/session/5f987aa271ebc00291cc4da18bddad09/element/0.6835274811138539-1/text - {}
RESULT: {"sessionId":"5f987aa271ebc00291cc4da18bddad09","status":0,"value":"FEATURES"}
COMMAND: POST http://127.0.0.1:4444/wd/hub/session/5f987aa271ebc00291cc4da18bddad09/element - {"using":"xpath","value":"//*[@id=\"header\"]/div/div/div/div/div[1]/div/a[1]"}
RESULT: {"sessionId":"5f987aa271ebc00291cc4da18bddad09","status":0,"value":{"ELEMENT":"0.6835274811138539-1"}}
COMMAND: GET http://127.0.0.1:4444/wd/hub/session/5f987aa271ebc00291cc4da18bddad09/element/0.6835274811138539-1/attribute/href - {}
RESULT: {"sessionId":"5f987aa271ebc00291cc4da18bddad09","status":0,"value":"https://www.easecentral.com/features/"}
COMMAND: POST http://127.0.0.1:4444/wd/hub/session/5f987aa271ebc00291cc4da18bddad09/element - {"using":"xpath","value":"//*[@id=\"header\"]/div/div/div/div/div[1]/div/a[1]"}
RESULT: {"sessionId":"5f987aa271ebc00291cc4da18bddad09","status":0,"value":{"ELEMENT":"0.6835274811138539-1"}}
COMMAND: POST http://127.0.0.1:4444/wd/hub/session/5f987aa271ebc00291cc4da18bddad09/element/0.6835274811138539-1/click - {}
RESULT: {"sessionId":"5f987aa271ebc00291cc4da18bddad09","status":0,"value":null}
COMMAND: POST http://127.0.0.1:4444/wd/hub/session/5f987aa271ebc00291cc4da18bddad09/url - {"url":"https://www.easecentral.com/"}
RESULT: {"sessionId":"5f987aa271ebc00291cc4da18bddad09","status":0,"value":null}
COMMAND: POST http://127.0.0.1:4444/wd/hub/session/5f987aa271ebc00291cc4da18bddad09/element - {"using":"xpath","value":"//*[@id=\"header\"]/div/div/div/div/div[1]/div/a[2]"}
RESULT: {"sessionId":"5f987aa271ebc00291cc4da18bddad09","status":0,"value":{"ELEMENT":"0.6198370580759607-1"}}
COMMAND: GET http://127.0.0.1:4444/wd/hub/session/5f987aa271ebc00291cc4da18bddad09/element/0.6198370580759607-1/text - {}
RESULT: {"sessionId":"5f987aa271ebc00291cc4da18bddad09","status":0,"value":"PRICING"}
COMMAND: POST http://127.0.0.1:4444/wd/hub/session/5f987aa271ebc00291cc4da18bddad09/element - {"using":"xpath","value":"//*[@id=\"header\"]/div/div/div/div/div[1]/div/a[2]"}
RESULT: {"sessionId":"5f987aa271ebc00291cc4da18bddad09","status":0,"value":{"ELEMENT":"0.6198370580759607-1"}}
COMMAND: GET http://127.0.0.1:4444/wd/hub/session/5f987aa271ebc00291cc4da18bddad09/element/0.6198370580759607-1/attribute/href - {}
RESULT: {"sessionId":"5f987aa271ebc00291cc4da18bddad09","status":0,"value":"https://www.easecentral.com/pricing/"}
COMMAND: POST http://127.0.0.1:4444/wd/hub/session/5f987aa271ebc00291cc4da18bddad09/element - {"using":"xpath","value":"//*[@id=\"header\"]/div/div/div/div/div[1]/div/a[2]"}
RESULT: {"sessionId":"5f987aa271ebc00291cc4da18bddad09","status":0,"value":{"ELEMENT":"0.6198370580759607-1"}}
COMMAND: POST http://127.0.0.1:4444/wd/hub/session/5f987aa271ebc00291cc4da18bddad09/element/0.6198370580759607-1/click - {}
RESULT: {"sessionId":"5f987aa271ebc00291cc4da18bddad09","status":0,"value":null}
COMMAND: POST http://127.0.0.1:4444/wd/hub/session/5f987aa271ebc00291cc4da18bddad09/url - {"url":"https://www.easecentral.com/"}
RESULT: {"sessionId":"5f987aa271ebc00291cc4da18bddad09","status":0,"value":null}
COMMAND: POST http://127.0.0.1:4444/wd/hub/session/5f987aa271ebc00291cc4da18bddad09/element - {"using":"xpath","value":"//*[@id=\"header\"]/div/div/div/div/div[1]/div/a[3]"}
RESULT: {"sessionId":"5f987aa271ebc00291cc4da18bddad09","status":0,"value":{"ELEMENT":"0.22105418982678882-1"}}
COMMAND: GET http://127.0.0.1:4444/wd/hub/session/5f987aa271ebc00291cc4da18bddad09/element/0.22105418982678882-1/text - {}
RESULT: {"sessionId":"5f987aa271ebc00291cc4da18bddad09","status":0,"value":"MARKETPLACE"}
COMMAND: POST http://127.0.0.1:4444/wd/hub/session/5f987aa271ebc00291cc4da18bddad09/element - {"using":"xpath","value":"//*[@id=\"header\"]/div/div/div/div/div[1]/div/a[3]"}
RESULT: {"sessionId":"5f987aa271ebc00291cc4da18bddad09","status":0,"value":{"ELEMENT":"0.22105418982678882-1"}}
COMMAND: GET http://127.0.0.1:4444/wd/hub/session/5f987aa271ebc00291cc4da18bddad09/element/0.22105418982678882-1/attribute/href - {}
RESULT: {"sessionId":"5f987aa271ebc00291cc4da18bddad09","status":0,"value":"https://www.easecentral.com/marketplace/"}
COMMAND: POST http://127.0.0.1:4444/wd/hub/session/5f987aa271ebc00291cc4da18bddad09/element - {"using":"xpath","value":"//*[@id=\"header\"]/div/div/div/div/div[1]/div/a[3]"}
RESULT: {"sessionId":"5f987aa271ebc00291cc4da18bddad09","status":0,"value":{"ELEMENT":"0.22105418982678882-1"}}
COMMAND: POST http://127.0.0.1:4444/wd/hub/session/5f987aa271ebc00291cc4da18bddad09/element/0.22105418982678882-1/click - {}
RESULT: {"sessionId":"5f987aa271ebc00291cc4da18bddad09","status":0,"value":null}
COMMAND: POST http://127.0.0.1:4444/wd/hub/session/5f987aa271ebc00291cc4da18bddad09/url - {"url":"https://www.easecentral.com/"}
RESULT: {"sessionId":"5f987aa271ebc00291cc4da18bddad09","status":0,"value":null}
COMMAND: POST http://127.0.0.1:4444/wd/hub/session/5f987aa271ebc00291cc4da18bddad09/element - {"using":"xpath","value":"//*[@id=\"header\"]/div/div/div/div/div[1]/div/a[4]"}
RESULT: {"sessionId":"5f987aa271ebc00291cc4da18bddad09","status":0,"value":{"ELEMENT":"0.48952345538904507-1"}}
COMMAND: GET http://127.0.0.1:4444/wd/hub/session/5f987aa271ebc00291cc4da18bddad09/element/0.48952345538904507-1/text - {}
RESULT: {"sessionId":"5f987aa271ebc00291cc4da18bddad09","status":0,"value":"EMPLOYERS"}
COMMAND: POST http://127.0.0.1:4444/wd/hub/session/5f987aa271ebc00291cc4da18bddad09/element - {"using":"xpath","value":"//*[@id=\"header\"]/div/div/div/div/div[1]/div/a[4]"}
RESULT: {"sessionId":"5f987aa271ebc00291cc4da18bddad09","status":0,"value":{"ELEMENT":"0.48952345538904507-1"}}
COMMAND: GET http://127.0.0.1:4444/wd/hub/session/5f987aa271ebc00291cc4da18bddad09/element/0.48952345538904507-1/attribute/href - {}
RESULT: {"sessionId":"5f987aa271ebc00291cc4da18bddad09","status":0,"value":"https://www.easecentral.com/employers/"}
COMMAND: POST http://127.0.0.1:4444/wd/hub/session/5f987aa271ebc00291cc4da18bddad09/element - {"using":"xpath","value":"//*[@id=\"header\"]/div/div/div/div/div[1]/div/a[4]"}
RESULT: {"sessionId":"5f987aa271ebc00291cc4da18bddad09","status":0,"value":{"ELEMENT":"0.48952345538904507-1"}}
COMMAND: POST http://127.0.0.1:4444/wd/hub/session/5f987aa271ebc00291cc4da18bddad09/element/0.48952345538904507-1/click - {}
RESULT: {"sessionId":"5f987aa271ebc00291cc4da18bddad09","status":0,"value":null}
COMMAND: POST http://127.0.0.1:4444/wd/hub/session/5f987aa271ebc00291cc4da18bddad09/url - {"url":"https://www.easecentral.com/"}
RESULT: {"sessionId":"5f987aa271ebc00291cc4da18bddad09","status":0,"value":null}
COMMAND: POST http://127.0.0.1:4444/wd/hub/session/5f987aa271ebc00291cc4da18bddad09/element - {"using":"xpath","value":"//a[contains(@href, \"/security/\")]"}
RESULT: {"sessionId":"5f987aa271ebc00291cc4da18bddad09","status":0,"value":{"ELEMENT":"0.24256803814367456-1"}}
COMMAND: GET http://127.0.0.1:4444/wd/hub/session/5f987aa271ebc00291cc4da18bddad09/element/0.24256803814367456-1/text - {}
RESULT: {"sessionId":"5f987aa271ebc00291cc4da18bddad09","status":0,"value":"Security"}
COMMAND: POST http://127.0.0.1:4444/wd/hub/session/5f987aa271ebc00291cc4da18bddad09/element - {"using":"xpath","value":"//a[contains(@href, \"/security/\")]"}
RESULT: {"sessionId":"5f987aa271ebc00291cc4da18bddad09","status":0,"value":{"ELEMENT":"0.24256803814367456-1"}}
COMMAND: GET http://127.0.0.1:4444/wd/hub/session/5f987aa271ebc00291cc4da18bddad09/element/0.24256803814367456-1/attribute/href - {}
RESULT: {"sessionId":"5f987aa271ebc00291cc4da18bddad09","status":0,"value":"https://www.easecentral.com/security/"}
COMMAND: POST http://127.0.0.1:4444/wd/hub/session/5f987aa271ebc00291cc4da18bddad09/element - {"using":"xpath","value":"//a[contains(@href, \"/security/\")]"}
RESULT: {"sessionId":"5f987aa271ebc00291cc4da18bddad09","status":0,"value":{"ELEMENT":"0.24256803814367456-1"}}
COMMAND: POST http://127.0.0.1:4444/wd/hub/session/5f987aa271ebc00291cc4da18bddad09/element/0.24256803814367456-1/click - {}
RESULT: {"sessionId":"5f987aa271ebc00291cc4da18bddad09","status":0,"value":null}
COMMAND: POST http://127.0.0.1:4444/wd/hub/session/5f987aa271ebc00291cc4da18bddad09/url - {"url":"https://www.easecentral.com/"}
RESULT: {"sessionId":"5f987aa271ebc00291cc4da18bddad09","status":0,"value":null}
COMMAND: POST http://127.0.0.1:4444/wd/hub/session/5f987aa271ebc00291cc4da18bddad09/element - {"using":"xpath","value":"//a[contains(text(),\"Careers\")]"}
RESULT: {"sessionId":"5f987aa271ebc00291cc4da18bddad09","status":0,"value":{"ELEMENT":"0.9191647330166237-1"}}
COMMAND: GET http://127.0.0.1:4444/wd/hub/session/5f987aa271ebc00291cc4da18bddad09/element/0.9191647330166237-1/text - {}
RESULT: {"sessionId":"5f987aa271ebc00291cc4da18bddad09","status":0,"value":"Careers"}
COMMAND: POST http://127.0.0.1:4444/wd/hub/session/5f987aa271ebc00291cc4da18bddad09/element - {"using":"xpath","value":"//a[contains(text(),\"Careers\")]"}
RESULT: {"sessionId":"5f987aa271ebc00291cc4da18bddad09","status":0,"value":{"ELEMENT":"0.9191647330166237-1"}}
COMMAND: GET http://127.0.0.1:4444/wd/hub/session/5f987aa271ebc00291cc4da18bddad09/element/0.9191647330166237-1/attribute/href - {}
RESULT: {"sessionId":"5f987aa271ebc00291cc4da18bddad09","status":0,"value":"https://www.easecentral.com/careers"}
COMMAND: POST http://127.0.0.1:4444/wd/hub/session/5f987aa271ebc00291cc4da18bddad09/element - {"using":"xpath","value":"//a[contains(text(),\"Careers\")]"}
RESULT: {"sessionId":"5f987aa271ebc00291cc4da18bddad09","status":0,"value":{"ELEMENT":"0.9191647330166237-1"}}
COMMAND: POST http://127.0.0.1:4444/wd/hub/session/5f987aa271ebc00291cc4da18bddad09/element/0.9191647330166237-1/click - {}
RESULT: {"sessionId":"5f987aa271ebc00291cc4da18bddad09","status":0,"value":null}
COMMAND: POST http://127.0.0.1:4444/wd/hub/session/5f987aa271ebc00291cc4da18bddad09/url - {"url":"https://www.easecentral.com/"}
RESULT: {"sessionId":"5f987aa271ebc00291cc4da18bddad09","status":0,"value":null}
COMMAND: POST http://127.0.0.1:4444/wd/hub/session/5f987aa271ebc00291cc4da18bddad09/element - {"using":"xpath","value":"//a[contains(text(),\"Privacy Policy\")]"}
RESULT: {"sessionId":"5f987aa271ebc00291cc4da18bddad09","status":0,"value":{"ELEMENT":"0.5265928791574588-1"}}
COMMAND: GET http://127.0.0.1:4444/wd/hub/session/5f987aa271ebc00291cc4da18bddad09/element/0.5265928791574588-1/text - {}
RESULT: {"sessionId":"5f987aa271ebc00291cc4da18bddad09","status":0,"value":"Privacy Policy"}
COMMAND: POST http://127.0.0.1:4444/wd/hub/session/5f987aa271ebc00291cc4da18bddad09/element - {"using":"xpath","value":"//a[contains(text(),\"Privacy Policy\")]"}
RESULT: {"sessionId":"5f987aa271ebc00291cc4da18bddad09","status":0,"value":{"ELEMENT":"0.5265928791574588-1"}}
COMMAND: GET http://127.0.0.1:4444/wd/hub/session/5f987aa271ebc00291cc4da18bddad09/element/0.5265928791574588-1/attribute/href - {}
RESULT: {"sessionId":"5f987aa271ebc00291cc4da18bddad09","status":0,"value":"https://www.easecentral.com/privacy/"}
COMMAND: POST http://127.0.0.1:4444/wd/hub/session/5f987aa271ebc00291cc4da18bddad09/element - {"using":"xpath","value":"//a[contains(text(),\"Privacy Policy\")]"}
RESULT: {"sessionId":"5f987aa271ebc00291cc4da18bddad09","status":0,"value":{"ELEMENT":"0.5265928791574588-1"}}
COMMAND: POST http://127.0.0.1:4444/wd/hub/session/5f987aa271ebc00291cc4da18bddad09/element/0.5265928791574588-1/click - {}
RESULT: {"sessionId":"5f987aa271ebc00291cc4da18bddad09","status":0,"value":null}
COMMAND: POST http://127.0.0.1:4444/wd/hub/session/5f987aa271ebc00291cc4da18bddad09/url - {"url":"https://www.easecentral.com/"}
RESULT: {"sessionId":"5f987aa271ebc00291cc4da18bddad09","status":0,"value":null}
COMMAND: POST http://127.0.0.1:4444/wd/hub/session/5f987aa271ebc00291cc4da18bddad09/element - {"using":"xpath","value":"//a[contains(text(),\"Terms of Service\")]"}
RESULT: {"sessionId":"5f987aa271ebc00291cc4da18bddad09","status":0,"value":{"ELEMENT":"0.08865537375225796-1"}}
COMMAND: GET http://127.0.0.1:4444/wd/hub/session/5f987aa271ebc00291cc4da18bddad09/element/0.08865537375225796-1/text - {}
RESULT: {"sessionId":"5f987aa271ebc00291cc4da18bddad09","status":0,"value":"Terms of Service"}
COMMAND: POST http://127.0.0.1:4444/wd/hub/session/5f987aa271ebc00291cc4da18bddad09/element - {"using":"xpath","value":"//a[contains(text(),\"Terms of Service\")]"}
RESULT: {"sessionId":"5f987aa271ebc00291cc4da18bddad09","status":0,"value":{"ELEMENT":"0.08865537375225796-1"}}
COMMAND: GET http://127.0.0.1:4444/wd/hub/session/5f987aa271ebc00291cc4da18bddad09/element/0.08865537375225796-1/attribute/href - {}
RESULT: {"sessionId":"5f987aa271ebc00291cc4da18bddad09","status":0,"value":"https://www.easecentral.com/terms/"}
COMMAND: POST http://127.0.0.1:4444/wd/hub/session/5f987aa271ebc00291cc4da18bddad09/element - {"using":"xpath","value":"//a[contains(text(),\"Terms of Service\")]"}
RESULT: {"sessionId":"5f987aa271ebc00291cc4da18bddad09","status":0,"value":{"ELEMENT":"0.08865537375225796-1"}}
COMMAND: POST http://127.0.0.1:4444/wd/hub/session/5f987aa271ebc00291cc4da18bddad09/element/0.08865537375225796-1/click - {}
RESULT: {"sessionId":"5f987aa271ebc00291cc4da18bddad09","status":0,"value":null}
COMMAND: POST http://127.0.0.1:4444/wd/hub/session/5f987aa271ebc00291cc4da18bddad09/url - {"url":"https://www.easecentral.com/"}
RESULT: {"sessionId":"5f987aa271ebc00291cc4da18bddad09","status":0,"value":null}
COMMAND: POST http://127.0.0.1:4444/wd/hub/session/5f987aa271ebc00291cc4da18bddad09/element - {"using":"xpath","value":"//a[contains(text(),\"Broker Blog\")]"}
RESULT: {"sessionId":"5f987aa271ebc00291cc4da18bddad09","status":0,"value":{"ELEMENT":"0.43194177204121154-1"}}
COMMAND: GET http://127.0.0.1:4444/wd/hub/session/5f987aa271ebc00291cc4da18bddad09/element/0.43194177204121154-1/text - {}
RESULT: {"sessionId":"5f987aa271ebc00291cc4da18bddad09","status":0,"value":"Broker Blog"}
COMMAND: POST http://127.0.0.1:4444/wd/hub/session/5f987aa271ebc00291cc4da18bddad09/element - {"using":"xpath","value":"//a[contains(text(),\"Broker Blog\")]"}
RESULT: {"sessionId":"5f987aa271ebc00291cc4da18bddad09","status":0,"value":{"ELEMENT":"0.43194177204121154-1"}}
COMMAND: GET http://127.0.0.1:4444/wd/hub/session/5f987aa271ebc00291cc4da18bddad09/element/0.43194177204121154-1/attribute/href - {}
RESULT: {"sessionId":"5f987aa271ebc00291cc4da18bddad09","status":0,"value":"http://blog.easecentral.com/category/broker-tool-belt/"}
COMMAND: POST http://127.0.0.1:4444/wd/hub/session/5f987aa271ebc00291cc4da18bddad09/element - {"using":"xpath","value":"//a[contains(text(),\"Broker Blog\")]"}
RESULT: {"sessionId":"5f987aa271ebc00291cc4da18bddad09","status":0,"value":{"ELEMENT":"0.43194177204121154-1"}}
COMMAND: POST http://127.0.0.1:4444/wd/hub/session/5f987aa271ebc00291cc4da18bddad09/element/0.43194177204121154-1/click - {}
RESULT: {"sessionId":"5f987aa271ebc00291cc4da18bddad09","status":0,"value":null}
COMMAND: POST http://127.0.0.1:4444/wd/hub/session/5f987aa271ebc00291cc4da18bddad09/url - {"url":"https://www.easecentral.com/"}
RESULT: {"sessionId":"5f987aa271ebc00291cc4da18bddad09","status":0,"value":null}
COMMAND: POST http://127.0.0.1:4444/wd/hub/session/5f987aa271ebc00291cc4da18bddad09/element - {"using":"xpath","value":"//a[contains(text(),\"Best Benefits Software\")]"}
RESULT: {"sessionId":"5f987aa271ebc00291cc4da18bddad09","status":0,"value":{"ELEMENT":"0.8180667183977064-1"}}
COMMAND: GET http://127.0.0.1:4444/wd/hub/session/5f987aa271ebc00291cc4da18bddad09/element/0.8180667183977064-1/text - {}
RESULT: {"sessionId":"5f987aa271ebc00291cc4da18bddad09","status":0,"value":"Best Benefits Software"}
COMMAND: POST http://127.0.0.1:4444/wd/hub/session/5f987aa271ebc00291cc4da18bddad09/element - {"using":"xpath","value":"//a[contains(text(),\"Best Benefits Software\")]"}
RESULT: {"sessionId":"5f987aa271ebc00291cc4da18bddad09","status":0,"value":{"ELEMENT":"0.8180667183977064-1"}}
COMMAND: GET http://127.0.0.1:4444/wd/hub/session/5f987aa271ebc00291cc4da18bddad09/element/0.8180667183977064-1/attribute/href - {}
RESULT: {"sessionId":"5f987aa271ebc00291cc4da18bddad09","status":0,"value":"https://www.easecentral.com/best-benefits-administration-software-for-brokers/"}
COMMAND: POST http://127.0.0.1:4444/wd/hub/session/5f987aa271ebc00291cc4da18bddad09/element - {"using":"xpath","value":"//a[contains(text(),\"Best Benefits Software\")]"}
RESULT: {"sessionId":"5f987aa271ebc00291cc4da18bddad09","status":0,"value":{"ELEMENT":"0.8180667183977064-1"}}
COMMAND: POST http://127.0.0.1:4444/wd/hub/session/5f987aa271ebc00291cc4da18bddad09/element/0.8180667183977064-1/click - {}
RESULT: {"sessionId":"5f987aa271ebc00291cc4da18bddad09","status":0,"value":null}
COMMAND: POST http://127.0.0.1:4444/wd/hub/session/5f987aa271ebc00291cc4da18bddad09/url - {"url":"https://www.easecentral.com/"}
RESULT: {"sessionId":"5f987aa271ebc00291cc4da18bddad09","status":0,"value":null}
COMMAND: POST http://127.0.0.1:4444/wd/hub/session/5f987aa271ebc00291cc4da18bddad09/element - {"using":"xpath","value":"//a[contains(text(),\"Help Desk\")]"}
RESULT: {"sessionId":"5f987aa271ebc00291cc4da18bddad09","status":0,"value":{"ELEMENT":"0.9584734911991426-1"}}
COMMAND: GET http://127.0.0.1:4444/wd/hub/session/5f987aa271ebc00291cc4da18bddad09/element/0.9584734911991426-1/text - {}
RESULT: {"sessionId":"5f987aa271ebc00291cc4da18bddad09","status":0,"value":"Help Desk"}
COMMAND: POST http://127.0.0.1:4444/wd/hub/session/5f987aa271ebc00291cc4da18bddad09/element - {"using":"xpath","value":"//a[contains(text(),\"Help Desk\")]"}
RESULT: {"sessionId":"5f987aa271ebc00291cc4da18bddad09","status":0,"value":{"ELEMENT":"0.9584734911991426-1"}}
COMMAND: GET http://127.0.0.1:4444/wd/hub/session/5f987aa271ebc00291cc4da18bddad09/element/0.9584734911991426-1/attribute/href - {}
RESULT: {"sessionId":"5f987aa271ebc00291cc4da18bddad09","status":0,"value":"https://support.easecentral.com/support/home"}
COMMAND: POST http://127.0.0.1:4444/wd/hub/session/5f987aa271ebc00291cc4da18bddad09/element - {"using":"xpath","value":"//a[contains(text(),\"Help Desk\")]"}
RESULT: {"sessionId":"5f987aa271ebc00291cc4da18bddad09","status":0,"value":{"ELEMENT":"0.9584734911991426-1"}}
COMMAND: POST http://127.0.0.1:4444/wd/hub/session/5f987aa271ebc00291cc4da18bddad09/element/0.9584734911991426-1/click - {}
RESULT: {"sessionId":"5f987aa271ebc00291cc4da18bddad09","status":0,"value":null}
COMMAND: POST http://127.0.0.1:4444/wd/hub/session/5f987aa271ebc00291cc4da18bddad09/url - {"url":"https://www.easecentral.com/"}
RESULT: {"sessionId":"5f987aa271ebc00291cc4da18bddad09","status":0,"value":null}
COMMAND: POST http://127.0.0.1:4444/wd/hub/session/5f987aa271ebc00291cc4da18bddad09/element - {"using":"xpath","value":"//a[contains(text(),\"Press\")]"}
RESULT: {"sessionId":"5f987aa271ebc00291cc4da18bddad09","status":0,"value":{"ELEMENT":"0.21620312155107646-1"}}
COMMAND: GET http://127.0.0.1:4444/wd/hub/session/5f987aa271ebc00291cc4da18bddad09/element/0.21620312155107646-1/text - {}
RESULT: {"sessionId":"5f987aa271ebc00291cc4da18bddad09","status":0,"value":"Press"}
COMMAND: POST http://127.0.0.1:4444/wd/hub/session/5f987aa271ebc00291cc4da18bddad09/element - {"using":"xpath","value":"//a[contains(text(),\"Press\")]"}
RESULT: {"sessionId":"5f987aa271ebc00291cc4da18bddad09","status":0,"value":{"ELEMENT":"0.21620312155107646-1"}}
COMMAND: GET http://127.0.0.1:4444/wd/hub/session/5f987aa271ebc00291cc4da18bddad09/element/0.21620312155107646-1/attribute/href - {}
RESULT: {"sessionId":"5f987aa271ebc00291cc4da18bddad09","status":0,"value":"http://blog.easecentral.com/category/news/"}
COMMAND: POST http://127.0.0.1:4444/wd/hub/session/5f987aa271ebc00291cc4da18bddad09/element - {"using":"xpath","value":"//a[contains(text(),\"Press\")]"}
RESULT: {"sessionId":"5f987aa271ebc00291cc4da18bddad09","status":0,"value":{"ELEMENT":"0.21620312155107646-1"}}
COMMAND: POST http://127.0.0.1:4444/wd/hub/session/5f987aa271ebc00291cc4da18bddad09/element/0.21620312155107646-1/click - {}
RESULT: {"sessionId":"5f987aa271ebc00291cc4da18bddad09","status":0,"value":null}
COMMAND: POST http://127.0.0.1:4444/wd/hub/session/5f987aa271ebc00291cc4da18bddad09/url - {"url":"https://www.easecentral.com/"}
RESULT: {"sessionId":"5f987aa271ebc00291cc4da18bddad09","status":0,"value":null}
COMMAND: POST http://127.0.0.1:4444/wd/hub/session/5f987aa271ebc00291cc4da18bddad09/element - {"using":"xpath","value":"//*[@id=\"header\"]/div/div/div/div/div[1]/div/a[5]"}
RESULT: {"sessionId":"5f987aa271ebc00291cc4da18bddad09","status":0,"value":{"ELEMENT":"0.4908385760759759-1"}}
COMMAND: GET http://127.0.0.1:4444/wd/hub/session/5f987aa271ebc00291cc4da18bddad09/element/0.4908385760759759-1/text - {}
RESULT: {"sessionId":"5f987aa271ebc00291cc4da18bddad09","status":0,"value":"LOGIN"}
COMMAND: POST http://127.0.0.1:4444/wd/hub/session/5f987aa271ebc00291cc4da18bddad09/element - {"using":"xpath","value":"//*[@id=\"header\"]/div/div/div/div/div[1]/div/a[5]"}
RESULT: {"sessionId":"5f987aa271ebc00291cc4da18bddad09","status":0,"value":{"ELEMENT":"0.4908385760759759-1"}}
COMMAND: POST http://127.0.0.1:4444/wd/hub/session/5f987aa271ebc00291cc4da18bddad09/element/0.4908385760759759-1/click - {}
RESULT: {"sessionId":"5f987aa271ebc00291cc4da18bddad09","status":0,"value":null}
COMMAND: POST http://127.0.0.1:4444/wd/hub/session/5f987aa271ebc00291cc4da18bddad09/url - {"url":"https://www.easecentral.com/"}
RESULT: {"sessionId":"5f987aa271ebc00291cc4da18bddad09","status":0,"value":null}
COMMAND: POST http://127.0.0.1:4444/wd/hub/session/5f987aa271ebc00291cc4da18bddad09/element - {"using":"xpath","value":"//a[contains(text(),\"Sign Up\")]"}
RESULT: {"sessionId":"5f987aa271ebc00291cc4da18bddad09","status":0,"value":{"ELEMENT":"0.6877593220575944-1"}}
COMMAND: GET http://127.0.0.1:4444/wd/hub/session/5f987aa271ebc00291cc4da18bddad09/element/0.6877593220575944-1/text - {}
RESULT: {"sessionId":"5f987aa271ebc00291cc4da18bddad09","status":0,"value":"Sign Up"}
COMMAND: POST http://127.0.0.1:4444/wd/hub/session/5f987aa271ebc00291cc4da18bddad09/element - {"using":"xpath","value":"//a[contains(text(),\"Sign Up\")]"}
RESULT: {"sessionId":"5f987aa271ebc00291cc4da18bddad09","status":0,"value":{"ELEMENT":"0.6877593220575944-1"}}
COMMAND: POST http://127.0.0.1:4444/wd/hub/session/5f987aa271ebc00291cc4da18bddad09/element/0.6877593220575944-1/click - {}
RESULT: {"sessionId":"5f987aa271ebc00291cc4da18bddad09","status":0,"value":null}
COMMAND: POST http://127.0.0.1:4444/wd/hub/session/5f987aa271ebc00291cc4da18bddad09/url - {"url":"https://www.easecentral.com/"}
RESULT: {"sessionId":"5f987aa271ebc00291cc4da18bddad09","status":0,"value":null}
]]>
      </system-out>
    </testcase>
    <testcase classname="headless.mac.Home" name="test_that_the_Get_Demo_modal_is_usable" time="6.94">
      <system-out>
        <![CDATA[
COMMAND: POST http://127.0.0.1:4444/wd/hub/session/5f987aa271ebc00291cc4da18bddad09/element - {"using":"css selector","value":"button.css-12nbrge"}
RESULT: {"sessionId":"5f987aa271ebc00291cc4da18bddad09","status":0,"value":{"ELEMENT":"0.6752774441799876-1"}}
COMMAND: POST http://127.0.0.1:4444/wd/hub/session/5f987aa271ebc00291cc4da18bddad09/element/0.6752774441799876-1/click - {}
RESULT: {"sessionId":"5f987aa271ebc00291cc4da18bddad09","status":0,"value":null}
COMMAND: POST http://127.0.0.1:4444/wd/hub/session/5f987aa271ebc00291cc4da18bddad09/element - {"using":"css selector","value":".css-k12d22"}
RESULT: {"sessionId":"5f987aa271ebc00291cc4da18bddad09","status":0,"value":{"ELEMENT":"0.6752774441799876-2"}}
COMMAND: GET http://127.0.0.1:4444/wd/hub/session/5f987aa271ebc00291cc4da18bddad09/element/0.6752774441799876-2/text - {}
RESULT: {"sessionId":"5f987aa271ebc00291cc4da18bddad09","status":0,"value":"Request an EaseCentral demo"}
COMMAND: POST http://127.0.0.1:4444/wd/hub/session/5f987aa271ebc00291cc4da18bddad09/element - {"using":"css selector","value":"input[name=\"email\"]"}
RESULT: {"sessionId":"5f987aa271ebc00291cc4da18bddad09","status":0,"value":{"ELEMENT":"0.6752774441799876-3"}}
COMMAND: POST http://127.0.0.1:4444/wd/hub/session/5f987aa271ebc00291cc4da18bddad09/elements - {"using":"css selector","value":"input[name=\"email\"]"}
RESULT: {"sessionId":"5f987aa271ebc00291cc4da18bddad09","status":0,"value":[{"ELEMENT":"0.6752774441799876-3"}]}
COMMAND: POST http://127.0.0.1:4444/wd/hub/session/5f987aa271ebc00291cc4da18bddad09/element/0.6752774441799876-3/clear - {}
RESULT: {"sessionId":"5f987aa271ebc00291cc4da18bddad09","status":0,"value":null}
COMMAND: POST http://127.0.0.1:4444/wd/hub/session/5f987aa271ebc00291cc4da18bddad09/element/0.6752774441799876-3/value - {"value":["Y","o","l","a","n","d","a","_","S","c","(18 more items)"],"text":"Yolanda_Schulist@hotmail.com"}
RESULT: {"sessionId":"5f987aa271ebc00291cc4da18bddad09","status":0,"value":null}
COMMAND: POST http://127.0.0.1:4444/wd/hub/session/5f987aa271ebc00291cc4da18bddad09/element - {"using":"css selector","value":"input[name=\"firstName\"]"}
RESULT: {"sessionId":"5f987aa271ebc00291cc4da18bddad09","status":0,"value":{"ELEMENT":"0.6752774441799876-4"}}
COMMAND: POST http://127.0.0.1:4444/wd/hub/session/5f987aa271ebc00291cc4da18bddad09/elements - {"using":"css selector","value":"input[name=\"firstName\"]"}
RESULT: {"sessionId":"5f987aa271ebc00291cc4da18bddad09","status":0,"value":[{"ELEMENT":"0.6752774441799876-4"}]}
COMMAND: POST http://127.0.0.1:4444/wd/hub/session/5f987aa271ebc00291cc4da18bddad09/element/0.6752774441799876-4/clear - {}
RESULT: {"sessionId":"5f987aa271ebc00291cc4da18bddad09","status":0,"value":null}
COMMAND: POST http://127.0.0.1:4444/wd/hub/session/5f987aa271ebc00291cc4da18bddad09/element/0.6752774441799876-4/value - {"value":["G","e","r","m","a","n"],"text":"German"}
RESULT: {"sessionId":"5f987aa271ebc00291cc4da18bddad09","status":0,"value":null}
COMMAND: POST http://127.0.0.1:4444/wd/hub/session/5f987aa271ebc00291cc4da18bddad09/element - {"using":"css selector","value":"input[name=\"lastName\"]"}
RESULT: {"sessionId":"5f987aa271ebc00291cc4da18bddad09","status":0,"value":{"ELEMENT":"0.6752774441799876-5"}}
COMMAND: POST http://127.0.0.1:4444/wd/hub/session/5f987aa271ebc00291cc4da18bddad09/elements - {"using":"css selector","value":"input[name=\"lastName\"]"}
RESULT: {"sessionId":"5f987aa271ebc00291cc4da18bddad09","status":0,"value":[{"ELEMENT":"0.6752774441799876-5"}]}
COMMAND: POST http://127.0.0.1:4444/wd/hub/session/5f987aa271ebc00291cc4da18bddad09/element/0.6752774441799876-5/clear - {}
RESULT: {"sessionId":"5f987aa271ebc00291cc4da18bddad09","status":0,"value":null}
COMMAND: POST http://127.0.0.1:4444/wd/hub/session/5f987aa271ebc00291cc4da18bddad09/element/0.6752774441799876-5/value - {"value":["Z","i","e","m","e"],"text":"Zieme"}
RESULT: {"sessionId":"5f987aa271ebc00291cc4da18bddad09","status":0,"value":null}
COMMAND: POST http://127.0.0.1:4444/wd/hub/session/5f987aa271ebc00291cc4da18bddad09/element - {"using":"css selector","value":"input[name=\"company\"]"}
RESULT: {"sessionId":"5f987aa271ebc00291cc4da18bddad09","status":0,"value":{"ELEMENT":"0.6752774441799876-6"}}
COMMAND: POST http://127.0.0.1:4444/wd/hub/session/5f987aa271ebc00291cc4da18bddad09/elements - {"using":"css selector","value":"input[name=\"company\"]"}
RESULT: {"sessionId":"5f987aa271ebc00291cc4da18bddad09","status":0,"value":[{"ELEMENT":"0.6752774441799876-6"}]}
COMMAND: POST http://127.0.0.1:4444/wd/hub/session/5f987aa271ebc00291cc4da18bddad09/element/0.6752774441799876-6/clear - {}
RESULT: {"sessionId":"5f987aa271ebc00291cc4da18bddad09","status":0,"value":null}
COMMAND: POST http://127.0.0.1:4444/wd/hub/session/5f987aa271ebc00291cc4da18bddad09/element/0.6752774441799876-6/value - {"value":["S","i","p","e","s"," ","-"," ","B","a","(3 more items)"],"text":"Sipes - Bayer"}
RESULT: {"sessionId":"5f987aa271ebc00291cc4da18bddad09","status":0,"value":null}
COMMAND: POST http://127.0.0.1:4444/wd/hub/session/5f987aa271ebc00291cc4da18bddad09/element - {"using":"css selector","value":"input[name=\"phone\"]"}
RESULT: {"sessionId":"5f987aa271ebc00291cc4da18bddad09","status":0,"value":{"ELEMENT":"0.6752774441799876-7"}}
COMMAND: POST http://127.0.0.1:4444/wd/hub/session/5f987aa271ebc00291cc4da18bddad09/elements - {"using":"css selector","value":"input[name=\"phone\"]"}
RESULT: {"sessionId":"5f987aa271ebc00291cc4da18bddad09","status":0,"value":[{"ELEMENT":"0.6752774441799876-7"}]}
COMMAND: POST http://127.0.0.1:4444/wd/hub/session/5f987aa271ebc00291cc4da18bddad09/element/0.6752774441799876-7/clear - {}
RESULT: {"sessionId":"5f987aa271ebc00291cc4da18bddad09","status":0,"value":null}
COMMAND: POST http://127.0.0.1:4444/wd/hub/session/5f987aa271ebc00291cc4da18bddad09/element/0.6752774441799876-7/value - {"value":["1","-","2","8","4","-","3","7","6","-","(9 more items)"],"text":"1-284-376-2504 x968"}
RESULT: {"sessionId":"5f987aa271ebc00291cc4da18bddad09","status":0,"value":null}
COMMAND: POST http://127.0.0.1:4444/wd/hub/session/5f987aa271ebc00291cc4da18bddad09/element - {"using":"css selector","value":"button.css-13i7nzy > svg"}
RESULT: {"sessionId":"5f987aa271ebc00291cc4da18bddad09","status":0,"value":{"ELEMENT":"0.6752774441799876-8"}}
COMMAND: POST http://127.0.0.1:4444/wd/hub/session/5f987aa271ebc00291cc4da18bddad09/element/0.6752774441799876-8/click - {}
RESULT: {"sessionId":"5f987aa271ebc00291cc4da18bddad09","status":0,"value":null}
]]>
      </system-out>
    </testcase>
    <testcase classname="headless.mac.Home" name="test_that_the_video_modal_displays" time="13.916">
      <system-out>
        <![CDATA[
COMMAND: POST http://127.0.0.1:4444/wd/hub/session/5f987aa271ebc00291cc4da18bddad09/execute - {"script":"return (function scroll(x, y) {\n    return window.scrollTo(x, y);\n}).apply(null, arguments)","args":[0,0]}
RESULT: {"sessionId":"5f987aa271ebc00291cc4da18bddad09","status":0,"value":null}
COMMAND: POST http://127.0.0.1:4444/wd/hub/session/5f987aa271ebc00291cc4da18bddad09/url - {"url":"https://www.easecentral.com/"}
RESULT: {"sessionId":"5f987aa271ebc00291cc4da18bddad09","status":0,"value":null}
COMMAND: POST http://127.0.0.1:4444/wd/hub/session/5f987aa271ebc00291cc4da18bddad09/element - {"using":"css selector","value":"button.css-11y5mo2"}
RESULT: {"sessionId":"5f987aa271ebc00291cc4da18bddad09","status":0,"value":{"ELEMENT":"0.500596583276838-1"}}
COMMAND: GET http://127.0.0.1:4444/wd/hub/session/5f987aa271ebc00291cc4da18bddad09/element/0.500596583276838-1/text - {}
RESULT: {"sessionId":"5f987aa271ebc00291cc4da18bddad09","status":0,"value":"Watch Video"}
COMMAND: POST http://127.0.0.1:4444/wd/hub/session/5f987aa271ebc00291cc4da18bddad09/element - {"using":"css selector","value":"button.css-11y5mo2"}
RESULT: {"sessionId":"5f987aa271ebc00291cc4da18bddad09","status":0,"value":{"ELEMENT":"0.500596583276838-1"}}
COMMAND: POST http://127.0.0.1:4444/wd/hub/session/5f987aa271ebc00291cc4da18bddad09/element/0.500596583276838-1/click - {}
RESULT: {"sessionId":"5f987aa271ebc00291cc4da18bddad09","status":0,"value":null}
COMMAND: POST http://127.0.0.1:4444/wd/hub/session/5f987aa271ebc00291cc4da18bddad09/element - {"using":"css selector","value":"button.vidyard_tclose"}
RESULT: {"sessionId":"5f987aa271ebc00291cc4da18bddad09","status":0,"value":{"ELEMENT":"0.500596583276838-2"}}
COMMAND: POST http://127.0.0.1:4444/wd/hub/session/5f987aa271ebc00291cc4da18bddad09/element/0.500596583276838-2/click - {}
RESULT: {"sessionId":"5f987aa271ebc00291cc4da18bddad09","status":0,"value":null}
COMMAND: DELETE http://127.0.0.1:4444/wd/hub/session/5f987aa271ebc00291cc4da18bddad09 - {}
RESULT: {"sessionId":"5f987aa271ebc00291cc4da18bddad09","status":0,"value":null}
]]>
      </system-out>
    </testcase>
  </testsuite>
</testsuites>